[2024-05-26T08:32:50.272+0000] {taskinstance.py:1956} INFO - Dependencies all met for dep_context=non-requeueable deps ti=<TaskInstance: json2sql_dag.process_data_task manual__2024-05-26T08:32:47.271698+00:00 [queued]>
[2024-05-26T08:32:50.275+0000] {taskinstance.py:1956} INFO - Dependencies all met for dep_context=requeueable deps ti=<TaskInstance: json2sql_dag.process_data_task manual__2024-05-26T08:32:47.271698+00:00 [queued]>
[2024-05-26T08:32:50.275+0000] {taskinstance.py:2170} INFO - Starting attempt 1 of 1
[2024-05-26T08:32:50.281+0000] {taskinstance.py:2191} INFO - Executing <Task(PythonOperator): process_data_task> on 2024-05-26 08:32:47.271698+00:00
[2024-05-26T08:32:50.287+0000] {standard_task_runner.py:60} INFO - Started process 356 to run task
[2024-05-26T08:32:50.289+0000] {standard_task_runner.py:87} INFO - Running: ['***', 'tasks', 'run', 'json2sql_dag', 'process_data_task', 'manual__2024-05-26T08:32:47.271698+00:00', '--job-id', '2295', '--raw', '--subdir', 'DAGS_FOLDER/json2sql_dag.py', '--cfg-path', '/tmp/tmpf928ginw']
[2024-05-26T08:32:50.290+0000] {standard_task_runner.py:88} INFO - Job 2295: Subtask process_data_task
[2024-05-26T08:32:50.297+0000] {warnings.py:109} WARNING - /home/***/.local/lib/python3.8/site-packages/***/settings.py:194: DeprecationWarning: The sql_alchemy_conn option in [core] has been moved to the sql_alchemy_conn option in [database] - the old setting has been used, but please update your config.
  SQL_ALCHEMY_CONN = conf.get("database", "SQL_ALCHEMY_CONN")

[2024-05-26T08:32:50.312+0000] {task_command.py:423} INFO - Running <TaskInstance: json2sql_dag.process_data_task manual__2024-05-26T08:32:47.271698+00:00 [running]> on host d904a9488f34
[2024-05-26T08:32:50.344+0000] {taskinstance.py:2480} INFO - Exporting env vars: AIRFLOW_CTX_DAG_OWNER='***' AIRFLOW_CTX_DAG_ID='json2sql_dag' AIRFLOW_CTX_TASK_ID='process_data_task' AIRFLOW_CTX_EXECUTION_DATE='2024-05-26T08:32:47.271698+00:00' AIRFLOW_CTX_TRY_NUMBER='1' AIRFLOW_CTX_DAG_RUN_ID='manual__2024-05-26T08:32:47.271698+00:00'
[2024-05-26T08:32:50.349+0000] {json2sql_dag.py:87} INFO - Processing JSON file: data_20240526_002920.json
[2024-05-26T08:32:50.359+0000] {json2sql_dag.py:109} ERROR - Error decoding JSON file data_20240526_002920.json: Extra data: line 1 column 902937 (char 902936)
[2024-05-26T08:32:50.360+0000] {json2sql_dag.py:87} INFO - Processing JSON file: data_20240526_003004.json
[2024-05-26T08:32:50.367+0000] {json2sql_dag.py:91} INFO - Processing data...
[2024-05-26T08:32:50.368+0000] {json2sql_dag.py:87} INFO - Processing JSON file: data_20240526_003602.json
[2024-05-26T08:32:50.375+0000] {json2sql_dag.py:91} INFO - Processing data...
[2024-05-26T08:32:50.376+0000] {json2sql_dag.py:87} INFO - Processing JSON file: data_20240526_003803.json
[2024-05-26T08:32:50.383+0000] {json2sql_dag.py:91} INFO - Processing data...
[2024-05-26T08:32:50.384+0000] {json2sql_dag.py:87} INFO - Processing JSON file: data_20240526_004003.json
[2024-05-26T08:32:50.391+0000] {json2sql_dag.py:91} INFO - Processing data...
[2024-05-26T08:32:50.392+0000] {json2sql_dag.py:87} INFO - Processing JSON file: data_20240526_004204.json
[2024-05-26T08:32:50.399+0000] {json2sql_dag.py:91} INFO - Processing data...
[2024-05-26T08:32:50.400+0000] {json2sql_dag.py:87} INFO - Processing JSON file: data_20240526_004352.json
[2024-05-26T08:32:50.407+0000] {json2sql_dag.py:91} INFO - Processing data...
[2024-05-26T08:32:50.408+0000] {json2sql_dag.py:87} INFO - Processing JSON file: data_20240526_004402.json
[2024-05-26T08:32:50.551+0000] {json2sql_dag.py:91} INFO - Processing data...
[2024-05-26T08:32:50.554+0000] {json2sql_dag.py:87} INFO - Processing JSON file: data_20240526_004803.json
[2024-05-26T08:32:50.561+0000] {json2sql_dag.py:91} INFO - Processing data...
[2024-05-26T08:32:50.562+0000] {json2sql_dag.py:87} INFO - Processing JSON file: data_20240526_005003.json
[2024-05-26T08:32:50.569+0000] {json2sql_dag.py:91} INFO - Processing data...
[2024-05-26T08:32:50.570+0000] {json2sql_dag.py:87} INFO - Processing JSON file: data_20240526_005203.json
[2024-05-26T08:32:50.577+0000] {json2sql_dag.py:91} INFO - Processing data...
[2024-05-26T08:32:50.579+0000] {json2sql_dag.py:87} INFO - Processing JSON file: data_20240526_005403.json
[2024-05-26T08:32:50.586+0000] {json2sql_dag.py:91} INFO - Processing data...
[2024-05-26T08:32:50.587+0000] {json2sql_dag.py:87} INFO - Processing JSON file: data_20240526_005603.json
[2024-05-26T08:32:50.595+0000] {json2sql_dag.py:91} INFO - Processing data...
[2024-05-26T08:32:50.597+0000] {json2sql_dag.py:87} INFO - Processing JSON file: data_20240526_005803.json
[2024-05-26T08:32:50.604+0000] {json2sql_dag.py:91} INFO - Processing data...
[2024-05-26T08:32:50.605+0000] {json2sql_dag.py:87} INFO - Processing JSON file: data_20240526_010004.json
[2024-05-26T08:32:50.613+0000] {json2sql_dag.py:91} INFO - Processing data...
[2024-05-26T08:32:50.614+0000] {json2sql_dag.py:87} INFO - Processing JSON file: data_20240526_010203.json
[2024-05-26T08:32:50.621+0000] {json2sql_dag.py:91} INFO - Processing data...
[2024-05-26T08:32:50.623+0000] {json2sql_dag.py:87} INFO - Processing JSON file: data_20240526_010403.json
[2024-05-26T08:32:50.630+0000] {json2sql_dag.py:91} INFO - Processing data...
[2024-05-26T08:32:50.632+0000] {json2sql_dag.py:87} INFO - Processing JSON file: data_20240526_010603.json
[2024-05-26T08:32:50.640+0000] {json2sql_dag.py:91} INFO - Processing data...
[2024-05-26T08:32:50.641+0000] {json2sql_dag.py:87} INFO - Processing JSON file: data_20240526_010803.json
[2024-05-26T08:32:50.648+0000] {json2sql_dag.py:91} INFO - Processing data...
[2024-05-26T08:32:50.650+0000] {json2sql_dag.py:87} INFO - Processing JSON file: data_20240526_011003.json
[2024-05-26T08:32:50.772+0000] {json2sql_dag.py:91} INFO - Processing data...
[2024-05-26T08:32:50.774+0000] {json2sql_dag.py:87} INFO - Processing JSON file: data_20240526_011204.json
[2024-05-26T08:32:50.783+0000] {json2sql_dag.py:91} INFO - Processing data...
[2024-05-26T08:32:50.785+0000] {json2sql_dag.py:87} INFO - Processing JSON file: data_20240526_011403.json
[2024-05-26T08:32:50.792+0000] {json2sql_dag.py:91} INFO - Processing data...
[2024-05-26T08:32:50.794+0000] {json2sql_dag.py:87} INFO - Processing JSON file: data_20240526_011603.json
[2024-05-26T08:32:50.801+0000] {json2sql_dag.py:91} INFO - Processing data...
[2024-05-26T08:32:50.803+0000] {json2sql_dag.py:87} INFO - Processing JSON file: data_20240526_011803.json
[2024-05-26T08:32:50.810+0000] {json2sql_dag.py:91} INFO - Processing data...
[2024-05-26T08:32:50.812+0000] {json2sql_dag.py:87} INFO - Processing JSON file: data_20240526_012003.json
[2024-05-26T08:32:50.819+0000] {json2sql_dag.py:91} INFO - Processing data...
[2024-05-26T08:32:50.821+0000] {json2sql_dag.py:87} INFO - Processing JSON file: data_20240526_012203.json
[2024-05-26T08:32:50.828+0000] {json2sql_dag.py:91} INFO - Processing data...
[2024-05-26T08:32:50.829+0000] {json2sql_dag.py:87} INFO - Processing JSON file: data_20240526_012403.json
[2024-05-26T08:32:50.837+0000] {json2sql_dag.py:91} INFO - Processing data...
[2024-05-26T08:32:50.838+0000] {json2sql_dag.py:87} INFO - Processing JSON file: data_20240526_012603.json
[2024-05-26T08:32:50.845+0000] {json2sql_dag.py:91} INFO - Processing data...
[2024-05-26T08:32:50.847+0000] {json2sql_dag.py:87} INFO - Processing JSON file: data_20240526_012803.json
[2024-05-26T08:32:50.855+0000] {json2sql_dag.py:91} INFO - Processing data...
[2024-05-26T08:32:50.856+0000] {json2sql_dag.py:87} INFO - Processing JSON file: data_20240526_013003.json
[2024-05-26T08:32:50.863+0000] {json2sql_dag.py:91} INFO - Processing data...
[2024-05-26T08:32:50.864+0000] {json2sql_dag.py:87} INFO - Processing JSON file: data_20240526_013203.json
[2024-05-26T08:32:50.871+0000] {json2sql_dag.py:91} INFO - Processing data...
[2024-05-26T08:32:50.873+0000] {json2sql_dag.py:87} INFO - Processing JSON file: data_20240526_013402.json
[2024-05-26T08:32:50.993+0000] {json2sql_dag.py:91} INFO - Processing data...
[2024-05-26T08:32:50.995+0000] {json2sql_dag.py:87} INFO - Processing JSON file: data_20240526_013603.json
[2024-05-26T08:32:51.003+0000] {json2sql_dag.py:91} INFO - Processing data...
[2024-05-26T08:32:51.004+0000] {json2sql_dag.py:87} INFO - Processing JSON file: data_20240526_013804.json
[2024-05-26T08:32:51.011+0000] {json2sql_dag.py:91} INFO - Processing data...
[2024-05-26T08:32:51.013+0000] {json2sql_dag.py:87} INFO - Processing JSON file: data_20240526_014003.json
[2024-05-26T08:32:51.020+0000] {json2sql_dag.py:91} INFO - Processing data...
[2024-05-26T08:32:51.022+0000] {json2sql_dag.py:87} INFO - Processing JSON file: data_20240526_014203.json
[2024-05-26T08:32:51.029+0000] {json2sql_dag.py:91} INFO - Processing data...
[2024-05-26T08:32:51.031+0000] {json2sql_dag.py:87} INFO - Processing JSON file: data_20240526_014403.json
[2024-05-26T08:32:51.038+0000] {json2sql_dag.py:91} INFO - Processing data...
[2024-05-26T08:32:51.040+0000] {json2sql_dag.py:87} INFO - Processing JSON file: data_20240526_014603.json
[2024-05-26T08:32:51.048+0000] {json2sql_dag.py:91} INFO - Processing data...
[2024-05-26T08:32:51.050+0000] {json2sql_dag.py:87} INFO - Processing JSON file: data_20240526_014802.json
[2024-05-26T08:32:51.057+0000] {json2sql_dag.py:91} INFO - Processing data...
[2024-05-26T08:32:51.058+0000] {json2sql_dag.py:87} INFO - Processing JSON file: data_20240526_015003.json
[2024-05-26T08:32:51.065+0000] {json2sql_dag.py:91} INFO - Processing data...
[2024-05-26T08:32:51.067+0000] {json2sql_dag.py:87} INFO - Processing JSON file: data_20240526_015203.json
[2024-05-26T08:32:51.073+0000] {json2sql_dag.py:91} INFO - Processing data...
[2024-05-26T08:32:51.075+0000] {json2sql_dag.py:87} INFO - Processing JSON file: data_20240526_015403.json
[2024-05-26T08:32:51.082+0000] {json2sql_dag.py:91} INFO - Processing data...
[2024-05-26T08:32:51.083+0000] {json2sql_dag.py:87} INFO - Processing JSON file: data_20240526_015603.json
[2024-05-26T08:32:51.090+0000] {json2sql_dag.py:91} INFO - Processing data...
[2024-05-26T08:32:51.091+0000] {json2sql_dag.py:87} INFO - Processing JSON file: data_20240526_015802.json
[2024-05-26T08:32:51.213+0000] {json2sql_dag.py:91} INFO - Processing data...
[2024-05-26T08:32:51.216+0000] {json2sql_dag.py:87} INFO - Processing JSON file: data_20240526_020004.json
[2024-05-26T08:32:51.223+0000] {json2sql_dag.py:91} INFO - Processing data...
[2024-05-26T08:32:51.225+0000] {json2sql_dag.py:87} INFO - Processing JSON file: data_20240526_020203.json
[2024-05-26T08:32:51.232+0000] {json2sql_dag.py:91} INFO - Processing data...
[2024-05-26T08:32:51.234+0000] {json2sql_dag.py:87} INFO - Processing JSON file: data_20240526_020404.json
[2024-05-26T08:32:51.240+0000] {json2sql_dag.py:91} INFO - Processing data...
[2024-05-26T08:32:51.242+0000] {json2sql_dag.py:87} INFO - Processing JSON file: data_20240526_020603.json
[2024-05-26T08:32:51.249+0000] {json2sql_dag.py:91} INFO - Processing data...
[2024-05-26T08:32:51.251+0000] {json2sql_dag.py:87} INFO - Processing JSON file: data_20240526_020803.json
[2024-05-26T08:32:51.258+0000] {json2sql_dag.py:91} INFO - Processing data...
[2024-05-26T08:32:51.259+0000] {json2sql_dag.py:87} INFO - Processing JSON file: data_20240526_021003.json
[2024-05-26T08:32:51.266+0000] {json2sql_dag.py:91} INFO - Processing data...
[2024-05-26T08:32:51.267+0000] {json2sql_dag.py:87} INFO - Processing JSON file: data_20240526_021202.json
[2024-05-26T08:32:51.274+0000] {json2sql_dag.py:91} INFO - Processing data...
[2024-05-26T08:32:51.276+0000] {json2sql_dag.py:87} INFO - Processing JSON file: data_20240526_021403.json
[2024-05-26T08:32:51.283+0000] {json2sql_dag.py:91} INFO - Processing data...
[2024-05-26T08:32:51.284+0000] {json2sql_dag.py:87} INFO - Processing JSON file: data_20240526_021602.json
[2024-05-26T08:32:51.291+0000] {json2sql_dag.py:91} INFO - Processing data...
[2024-05-26T08:32:51.293+0000] {json2sql_dag.py:87} INFO - Processing JSON file: data_20240526_021803.json
[2024-05-26T08:32:51.300+0000] {json2sql_dag.py:91} INFO - Processing data...
[2024-05-26T08:32:51.301+0000] {json2sql_dag.py:87} INFO - Processing JSON file: data_20240526_022003.json
[2024-05-26T08:32:51.308+0000] {json2sql_dag.py:91} INFO - Processing data...
[2024-05-26T08:32:51.310+0000] {json2sql_dag.py:87} INFO - Processing JSON file: data_20240526_022202.json
[2024-05-26T08:32:51.428+0000] {json2sql_dag.py:91} INFO - Processing data...
[2024-05-26T08:32:51.431+0000] {json2sql_dag.py:87} INFO - Processing JSON file: data_20240526_022403.json
[2024-05-26T08:32:51.438+0000] {json2sql_dag.py:91} INFO - Processing data...
[2024-05-26T08:32:51.439+0000] {json2sql_dag.py:87} INFO - Processing JSON file: data_20240526_022603.json
[2024-05-26T08:32:51.446+0000] {json2sql_dag.py:91} INFO - Processing data...
[2024-05-26T08:32:51.448+0000] {json2sql_dag.py:87} INFO - Processing JSON file: data_20240526_022803.json
[2024-05-26T08:32:51.455+0000] {json2sql_dag.py:91} INFO - Processing data...
[2024-05-26T08:32:51.457+0000] {json2sql_dag.py:87} INFO - Processing JSON file: data_20240526_023003.json
[2024-05-26T08:32:51.464+0000] {json2sql_dag.py:91} INFO - Processing data...
[2024-05-26T08:32:51.466+0000] {json2sql_dag.py:87} INFO - Processing JSON file: data_20240526_023202.json
[2024-05-26T08:32:51.474+0000] {json2sql_dag.py:91} INFO - Processing data...
[2024-05-26T08:32:51.475+0000] {json2sql_dag.py:87} INFO - Processing JSON file: data_20240526_023403.json
[2024-05-26T08:32:51.483+0000] {json2sql_dag.py:91} INFO - Processing data...
[2024-05-26T08:32:51.484+0000] {json2sql_dag.py:87} INFO - Processing JSON file: data_20240526_023603.json
[2024-05-26T08:32:51.492+0000] {json2sql_dag.py:91} INFO - Processing data...
[2024-05-26T08:32:51.493+0000] {json2sql_dag.py:87} INFO - Processing JSON file: data_20240526_023803.json
[2024-05-26T08:32:51.500+0000] {json2sql_dag.py:91} INFO - Processing data...
[2024-05-26T08:32:51.502+0000] {json2sql_dag.py:87} INFO - Processing JSON file: data_20240526_024003.json
[2024-05-26T08:32:51.509+0000] {json2sql_dag.py:91} INFO - Processing data...
[2024-05-26T08:32:51.511+0000] {json2sql_dag.py:87} INFO - Processing JSON file: data_20240526_024203.json
[2024-05-26T08:32:51.519+0000] {json2sql_dag.py:91} INFO - Processing data...
[2024-05-26T08:32:51.521+0000] {json2sql_dag.py:87} INFO - Processing JSON file: data_20240526_024403.json
[2024-05-26T08:32:51.528+0000] {json2sql_dag.py:91} INFO - Processing data...
[2024-05-26T08:32:51.530+0000] {json2sql_dag.py:87} INFO - Processing JSON file: data_20240526_024602.json
[2024-05-26T08:32:51.662+0000] {json2sql_dag.py:91} INFO - Processing data...
[2024-05-26T08:32:51.665+0000] {json2sql_dag.py:87} INFO - Processing JSON file: data_20240526_024803.json
[2024-05-26T08:32:51.672+0000] {json2sql_dag.py:91} INFO - Processing data...
[2024-05-26T08:32:51.674+0000] {json2sql_dag.py:87} INFO - Processing JSON file: data_20240526_025004.json
[2024-05-26T08:32:51.681+0000] {json2sql_dag.py:91} INFO - Processing data...
[2024-05-26T08:32:51.683+0000] {json2sql_dag.py:87} INFO - Processing JSON file: data_20240526_025203.json
[2024-05-26T08:32:51.691+0000] {json2sql_dag.py:91} INFO - Processing data...
[2024-05-26T08:32:51.692+0000] {json2sql_dag.py:87} INFO - Processing JSON file: data_20240526_025403.json
[2024-05-26T08:32:51.700+0000] {json2sql_dag.py:91} INFO - Processing data...
[2024-05-26T08:32:51.702+0000] {json2sql_dag.py:87} INFO - Processing JSON file: data_20240526_025603.json
[2024-05-26T08:32:51.710+0000] {json2sql_dag.py:91} INFO - Processing data...
[2024-05-26T08:32:51.713+0000] {json2sql_dag.py:87} INFO - Processing JSON file: data_20240526_025803.json
[2024-05-26T08:32:51.720+0000] {json2sql_dag.py:91} INFO - Processing data...
[2024-05-26T08:32:51.722+0000] {json2sql_dag.py:87} INFO - Processing JSON file: data_20240526_030003.json
[2024-05-26T08:32:51.730+0000] {json2sql_dag.py:91} INFO - Processing data...
[2024-05-26T08:32:51.732+0000] {json2sql_dag.py:87} INFO - Processing JSON file: data_20240526_030203.json
[2024-05-26T08:32:51.740+0000] {json2sql_dag.py:91} INFO - Processing data...
[2024-05-26T08:32:51.742+0000] {json2sql_dag.py:87} INFO - Processing JSON file: data_20240526_030403.json
[2024-05-26T08:32:51.749+0000] {json2sql_dag.py:91} INFO - Processing data...
[2024-05-26T08:32:51.752+0000] {json2sql_dag.py:87} INFO - Processing JSON file: data_20240526_030603.json
[2024-05-26T08:32:51.759+0000] {json2sql_dag.py:91} INFO - Processing data...
[2024-05-26T08:32:51.761+0000] {json2sql_dag.py:87} INFO - Processing JSON file: data_20240526_030804.json
[2024-05-26T08:32:51.769+0000] {json2sql_dag.py:91} INFO - Processing data...
[2024-05-26T08:32:51.771+0000] {json2sql_dag.py:87} INFO - Processing JSON file: data_20240526_031003.json
[2024-05-26T08:32:51.923+0000] {json2sql_dag.py:91} INFO - Processing data...
[2024-05-26T08:32:51.926+0000] {json2sql_dag.py:87} INFO - Processing JSON file: data_20240526_031203.json
[2024-05-26T08:32:51.933+0000] {json2sql_dag.py:91} INFO - Processing data...
[2024-05-26T08:32:51.935+0000] {json2sql_dag.py:87} INFO - Processing JSON file: data_20240526_031403.json
[2024-05-26T08:32:51.943+0000] {json2sql_dag.py:91} INFO - Processing data...
[2024-05-26T08:32:51.945+0000] {json2sql_dag.py:87} INFO - Processing JSON file: data_20240526_031604.json
[2024-05-26T08:32:51.953+0000] {json2sql_dag.py:91} INFO - Processing data...
[2024-05-26T08:32:51.955+0000] {json2sql_dag.py:87} INFO - Processing JSON file: data_20240526_031803.json
[2024-05-26T08:32:51.962+0000] {json2sql_dag.py:91} INFO - Processing data...
[2024-05-26T08:32:51.964+0000] {json2sql_dag.py:87} INFO - Processing JSON file: data_20240526_032003.json
[2024-05-26T08:32:51.972+0000] {json2sql_dag.py:91} INFO - Processing data...
[2024-05-26T08:32:51.974+0000] {json2sql_dag.py:87} INFO - Processing JSON file: data_20240526_032203.json
[2024-05-26T08:32:51.981+0000] {json2sql_dag.py:91} INFO - Processing data...
[2024-05-26T08:32:51.983+0000] {json2sql_dag.py:87} INFO - Processing JSON file: data_20240526_032403.json
[2024-05-26T08:32:51.991+0000] {json2sql_dag.py:91} INFO - Processing data...
[2024-05-26T08:32:51.993+0000] {json2sql_dag.py:87} INFO - Processing JSON file: data_20240526_032603.json
[2024-05-26T08:32:52.001+0000] {json2sql_dag.py:91} INFO - Processing data...
[2024-05-26T08:32:52.002+0000] {json2sql_dag.py:87} INFO - Processing JSON file: data_20240526_032803.json
[2024-05-26T08:32:52.010+0000] {json2sql_dag.py:91} INFO - Processing data...
[2024-05-26T08:32:52.012+0000] {json2sql_dag.py:87} INFO - Processing JSON file: data_20240526_033003.json
[2024-05-26T08:32:52.020+0000] {json2sql_dag.py:91} INFO - Processing data...
[2024-05-26T08:32:52.022+0000] {json2sql_dag.py:87} INFO - Processing JSON file: data_20240526_033203.json
[2024-05-26T08:32:52.030+0000] {json2sql_dag.py:91} INFO - Processing data...
[2024-05-26T08:32:52.032+0000] {json2sql_dag.py:87} INFO - Processing JSON file: data_20240526_033402.json
[2024-05-26T08:32:52.040+0000] {json2sql_dag.py:91} INFO - Processing data...
[2024-05-26T08:32:52.164+0000] {json2sql_dag.py:87} INFO - Processing JSON file: data_20240526_033603.json
[2024-05-26T08:32:52.172+0000] {json2sql_dag.py:91} INFO - Processing data...
[2024-05-26T08:32:52.175+0000] {json2sql_dag.py:87} INFO - Processing JSON file: data_20240526_033806.json
[2024-05-26T08:32:52.182+0000] {json2sql_dag.py:91} INFO - Processing data...
[2024-05-26T08:32:52.184+0000] {json2sql_dag.py:87} INFO - Processing JSON file: data_20240526_034003.json
[2024-05-26T08:32:52.191+0000] {json2sql_dag.py:91} INFO - Processing data...
[2024-05-26T08:32:52.193+0000] {json2sql_dag.py:87} INFO - Processing JSON file: data_20240526_034203.json
[2024-05-26T08:32:52.200+0000] {json2sql_dag.py:91} INFO - Processing data...
[2024-05-26T08:32:52.202+0000] {json2sql_dag.py:87} INFO - Processing JSON file: data_20240526_034404.json
[2024-05-26T08:32:52.209+0000] {json2sql_dag.py:91} INFO - Processing data...
[2024-05-26T08:32:52.213+0000] {json2sql_dag.py:87} INFO - Processing JSON file: data_20240526_034603.json
[2024-05-26T08:32:52.220+0000] {json2sql_dag.py:91} INFO - Processing data...
[2024-05-26T08:32:52.223+0000] {json2sql_dag.py:87} INFO - Processing JSON file: data_20240526_034803.json
[2024-05-26T08:32:52.230+0000] {json2sql_dag.py:91} INFO - Processing data...
[2024-05-26T08:32:52.233+0000] {json2sql_dag.py:87} INFO - Processing JSON file: data_20240526_035003.json
[2024-05-26T08:32:52.240+0000] {json2sql_dag.py:91} INFO - Processing data...
[2024-05-26T08:32:52.243+0000] {json2sql_dag.py:87} INFO - Processing JSON file: data_20240526_035203.json
[2024-05-26T08:32:52.251+0000] {json2sql_dag.py:91} INFO - Processing data...
[2024-05-26T08:32:52.254+0000] {json2sql_dag.py:87} INFO - Processing JSON file: data_20240526_035403.json
[2024-05-26T08:32:52.261+0000] {json2sql_dag.py:91} INFO - Processing data...
[2024-05-26T08:32:52.264+0000] {json2sql_dag.py:87} INFO - Processing JSON file: data_20240526_035604.json
[2024-05-26T08:32:52.271+0000] {json2sql_dag.py:91} INFO - Processing data...
[2024-05-26T08:32:52.274+0000] {json2sql_dag.py:87} INFO - Processing JSON file: data_20240526_035803.json
[2024-05-26T08:32:52.281+0000] {json2sql_dag.py:91} INFO - Processing data...
[2024-05-26T08:32:52.284+0000] {json2sql_dag.py:87} INFO - Processing JSON file: data_20240526_040003.json
[2024-05-26T08:32:52.415+0000] {json2sql_dag.py:91} INFO - Processing data...
[2024-05-26T08:32:52.418+0000] {json2sql_dag.py:87} INFO - Processing JSON file: data_20240526_040203.json
[2024-05-26T08:32:52.425+0000] {json2sql_dag.py:91} INFO - Processing data...
[2024-05-26T08:32:52.427+0000] {json2sql_dag.py:87} INFO - Processing JSON file: data_20240526_040403.json
[2024-05-26T08:32:52.434+0000] {json2sql_dag.py:91} INFO - Processing data...
[2024-05-26T08:32:52.435+0000] {json2sql_dag.py:87} INFO - Processing JSON file: data_20240526_040603.json
[2024-05-26T08:32:52.442+0000] {json2sql_dag.py:91} INFO - Processing data...
[2024-05-26T08:32:52.443+0000] {json2sql_dag.py:87} INFO - Processing JSON file: data_20240526_040803.json
[2024-05-26T08:32:52.450+0000] {json2sql_dag.py:91} INFO - Processing data...
[2024-05-26T08:32:52.452+0000] {json2sql_dag.py:87} INFO - Processing JSON file: data_20240526_041003.json
[2024-05-26T08:32:52.456+0000] {json2sql_dag.py:91} INFO - Processing data...
[2024-05-26T08:32:52.457+0000] {json2sql_dag.py:87} INFO - Processing JSON file: data_20240526_041203.json
[2024-05-26T08:32:52.465+0000] {json2sql_dag.py:91} INFO - Processing data...
[2024-05-26T08:32:52.466+0000] {json2sql_dag.py:87} INFO - Processing JSON file: data_20240526_041403.json
[2024-05-26T08:32:52.473+0000] {json2sql_dag.py:91} INFO - Processing data...
[2024-05-26T08:32:52.475+0000] {json2sql_dag.py:87} INFO - Processing JSON file: data_20240526_041607.json
[2024-05-26T08:32:52.483+0000] {json2sql_dag.py:91} INFO - Processing data...
[2024-05-26T08:32:52.484+0000] {json2sql_dag.py:87} INFO - Processing JSON file: data_20240526_041804.json
[2024-05-26T08:32:52.491+0000] {json2sql_dag.py:91} INFO - Processing data...
[2024-05-26T08:32:52.493+0000] {json2sql_dag.py:87} INFO - Processing JSON file: data_20240526_042002.json
[2024-05-26T08:32:52.500+0000] {json2sql_dag.py:91} INFO - Processing data...
[2024-05-26T08:32:52.502+0000] {json2sql_dag.py:87} INFO - Processing JSON file: data_20240526_042204.json
[2024-05-26T08:32:52.508+0000] {json2sql_dag.py:91} INFO - Processing data...
[2024-05-26T08:32:52.510+0000] {json2sql_dag.py:87} INFO - Processing JSON file: data_20240526_042403.json
[2024-05-26T08:32:52.635+0000] {json2sql_dag.py:91} INFO - Processing data...
[2024-05-26T08:32:52.637+0000] {json2sql_dag.py:87} INFO - Processing JSON file: data_20240526_042602.json
[2024-05-26T08:32:52.645+0000] {json2sql_dag.py:91} INFO - Processing data...
[2024-05-26T08:32:52.647+0000] {json2sql_dag.py:87} INFO - Processing JSON file: data_20240526_042804.json
[2024-05-26T08:32:52.654+0000] {json2sql_dag.py:91} INFO - Processing data...
[2024-05-26T08:32:52.655+0000] {json2sql_dag.py:87} INFO - Processing JSON file: data_20240526_043002.json
[2024-05-26T08:32:52.662+0000] {json2sql_dag.py:91} INFO - Processing data...
[2024-05-26T08:32:52.663+0000] {json2sql_dag.py:87} INFO - Processing JSON file: data_20240526_043203.json
[2024-05-26T08:32:52.670+0000] {json2sql_dag.py:91} INFO - Processing data...
[2024-05-26T08:32:52.671+0000] {json2sql_dag.py:87} INFO - Processing JSON file: data_20240526_043403.json
[2024-05-26T08:32:52.678+0000] {json2sql_dag.py:91} INFO - Processing data...
[2024-05-26T08:32:52.679+0000] {json2sql_dag.py:87} INFO - Processing JSON file: data_20240526_043602.json
[2024-05-26T08:32:52.686+0000] {json2sql_dag.py:91} INFO - Processing data...
[2024-05-26T08:32:52.688+0000] {json2sql_dag.py:87} INFO - Processing JSON file: data_20240526_043803.json
[2024-05-26T08:32:52.695+0000] {json2sql_dag.py:91} INFO - Processing data...
[2024-05-26T08:32:52.696+0000] {json2sql_dag.py:87} INFO - Processing JSON file: data_20240526_044003.json
[2024-05-26T08:32:52.703+0000] {json2sql_dag.py:91} INFO - Processing data...
[2024-05-26T08:32:52.705+0000] {json2sql_dag.py:87} INFO - Processing JSON file: data_20240526_044203.json
[2024-05-26T08:32:52.712+0000] {json2sql_dag.py:91} INFO - Processing data...
[2024-05-26T08:32:52.714+0000] {json2sql_dag.py:87} INFO - Processing JSON file: data_20240526_044403.json
[2024-05-26T08:32:52.721+0000] {json2sql_dag.py:91} INFO - Processing data...
[2024-05-26T08:32:52.722+0000] {json2sql_dag.py:87} INFO - Processing JSON file: data_20240526_044602.json
[2024-05-26T08:32:52.729+0000] {json2sql_dag.py:91} INFO - Processing data...
[2024-05-26T08:32:52.731+0000] {json2sql_dag.py:87} INFO - Processing JSON file: data_20240526_044803.json
[2024-05-26T08:32:52.857+0000] {json2sql_dag.py:91} INFO - Processing data...
[2024-05-26T08:32:52.860+0000] {json2sql_dag.py:87} INFO - Processing JSON file: data_20240526_045002.json
[2024-05-26T08:32:52.867+0000] {json2sql_dag.py:91} INFO - Processing data...
[2024-05-26T08:32:52.869+0000] {json2sql_dag.py:87} INFO - Processing JSON file: data_20240526_045204.json
[2024-05-26T08:32:52.876+0000] {json2sql_dag.py:91} INFO - Processing data...
[2024-05-26T08:32:52.877+0000] {json2sql_dag.py:87} INFO - Processing JSON file: data_20240526_045403.json
[2024-05-26T08:32:52.884+0000] {json2sql_dag.py:91} INFO - Processing data...
[2024-05-26T08:32:52.886+0000] {json2sql_dag.py:87} INFO - Processing JSON file: data_20240526_045602.json
[2024-05-26T08:32:52.893+0000] {json2sql_dag.py:91} INFO - Processing data...
[2024-05-26T08:32:52.894+0000] {json2sql_dag.py:87} INFO - Processing JSON file: data_20240526_045804.json
[2024-05-26T08:32:52.901+0000] {json2sql_dag.py:91} INFO - Processing data...
[2024-05-26T08:32:52.903+0000] {json2sql_dag.py:87} INFO - Processing JSON file: data_20240526_050002.json
[2024-05-26T08:32:52.910+0000] {json2sql_dag.py:91} INFO - Processing data...
[2024-05-26T08:32:52.912+0000] {json2sql_dag.py:87} INFO - Processing JSON file: data_20240526_050203.json
[2024-05-26T08:32:52.920+0000] {json2sql_dag.py:91} INFO - Processing data...
[2024-05-26T08:32:52.921+0000] {json2sql_dag.py:87} INFO - Processing JSON file: data_20240526_050403.json
[2024-05-26T08:32:52.928+0000] {json2sql_dag.py:91} INFO - Processing data...
[2024-05-26T08:32:52.930+0000] {json2sql_dag.py:87} INFO - Processing JSON file: data_20240526_050603.json
[2024-05-26T08:32:52.937+0000] {json2sql_dag.py:91} INFO - Processing data...
[2024-05-26T08:32:52.939+0000] {json2sql_dag.py:87} INFO - Processing JSON file: data_20240526_050802.json
[2024-05-26T08:32:52.946+0000] {json2sql_dag.py:91} INFO - Processing data...
[2024-05-26T08:32:52.947+0000] {json2sql_dag.py:87} INFO - Processing JSON file: data_20240526_051003.json
[2024-05-26T08:32:52.955+0000] {json2sql_dag.py:91} INFO - Processing data...
[2024-05-26T08:32:52.956+0000] {json2sql_dag.py:87} INFO - Processing JSON file: data_20240526_051203.json
[2024-05-26T08:32:53.083+0000] {json2sql_dag.py:91} INFO - Processing data...
[2024-05-26T08:32:53.085+0000] {json2sql_dag.py:87} INFO - Processing JSON file: data_20240526_051404.json
[2024-05-26T08:32:53.093+0000] {json2sql_dag.py:91} INFO - Processing data...
[2024-05-26T08:32:53.094+0000] {json2sql_dag.py:87} INFO - Processing JSON file: data_20240526_051603.json
[2024-05-26T08:32:53.101+0000] {json2sql_dag.py:91} INFO - Processing data...
[2024-05-26T08:32:53.103+0000] {json2sql_dag.py:87} INFO - Processing JSON file: data_20240526_051803.json
[2024-05-26T08:32:53.109+0000] {json2sql_dag.py:91} INFO - Processing data...
[2024-05-26T08:32:53.111+0000] {json2sql_dag.py:87} INFO - Processing JSON file: data_20240526_052003.json
[2024-05-26T08:32:53.118+0000] {json2sql_dag.py:91} INFO - Processing data...
[2024-05-26T08:32:53.120+0000] {json2sql_dag.py:87} INFO - Processing JSON file: data_20240526_052204.json
[2024-05-26T08:32:53.127+0000] {json2sql_dag.py:91} INFO - Processing data...
[2024-05-26T08:32:53.128+0000] {json2sql_dag.py:87} INFO - Processing JSON file: data_20240526_052402.json
[2024-05-26T08:32:53.135+0000] {json2sql_dag.py:91} INFO - Processing data...
[2024-05-26T08:32:53.137+0000] {json2sql_dag.py:87} INFO - Processing JSON file: data_20240526_052603.json
[2024-05-26T08:32:53.144+0000] {json2sql_dag.py:91} INFO - Processing data...
[2024-05-26T08:32:53.146+0000] {json2sql_dag.py:87} INFO - Processing JSON file: data_20240526_052803.json
[2024-05-26T08:32:53.153+0000] {json2sql_dag.py:91} INFO - Processing data...
[2024-05-26T08:32:53.154+0000] {json2sql_dag.py:87} INFO - Processing JSON file: data_20240526_053003.json
[2024-05-26T08:32:53.162+0000] {json2sql_dag.py:91} INFO - Processing data...
[2024-05-26T08:32:53.163+0000] {json2sql_dag.py:87} INFO - Processing JSON file: data_20240526_053203.json
[2024-05-26T08:32:53.170+0000] {json2sql_dag.py:91} INFO - Processing data...
[2024-05-26T08:32:53.172+0000] {json2sql_dag.py:87} INFO - Processing JSON file: data_20240526_053403.json
[2024-05-26T08:32:53.180+0000] {json2sql_dag.py:91} INFO - Processing data...
[2024-05-26T08:32:53.181+0000] {json2sql_dag.py:87} INFO - Processing JSON file: data_20240526_053603.json
[2024-05-26T08:32:53.308+0000] {json2sql_dag.py:91} INFO - Processing data...
[2024-05-26T08:32:53.310+0000] {json2sql_dag.py:87} INFO - Processing JSON file: data_20240526_053805.json
[2024-05-26T08:32:53.318+0000] {json2sql_dag.py:91} INFO - Processing data...
[2024-05-26T08:32:53.320+0000] {json2sql_dag.py:87} INFO - Processing JSON file: data_20240526_054002.json
[2024-05-26T08:32:53.326+0000] {json2sql_dag.py:91} INFO - Processing data...
[2024-05-26T08:32:53.328+0000] {json2sql_dag.py:87} INFO - Processing JSON file: data_20240526_054203.json
[2024-05-26T08:32:53.334+0000] {json2sql_dag.py:91} INFO - Processing data...
[2024-05-26T08:32:53.335+0000] {json2sql_dag.py:87} INFO - Processing JSON file: data_20240526_054403.json
[2024-05-26T08:32:53.342+0000] {json2sql_dag.py:91} INFO - Processing data...
[2024-05-26T08:32:53.344+0000] {json2sql_dag.py:87} INFO - Processing JSON file: data_20240526_054603.json
[2024-05-26T08:32:53.351+0000] {json2sql_dag.py:91} INFO - Processing data...
[2024-05-26T08:32:53.353+0000] {json2sql_dag.py:87} INFO - Processing JSON file: data_20240526_054803.json
[2024-05-26T08:32:53.360+0000] {json2sql_dag.py:91} INFO - Processing data...
[2024-05-26T08:32:53.362+0000] {json2sql_dag.py:87} INFO - Processing JSON file: data_20240526_055003.json
[2024-05-26T08:32:53.370+0000] {json2sql_dag.py:91} INFO - Processing data...
[2024-05-26T08:32:53.372+0000] {json2sql_dag.py:87} INFO - Processing JSON file: data_20240526_055203.json
[2024-05-26T08:32:53.380+0000] {json2sql_dag.py:91} INFO - Processing data...
[2024-05-26T08:32:53.382+0000] {json2sql_dag.py:87} INFO - Processing JSON file: data_20240526_055402.json
[2024-05-26T08:32:53.389+0000] {json2sql_dag.py:91} INFO - Processing data...
[2024-05-26T08:32:53.392+0000] {json2sql_dag.py:87} INFO - Processing JSON file: data_20240526_055603.json
[2024-05-26T08:32:53.400+0000] {json2sql_dag.py:91} INFO - Processing data...
[2024-05-26T08:32:53.402+0000] {json2sql_dag.py:87} INFO - Processing JSON file: data_20240526_055804.json
[2024-05-26T08:32:53.409+0000] {json2sql_dag.py:91} INFO - Processing data...
[2024-05-26T08:32:53.411+0000] {json2sql_dag.py:87} INFO - Processing JSON file: data_20240526_060003.json
[2024-05-26T08:32:53.419+0000] {json2sql_dag.py:91} INFO - Processing data...
[2024-05-26T08:32:53.547+0000] {json2sql_dag.py:87} INFO - Processing JSON file: data_20240526_060203.json
[2024-05-26T08:32:53.555+0000] {json2sql_dag.py:91} INFO - Processing data...
[2024-05-26T08:32:53.558+0000] {json2sql_dag.py:87} INFO - Processing JSON file: data_20240526_060403.json
[2024-05-26T08:32:53.565+0000] {json2sql_dag.py:91} INFO - Processing data...
[2024-05-26T08:32:53.568+0000] {json2sql_dag.py:87} INFO - Processing JSON file: data_20240526_060603.json
[2024-05-26T08:32:53.575+0000] {json2sql_dag.py:91} INFO - Processing data...
[2024-05-26T08:32:53.578+0000] {json2sql_dag.py:87} INFO - Processing JSON file: data_20240526_060803.json
[2024-05-26T08:32:53.583+0000] {json2sql_dag.py:91} INFO - Processing data...
[2024-05-26T08:32:53.586+0000] {json2sql_dag.py:87} INFO - Processing JSON file: data_20240526_061003.json
[2024-05-26T08:32:53.596+0000] {json2sql_dag.py:91} INFO - Processing data...
[2024-05-26T08:32:53.598+0000] {json2sql_dag.py:87} INFO - Processing JSON file: data_20240526_061203.json
[2024-05-26T08:32:53.608+0000] {json2sql_dag.py:91} INFO - Processing data...
[2024-05-26T08:32:53.611+0000] {json2sql_dag.py:87} INFO - Processing JSON file: data_20240526_061403.json
[2024-05-26T08:32:53.622+0000] {json2sql_dag.py:91} INFO - Processing data...
[2024-05-26T08:32:53.625+0000] {json2sql_dag.py:87} INFO - Processing JSON file: data_20240526_061604.json
[2024-05-26T08:32:53.635+0000] {json2sql_dag.py:91} INFO - Processing data...
[2024-05-26T08:32:53.638+0000] {json2sql_dag.py:87} INFO - Processing JSON file: data_20240526_061803.json
[2024-05-26T08:32:53.649+0000] {json2sql_dag.py:91} INFO - Processing data...
[2024-05-26T08:32:53.652+0000] {json2sql_dag.py:87} INFO - Processing JSON file: data_20240526_062003.json
[2024-05-26T08:32:53.661+0000] {json2sql_dag.py:91} INFO - Processing data...
[2024-05-26T08:32:53.663+0000] {json2sql_dag.py:87} INFO - Processing JSON file: data_20240526_062203.json
[2024-05-26T08:32:53.671+0000] {json2sql_dag.py:91} INFO - Processing data...
[2024-05-26T08:32:53.674+0000] {json2sql_dag.py:87} INFO - Processing JSON file: data_20240526_062402.json
[2024-05-26T08:32:53.681+0000] {json2sql_dag.py:91} INFO - Processing data...
[2024-05-26T08:32:53.683+0000] {json2sql_dag.py:87} INFO - Processing JSON file: data_20240526_062602.json
[2024-05-26T08:32:53.828+0000] {json2sql_dag.py:91} INFO - Processing data...
[2024-05-26T08:32:53.831+0000] {json2sql_dag.py:87} INFO - Processing JSON file: data_20240526_062803.json
[2024-05-26T08:32:53.839+0000] {json2sql_dag.py:91} INFO - Processing data...
[2024-05-26T08:32:53.841+0000] {json2sql_dag.py:87} INFO - Processing JSON file: data_20240526_063003.json
[2024-05-26T08:32:53.849+0000] {json2sql_dag.py:91} INFO - Processing data...
[2024-05-26T08:32:53.851+0000] {json2sql_dag.py:87} INFO - Processing JSON file: data_20240526_063204.json
[2024-05-26T08:32:53.860+0000] {json2sql_dag.py:91} INFO - Processing data...
[2024-05-26T08:32:53.862+0000] {json2sql_dag.py:87} INFO - Processing JSON file: data_20240526_063403.json
[2024-05-26T08:32:53.870+0000] {json2sql_dag.py:91} INFO - Processing data...
[2024-05-26T08:32:53.873+0000] {json2sql_dag.py:87} INFO - Processing JSON file: data_20240526_063603.json
[2024-05-26T08:32:53.881+0000] {json2sql_dag.py:91} INFO - Processing data...
[2024-05-26T08:32:53.882+0000] {json2sql_dag.py:87} INFO - Processing JSON file: data_20240526_063804.json
[2024-05-26T08:32:53.890+0000] {json2sql_dag.py:91} INFO - Processing data...
[2024-05-26T08:32:53.892+0000] {json2sql_dag.py:87} INFO - Processing JSON file: data_20240526_064004.json
[2024-05-26T08:32:53.899+0000] {json2sql_dag.py:91} INFO - Processing data...
[2024-05-26T08:32:53.901+0000] {json2sql_dag.py:87} INFO - Processing JSON file: data_20240526_064203.json
[2024-05-26T08:32:53.908+0000] {json2sql_dag.py:91} INFO - Processing data...
[2024-05-26T08:32:53.910+0000] {json2sql_dag.py:87} INFO - Processing JSON file: data_20240526_064403.json
[2024-05-26T08:32:53.917+0000] {json2sql_dag.py:91} INFO - Processing data...
[2024-05-26T08:32:53.919+0000] {json2sql_dag.py:87} INFO - Processing JSON file: data_20240526_064603.json
[2024-05-26T08:32:53.926+0000] {json2sql_dag.py:91} INFO - Processing data...
[2024-05-26T08:32:53.928+0000] {json2sql_dag.py:87} INFO - Processing JSON file: data_20240526_064803.json
[2024-05-26T08:32:53.935+0000] {json2sql_dag.py:91} INFO - Processing data...
[2024-05-26T08:32:53.938+0000] {json2sql_dag.py:87} INFO - Processing JSON file: data_20240526_065003.json
[2024-05-26T08:32:54.077+0000] {json2sql_dag.py:91} INFO - Processing data...
[2024-05-26T08:32:54.079+0000] {json2sql_dag.py:87} INFO - Processing JSON file: data_20240526_065203.json
[2024-05-26T08:32:54.087+0000] {json2sql_dag.py:91} INFO - Processing data...
[2024-05-26T08:32:54.089+0000] {json2sql_dag.py:87} INFO - Processing JSON file: data_20240526_065402.json
[2024-05-26T08:32:54.096+0000] {json2sql_dag.py:91} INFO - Processing data...
[2024-05-26T08:32:54.097+0000] {json2sql_dag.py:87} INFO - Processing JSON file: data_20240526_065603.json
[2024-05-26T08:32:54.103+0000] {json2sql_dag.py:91} INFO - Processing data...
[2024-05-26T08:32:54.105+0000] {json2sql_dag.py:87} INFO - Processing JSON file: data_20240526_065802.json
[2024-05-26T08:32:54.111+0000] {json2sql_dag.py:91} INFO - Processing data...
[2024-05-26T08:32:54.113+0000] {json2sql_dag.py:87} INFO - Processing JSON file: data_20240526_070003.json
[2024-05-26T08:32:54.119+0000] {json2sql_dag.py:91} INFO - Processing data...
[2024-05-26T08:32:54.121+0000] {json2sql_dag.py:87} INFO - Processing JSON file: data_20240526_070203.json
[2024-05-26T08:32:54.128+0000] {json2sql_dag.py:91} INFO - Processing data...
[2024-05-26T08:32:54.130+0000] {json2sql_dag.py:87} INFO - Processing JSON file: data_20240526_070403.json
[2024-05-26T08:32:54.136+0000] {json2sql_dag.py:91} INFO - Processing data...
[2024-05-26T08:32:54.138+0000] {json2sql_dag.py:87} INFO - Processing JSON file: data_20240526_070604.json
[2024-05-26T08:32:54.146+0000] {json2sql_dag.py:91} INFO - Processing data...
[2024-05-26T08:32:54.147+0000] {json2sql_dag.py:87} INFO - Processing JSON file: data_20240526_070803.json
[2024-05-26T08:32:54.154+0000] {json2sql_dag.py:91} INFO - Processing data...
[2024-05-26T08:32:54.156+0000] {json2sql_dag.py:87} INFO - Processing JSON file: data_20240526_071003.json
[2024-05-26T08:32:54.163+0000] {json2sql_dag.py:91} INFO - Processing data...
[2024-05-26T08:32:54.165+0000] {json2sql_dag.py:87} INFO - Processing JSON file: data_20240526_071203.json
[2024-05-26T08:32:54.173+0000] {json2sql_dag.py:91} INFO - Processing data...
[2024-05-26T08:32:54.174+0000] {json2sql_dag.py:87} INFO - Processing JSON file: data_20240526_071403.json
[2024-05-26T08:32:54.306+0000] {json2sql_dag.py:91} INFO - Processing data...
[2024-05-26T08:32:54.308+0000] {json2sql_dag.py:87} INFO - Processing JSON file: data_20240526_071603.json
[2024-05-26T08:32:54.316+0000] {json2sql_dag.py:91} INFO - Processing data...
[2024-05-26T08:32:54.317+0000] {json2sql_dag.py:87} INFO - Processing JSON file: data_20240526_071803.json
[2024-05-26T08:32:54.324+0000] {json2sql_dag.py:91} INFO - Processing data...
[2024-05-26T08:32:54.326+0000] {json2sql_dag.py:87} INFO - Processing JSON file: data_20240526_072003.json
[2024-05-26T08:32:54.333+0000] {json2sql_dag.py:91} INFO - Processing data...
[2024-05-26T08:32:54.334+0000] {json2sql_dag.py:87} INFO - Processing JSON file: data_20240526_072203.json
[2024-05-26T08:32:54.340+0000] {json2sql_dag.py:91} INFO - Processing data...
[2024-05-26T08:32:54.341+0000] {json2sql_dag.py:87} INFO - Processing JSON file: data_20240526_072404.json
[2024-05-26T08:32:54.347+0000] {json2sql_dag.py:91} INFO - Processing data...
[2024-05-26T08:32:54.348+0000] {json2sql_dag.py:87} INFO - Processing JSON file: data_20240526_072603.json
[2024-05-26T08:32:54.355+0000] {json2sql_dag.py:91} INFO - Processing data...
[2024-05-26T08:32:54.357+0000] {json2sql_dag.py:87} INFO - Processing JSON file: data_20240526_072802.json
[2024-05-26T08:32:54.363+0000] {json2sql_dag.py:91} INFO - Processing data...
[2024-05-26T08:32:54.365+0000] {json2sql_dag.py:87} INFO - Processing JSON file: data_20240526_073003.json
[2024-05-26T08:32:54.372+0000] {json2sql_dag.py:91} INFO - Processing data...
[2024-05-26T08:32:54.373+0000] {json2sql_dag.py:87} INFO - Processing JSON file: data_20240526_073203.json
[2024-05-26T08:32:54.380+0000] {json2sql_dag.py:91} INFO - Processing data...
[2024-05-26T08:32:54.381+0000] {json2sql_dag.py:87} INFO - Processing JSON file: data_20240526_073403.json
[2024-05-26T08:32:54.388+0000] {json2sql_dag.py:91} INFO - Processing data...
[2024-05-26T08:32:54.390+0000] {json2sql_dag.py:87} INFO - Processing JSON file: data_20240526_073604.json
[2024-05-26T08:32:54.397+0000] {json2sql_dag.py:91} INFO - Processing data...
[2024-05-26T08:32:54.398+0000] {json2sql_dag.py:87} INFO - Processing JSON file: data_20240526_073803.json
[2024-05-26T08:32:54.527+0000] {json2sql_dag.py:91} INFO - Processing data...
[2024-05-26T08:32:54.529+0000] {json2sql_dag.py:87} INFO - Processing JSON file: data_20240526_074003.json
[2024-05-26T08:32:54.537+0000] {json2sql_dag.py:91} INFO - Processing data...
[2024-05-26T08:32:54.539+0000] {json2sql_dag.py:87} INFO - Processing JSON file: data_20240526_074203.json
[2024-05-26T08:32:54.545+0000] {json2sql_dag.py:91} INFO - Processing data...
[2024-05-26T08:32:54.547+0000] {json2sql_dag.py:87} INFO - Processing JSON file: data_20240526_074403.json
[2024-05-26T08:32:54.553+0000] {json2sql_dag.py:91} INFO - Processing data...
[2024-05-26T08:32:54.555+0000] {json2sql_dag.py:87} INFO - Processing JSON file: data_20240526_074603.json
[2024-05-26T08:32:54.561+0000] {json2sql_dag.py:91} INFO - Processing data...
[2024-05-26T08:32:54.562+0000] {json2sql_dag.py:87} INFO - Processing JSON file: data_20240526_074803.json
[2024-05-26T08:32:54.569+0000] {json2sql_dag.py:91} INFO - Processing data...
[2024-05-26T08:32:54.570+0000] {json2sql_dag.py:87} INFO - Processing JSON file: data_20240526_075003.json
[2024-05-26T08:32:54.577+0000] {json2sql_dag.py:91} INFO - Processing data...
[2024-05-26T08:32:54.578+0000] {json2sql_dag.py:87} INFO - Processing JSON file: data_20240526_075202.json
[2024-05-26T08:32:54.584+0000] {json2sql_dag.py:91} INFO - Processing data...
[2024-05-26T08:32:54.585+0000] {json2sql_dag.py:87} INFO - Processing JSON file: data_20240526_075403.json
[2024-05-26T08:32:54.592+0000] {json2sql_dag.py:91} INFO - Processing data...
[2024-05-26T08:32:54.593+0000] {json2sql_dag.py:87} INFO - Processing JSON file: data_20240526_075604.json
[2024-05-26T08:32:54.600+0000] {json2sql_dag.py:91} INFO - Processing data...
[2024-05-26T08:32:54.602+0000] {json2sql_dag.py:87} INFO - Processing JSON file: data_20240526_075804.json
[2024-05-26T08:32:54.609+0000] {json2sql_dag.py:91} INFO - Processing data...
[2024-05-26T08:32:54.610+0000] {json2sql_dag.py:87} INFO - Processing JSON file: data_20240526_080004.json
[2024-05-26T08:32:54.617+0000] {json2sql_dag.py:91} INFO - Processing data...
[2024-05-26T08:32:54.619+0000] {json2sql_dag.py:87} INFO - Processing JSON file: data_20240526_080203.json
[2024-05-26T08:32:54.752+0000] {json2sql_dag.py:91} INFO - Processing data...
[2024-05-26T08:32:54.754+0000] {json2sql_dag.py:87} INFO - Processing JSON file: data_20240526_080403.json
[2024-05-26T08:32:54.761+0000] {json2sql_dag.py:91} INFO - Processing data...
[2024-05-26T08:32:54.763+0000] {json2sql_dag.py:87} INFO - Processing JSON file: data_20240526_080908.json
[2024-05-26T08:32:54.770+0000] {json2sql_dag.py:91} INFO - Processing data...
[2024-05-26T08:32:54.771+0000] {json2sql_dag.py:87} INFO - Processing JSON file: data_20240526_081002.json
[2024-05-26T08:32:54.774+0000] {json2sql_dag.py:91} INFO - Processing data...
[2024-05-26T08:32:54.775+0000] {json2sql_dag.py:87} INFO - Processing JSON file: data_20240526_081203.json
[2024-05-26T08:32:54.781+0000] {json2sql_dag.py:91} INFO - Processing data...
[2024-05-26T08:32:54.782+0000] {json2sql_dag.py:87} INFO - Processing JSON file: data_20240526_081404.json
[2024-05-26T08:32:54.789+0000] {json2sql_dag.py:91} INFO - Processing data...
[2024-05-26T08:32:54.791+0000] {json2sql_dag.py:87} INFO - Processing JSON file: data_20240526_081603.json
[2024-05-26T08:32:54.797+0000] {json2sql_dag.py:91} INFO - Processing data...
[2024-05-26T08:32:54.799+0000] {json2sql_dag.py:87} INFO - Processing JSON file: data_20240526_081803.json
[2024-05-26T08:32:54.805+0000] {json2sql_dag.py:91} INFO - Processing data...
[2024-05-26T08:32:54.806+0000] {json2sql_dag.py:87} INFO - Processing JSON file: data_20240526_082003.json
[2024-05-26T08:32:54.813+0000] {json2sql_dag.py:91} INFO - Processing data...
[2024-05-26T08:32:54.814+0000] {json2sql_dag.py:87} INFO - Processing JSON file: data_20240526_082203.json
[2024-05-26T08:32:54.821+0000] {json2sql_dag.py:91} INFO - Processing data...
[2024-05-26T08:32:54.822+0000] {json2sql_dag.py:87} INFO - Processing JSON file: data_20240526_082403.json
[2024-05-26T08:32:54.828+0000] {json2sql_dag.py:91} INFO - Processing data...
[2024-05-26T08:32:54.830+0000] {json2sql_dag.py:87} INFO - Processing JSON file: data_20240526_082604.json
[2024-05-26T08:32:54.836+0000] {json2sql_dag.py:91} INFO - Processing data...
[2024-05-26T08:32:54.838+0000] {json2sql_dag.py:87} INFO - Processing JSON file: data_20240526_082954.json
[2024-05-26T08:32:54.844+0000] {json2sql_dag.py:91} INFO - Processing data...
[2024-05-26T08:32:54.846+0000] {json2sql_dag.py:87} INFO - Processing JSON file: data_20240526_083132.json
[2024-05-26T08:32:54.854+0000] {json2sql_dag.py:109} ERROR - Error decoding JSON file data_20240526_083132.json: Extra data: line 1 column 904434 (char 904433)
[2024-05-26T08:32:54.854+0000] {json2sql_dag.py:111} INFO - Data processing completed. Processed 347904 records.
[2024-05-26T08:32:57.415+0000] {python.py:201} INFO - Done. Returned value was: None
[2024-05-26T08:32:57.421+0000] {taskinstance.py:1138} INFO - Marking task as SUCCESS. dag_id=json2sql_dag, task_id=process_data_task, execution_date=20240526T083247, start_date=20240526T083250, end_date=20240526T083257
[2024-05-26T08:32:57.461+0000] {local_task_job_runner.py:234} INFO - Task exited with return code 0
[2024-05-26T08:32:57.475+0000] {taskinstance.py:3280} INFO - 1 downstream tasks scheduled from follow-on schedule check
