[2024-05-26T08:32:50.272+0000] {taskinstance.py:1956} INFO - Dependencies all met for dep_context=non-requeueable deps ti=<TaskInstance: json2sql_dag.process_data_task scheduled__2024-05-26T08:30:00+00:00 [queued]>
[2024-05-26T08:32:50.275+0000] {taskinstance.py:1956} INFO - Dependencies all met for dep_context=requeueable deps ti=<TaskInstance: json2sql_dag.process_data_task scheduled__2024-05-26T08:30:00+00:00 [queued]>
[2024-05-26T08:32:50.275+0000] {taskinstance.py:2170} INFO - Starting attempt 1 of 1
[2024-05-26T08:32:50.281+0000] {taskinstance.py:2191} INFO - Executing <Task(PythonOperator): process_data_task> on 2024-05-26 08:30:00+00:00
[2024-05-26T08:32:50.287+0000] {standard_task_runner.py:60} INFO - Started process 357 to run task
[2024-05-26T08:32:50.289+0000] {standard_task_runner.py:87} INFO - Running: ['***', 'tasks', 'run', 'json2sql_dag', 'process_data_task', 'scheduled__2024-05-26T08:30:00+00:00', '--job-id', '2294', '--raw', '--subdir', 'DAGS_FOLDER/json2sql_dag.py', '--cfg-path', '/tmp/tmp8zj3xl2c']
[2024-05-26T08:32:50.290+0000] {standard_task_runner.py:88} INFO - Job 2294: Subtask process_data_task
[2024-05-26T08:32:50.296+0000] {warnings.py:109} WARNING - /home/***/.local/lib/python3.8/site-packages/***/settings.py:194: DeprecationWarning: The sql_alchemy_conn option in [core] has been moved to the sql_alchemy_conn option in [database] - the old setting has been used, but please update your config.
  SQL_ALCHEMY_CONN = conf.get("database", "SQL_ALCHEMY_CONN")

[2024-05-26T08:32:50.312+0000] {task_command.py:423} INFO - Running <TaskInstance: json2sql_dag.process_data_task scheduled__2024-05-26T08:30:00+00:00 [running]> on host d904a9488f34
[2024-05-26T08:32:50.344+0000] {taskinstance.py:2480} INFO - Exporting env vars: AIRFLOW_CTX_DAG_OWNER='***' AIRFLOW_CTX_DAG_ID='json2sql_dag' AIRFLOW_CTX_TASK_ID='process_data_task' AIRFLOW_CTX_EXECUTION_DATE='2024-05-26T08:30:00+00:00' AIRFLOW_CTX_TRY_NUMBER='1' AIRFLOW_CTX_DAG_RUN_ID='scheduled__2024-05-26T08:30:00+00:00'
[2024-05-26T08:32:50.349+0000] {json2sql_dag.py:87} INFO - Processing JSON file: data_20240526_002920.json
[2024-05-26T08:32:50.359+0000] {json2sql_dag.py:109} ERROR - Error decoding JSON file data_20240526_002920.json: Extra data: line 1 column 902937 (char 902936)
[2024-05-26T08:32:50.360+0000] {json2sql_dag.py:87} INFO - Processing JSON file: data_20240526_003004.json
[2024-05-26T08:32:50.368+0000] {json2sql_dag.py:91} INFO - Processing data...
[2024-05-26T08:32:50.369+0000] {json2sql_dag.py:87} INFO - Processing JSON file: data_20240526_003602.json
[2024-05-26T08:32:50.377+0000] {json2sql_dag.py:91} INFO - Processing data...
[2024-05-26T08:32:50.378+0000] {json2sql_dag.py:87} INFO - Processing JSON file: data_20240526_003803.json
[2024-05-26T08:32:50.385+0000] {json2sql_dag.py:91} INFO - Processing data...
[2024-05-26T08:32:50.387+0000] {json2sql_dag.py:87} INFO - Processing JSON file: data_20240526_004003.json
[2024-05-26T08:32:50.393+0000] {json2sql_dag.py:91} INFO - Processing data...
[2024-05-26T08:32:50.395+0000] {json2sql_dag.py:87} INFO - Processing JSON file: data_20240526_004204.json
[2024-05-26T08:32:50.402+0000] {json2sql_dag.py:91} INFO - Processing data...
[2024-05-26T08:32:50.404+0000] {json2sql_dag.py:87} INFO - Processing JSON file: data_20240526_004352.json
[2024-05-26T08:32:50.411+0000] {json2sql_dag.py:91} INFO - Processing data...
[2024-05-26T08:32:50.412+0000] {json2sql_dag.py:87} INFO - Processing JSON file: data_20240526_004402.json
[2024-05-26T08:32:50.549+0000] {json2sql_dag.py:91} INFO - Processing data...
[2024-05-26T08:32:50.551+0000] {json2sql_dag.py:87} INFO - Processing JSON file: data_20240526_004803.json
[2024-05-26T08:32:50.559+0000] {json2sql_dag.py:91} INFO - Processing data...
[2024-05-26T08:32:50.561+0000] {json2sql_dag.py:87} INFO - Processing JSON file: data_20240526_005003.json
[2024-05-26T08:32:50.568+0000] {json2sql_dag.py:91} INFO - Processing data...
[2024-05-26T08:32:50.570+0000] {json2sql_dag.py:87} INFO - Processing JSON file: data_20240526_005203.json
[2024-05-26T08:32:50.577+0000] {json2sql_dag.py:91} INFO - Processing data...
[2024-05-26T08:32:50.578+0000] {json2sql_dag.py:87} INFO - Processing JSON file: data_20240526_005403.json
[2024-05-26T08:32:50.586+0000] {json2sql_dag.py:91} INFO - Processing data...
[2024-05-26T08:32:50.587+0000] {json2sql_dag.py:87} INFO - Processing JSON file: data_20240526_005603.json
[2024-05-26T08:32:50.594+0000] {json2sql_dag.py:91} INFO - Processing data...
[2024-05-26T08:32:50.596+0000] {json2sql_dag.py:87} INFO - Processing JSON file: data_20240526_005803.json
[2024-05-26T08:32:50.603+0000] {json2sql_dag.py:91} INFO - Processing data...
[2024-05-26T08:32:50.604+0000] {json2sql_dag.py:87} INFO - Processing JSON file: data_20240526_010004.json
[2024-05-26T08:32:50.611+0000] {json2sql_dag.py:91} INFO - Processing data...
[2024-05-26T08:32:50.612+0000] {json2sql_dag.py:87} INFO - Processing JSON file: data_20240526_010203.json
[2024-05-26T08:32:50.619+0000] {json2sql_dag.py:91} INFO - Processing data...
[2024-05-26T08:32:50.621+0000] {json2sql_dag.py:87} INFO - Processing JSON file: data_20240526_010403.json
[2024-05-26T08:32:50.629+0000] {json2sql_dag.py:91} INFO - Processing data...
[2024-05-26T08:32:50.630+0000] {json2sql_dag.py:87} INFO - Processing JSON file: data_20240526_010603.json
[2024-05-26T08:32:50.637+0000] {json2sql_dag.py:91} INFO - Processing data...
[2024-05-26T08:32:50.639+0000] {json2sql_dag.py:87} INFO - Processing JSON file: data_20240526_010803.json
[2024-05-26T08:32:50.645+0000] {json2sql_dag.py:91} INFO - Processing data...
[2024-05-26T08:32:50.647+0000] {json2sql_dag.py:87} INFO - Processing JSON file: data_20240526_011003.json
[2024-05-26T08:32:50.767+0000] {json2sql_dag.py:91} INFO - Processing data...
[2024-05-26T08:32:50.770+0000] {json2sql_dag.py:87} INFO - Processing JSON file: data_20240526_011204.json
[2024-05-26T08:32:50.777+0000] {json2sql_dag.py:91} INFO - Processing data...
[2024-05-26T08:32:50.779+0000] {json2sql_dag.py:87} INFO - Processing JSON file: data_20240526_011403.json
[2024-05-26T08:32:50.786+0000] {json2sql_dag.py:91} INFO - Processing data...
[2024-05-26T08:32:50.787+0000] {json2sql_dag.py:87} INFO - Processing JSON file: data_20240526_011603.json
[2024-05-26T08:32:50.793+0000] {json2sql_dag.py:91} INFO - Processing data...
[2024-05-26T08:32:50.795+0000] {json2sql_dag.py:87} INFO - Processing JSON file: data_20240526_011803.json
[2024-05-26T08:32:50.802+0000] {json2sql_dag.py:91} INFO - Processing data...
[2024-05-26T08:32:50.803+0000] {json2sql_dag.py:87} INFO - Processing JSON file: data_20240526_012003.json
[2024-05-26T08:32:50.810+0000] {json2sql_dag.py:91} INFO - Processing data...
[2024-05-26T08:32:50.811+0000] {json2sql_dag.py:87} INFO - Processing JSON file: data_20240526_012203.json
[2024-05-26T08:32:50.819+0000] {json2sql_dag.py:91} INFO - Processing data...
[2024-05-26T08:32:50.821+0000] {json2sql_dag.py:87} INFO - Processing JSON file: data_20240526_012403.json
[2024-05-26T08:32:50.828+0000] {json2sql_dag.py:91} INFO - Processing data...
[2024-05-26T08:32:50.829+0000] {json2sql_dag.py:87} INFO - Processing JSON file: data_20240526_012603.json
[2024-05-26T08:32:50.838+0000] {json2sql_dag.py:91} INFO - Processing data...
[2024-05-26T08:32:50.839+0000] {json2sql_dag.py:87} INFO - Processing JSON file: data_20240526_012803.json
[2024-05-26T08:32:50.846+0000] {json2sql_dag.py:91} INFO - Processing data...
[2024-05-26T08:32:50.849+0000] {json2sql_dag.py:87} INFO - Processing JSON file: data_20240526_013003.json
[2024-05-26T08:32:50.856+0000] {json2sql_dag.py:91} INFO - Processing data...
[2024-05-26T08:32:50.857+0000] {json2sql_dag.py:87} INFO - Processing JSON file: data_20240526_013203.json
[2024-05-26T08:32:50.865+0000] {json2sql_dag.py:91} INFO - Processing data...
[2024-05-26T08:32:50.866+0000] {json2sql_dag.py:87} INFO - Processing JSON file: data_20240526_013402.json
[2024-05-26T08:32:50.988+0000] {json2sql_dag.py:91} INFO - Processing data...
[2024-05-26T08:32:50.990+0000] {json2sql_dag.py:87} INFO - Processing JSON file: data_20240526_013603.json
[2024-05-26T08:32:50.999+0000] {json2sql_dag.py:91} INFO - Processing data...
[2024-05-26T08:32:51.001+0000] {json2sql_dag.py:87} INFO - Processing JSON file: data_20240526_013804.json
[2024-05-26T08:32:51.009+0000] {json2sql_dag.py:91} INFO - Processing data...
[2024-05-26T08:32:51.010+0000] {json2sql_dag.py:87} INFO - Processing JSON file: data_20240526_014003.json
[2024-05-26T08:32:51.017+0000] {json2sql_dag.py:91} INFO - Processing data...
[2024-05-26T08:32:51.019+0000] {json2sql_dag.py:87} INFO - Processing JSON file: data_20240526_014203.json
[2024-05-26T08:32:51.027+0000] {json2sql_dag.py:91} INFO - Processing data...
[2024-05-26T08:32:51.028+0000] {json2sql_dag.py:87} INFO - Processing JSON file: data_20240526_014403.json
[2024-05-26T08:32:51.037+0000] {json2sql_dag.py:91} INFO - Processing data...
[2024-05-26T08:32:51.038+0000] {json2sql_dag.py:87} INFO - Processing JSON file: data_20240526_014603.json
[2024-05-26T08:32:51.045+0000] {json2sql_dag.py:91} INFO - Processing data...
[2024-05-26T08:32:51.047+0000] {json2sql_dag.py:87} INFO - Processing JSON file: data_20240526_014802.json
[2024-05-26T08:32:51.054+0000] {json2sql_dag.py:91} INFO - Processing data...
[2024-05-26T08:32:51.055+0000] {json2sql_dag.py:87} INFO - Processing JSON file: data_20240526_015003.json
[2024-05-26T08:32:51.063+0000] {json2sql_dag.py:91} INFO - Processing data...
[2024-05-26T08:32:51.064+0000] {json2sql_dag.py:87} INFO - Processing JSON file: data_20240526_015203.json
[2024-05-26T08:32:51.072+0000] {json2sql_dag.py:91} INFO - Processing data...
[2024-05-26T08:32:51.073+0000] {json2sql_dag.py:87} INFO - Processing JSON file: data_20240526_015403.json
[2024-05-26T08:32:51.080+0000] {json2sql_dag.py:91} INFO - Processing data...
[2024-05-26T08:32:51.082+0000] {json2sql_dag.py:87} INFO - Processing JSON file: data_20240526_015603.json
[2024-05-26T08:32:51.089+0000] {json2sql_dag.py:91} INFO - Processing data...
[2024-05-26T08:32:51.091+0000] {json2sql_dag.py:87} INFO - Processing JSON file: data_20240526_015802.json
[2024-05-26T08:32:51.213+0000] {json2sql_dag.py:91} INFO - Processing data...
[2024-05-26T08:32:51.215+0000] {json2sql_dag.py:87} INFO - Processing JSON file: data_20240526_020004.json
[2024-05-26T08:32:51.223+0000] {json2sql_dag.py:91} INFO - Processing data...
[2024-05-26T08:32:51.225+0000] {json2sql_dag.py:87} INFO - Processing JSON file: data_20240526_020203.json
[2024-05-26T08:32:51.232+0000] {json2sql_dag.py:91} INFO - Processing data...
[2024-05-26T08:32:51.233+0000] {json2sql_dag.py:87} INFO - Processing JSON file: data_20240526_020404.json
[2024-05-26T08:32:51.240+0000] {json2sql_dag.py:91} INFO - Processing data...
[2024-05-26T08:32:51.242+0000] {json2sql_dag.py:87} INFO - Processing JSON file: data_20240526_020603.json
[2024-05-26T08:32:51.249+0000] {json2sql_dag.py:91} INFO - Processing data...
[2024-05-26T08:32:51.251+0000] {json2sql_dag.py:87} INFO - Processing JSON file: data_20240526_020803.json
[2024-05-26T08:32:51.257+0000] {json2sql_dag.py:91} INFO - Processing data...
[2024-05-26T08:32:51.259+0000] {json2sql_dag.py:87} INFO - Processing JSON file: data_20240526_021003.json
[2024-05-26T08:32:51.266+0000] {json2sql_dag.py:91} INFO - Processing data...
[2024-05-26T08:32:51.268+0000] {json2sql_dag.py:87} INFO - Processing JSON file: data_20240526_021202.json
[2024-05-26T08:32:51.275+0000] {json2sql_dag.py:91} INFO - Processing data...
[2024-05-26T08:32:51.277+0000] {json2sql_dag.py:87} INFO - Processing JSON file: data_20240526_021403.json
[2024-05-26T08:32:51.284+0000] {json2sql_dag.py:91} INFO - Processing data...
[2024-05-26T08:32:51.285+0000] {json2sql_dag.py:87} INFO - Processing JSON file: data_20240526_021602.json
[2024-05-26T08:32:51.292+0000] {json2sql_dag.py:91} INFO - Processing data...
[2024-05-26T08:32:51.294+0000] {json2sql_dag.py:87} INFO - Processing JSON file: data_20240526_021803.json
[2024-05-26T08:32:51.301+0000] {json2sql_dag.py:91} INFO - Processing data...
[2024-05-26T08:32:51.303+0000] {json2sql_dag.py:87} INFO - Processing JSON file: data_20240526_022003.json
[2024-05-26T08:32:51.309+0000] {json2sql_dag.py:91} INFO - Processing data...
[2024-05-26T08:32:51.311+0000] {json2sql_dag.py:87} INFO - Processing JSON file: data_20240526_022202.json
[2024-05-26T08:32:51.435+0000] {json2sql_dag.py:91} INFO - Processing data...
[2024-05-26T08:32:51.437+0000] {json2sql_dag.py:87} INFO - Processing JSON file: data_20240526_022403.json
[2024-05-26T08:32:51.445+0000] {json2sql_dag.py:91} INFO - Processing data...
[2024-05-26T08:32:51.448+0000] {json2sql_dag.py:87} INFO - Processing JSON file: data_20240526_022603.json
[2024-05-26T08:32:51.456+0000] {json2sql_dag.py:91} INFO - Processing data...
[2024-05-26T08:32:51.458+0000] {json2sql_dag.py:87} INFO - Processing JSON file: data_20240526_022803.json
[2024-05-26T08:32:51.465+0000] {json2sql_dag.py:91} INFO - Processing data...
[2024-05-26T08:32:51.467+0000] {json2sql_dag.py:87} INFO - Processing JSON file: data_20240526_023003.json
[2024-05-26T08:32:51.475+0000] {json2sql_dag.py:91} INFO - Processing data...
[2024-05-26T08:32:51.477+0000] {json2sql_dag.py:87} INFO - Processing JSON file: data_20240526_023202.json
[2024-05-26T08:32:51.484+0000] {json2sql_dag.py:91} INFO - Processing data...
[2024-05-26T08:32:51.486+0000] {json2sql_dag.py:87} INFO - Processing JSON file: data_20240526_023403.json
[2024-05-26T08:32:51.494+0000] {json2sql_dag.py:91} INFO - Processing data...
[2024-05-26T08:32:51.495+0000] {json2sql_dag.py:87} INFO - Processing JSON file: data_20240526_023603.json
[2024-05-26T08:32:51.502+0000] {json2sql_dag.py:91} INFO - Processing data...
[2024-05-26T08:32:51.504+0000] {json2sql_dag.py:87} INFO - Processing JSON file: data_20240526_023803.json
[2024-05-26T08:32:51.511+0000] {json2sql_dag.py:91} INFO - Processing data...
[2024-05-26T08:32:51.513+0000] {json2sql_dag.py:87} INFO - Processing JSON file: data_20240526_024003.json
[2024-05-26T08:32:51.521+0000] {json2sql_dag.py:91} INFO - Processing data...
[2024-05-26T08:32:51.523+0000] {json2sql_dag.py:87} INFO - Processing JSON file: data_20240526_024203.json
[2024-05-26T08:32:51.531+0000] {json2sql_dag.py:91} INFO - Processing data...
[2024-05-26T08:32:51.533+0000] {json2sql_dag.py:87} INFO - Processing JSON file: data_20240526_024403.json
[2024-05-26T08:32:51.541+0000] {json2sql_dag.py:91} INFO - Processing data...
[2024-05-26T08:32:51.544+0000] {json2sql_dag.py:87} INFO - Processing JSON file: data_20240526_024602.json
[2024-05-26T08:32:51.680+0000] {json2sql_dag.py:91} INFO - Processing data...
[2024-05-26T08:32:51.683+0000] {json2sql_dag.py:87} INFO - Processing JSON file: data_20240526_024803.json
[2024-05-26T08:32:51.691+0000] {json2sql_dag.py:91} INFO - Processing data...
[2024-05-26T08:32:51.693+0000] {json2sql_dag.py:87} INFO - Processing JSON file: data_20240526_025004.json
[2024-05-26T08:32:51.701+0000] {json2sql_dag.py:91} INFO - Processing data...
[2024-05-26T08:32:51.702+0000] {json2sql_dag.py:87} INFO - Processing JSON file: data_20240526_025203.json
[2024-05-26T08:32:51.710+0000] {json2sql_dag.py:91} INFO - Processing data...
[2024-05-26T08:32:51.712+0000] {json2sql_dag.py:87} INFO - Processing JSON file: data_20240526_025403.json
[2024-05-26T08:32:51.720+0000] {json2sql_dag.py:91} INFO - Processing data...
[2024-05-26T08:32:51.722+0000] {json2sql_dag.py:87} INFO - Processing JSON file: data_20240526_025603.json
[2024-05-26T08:32:51.730+0000] {json2sql_dag.py:91} INFO - Processing data...
[2024-05-26T08:32:51.732+0000] {json2sql_dag.py:87} INFO - Processing JSON file: data_20240526_025803.json
[2024-05-26T08:32:51.739+0000] {json2sql_dag.py:91} INFO - Processing data...
[2024-05-26T08:32:51.741+0000] {json2sql_dag.py:87} INFO - Processing JSON file: data_20240526_030003.json
[2024-05-26T08:32:51.749+0000] {json2sql_dag.py:91} INFO - Processing data...
[2024-05-26T08:32:51.752+0000] {json2sql_dag.py:87} INFO - Processing JSON file: data_20240526_030203.json
[2024-05-26T08:32:51.759+0000] {json2sql_dag.py:91} INFO - Processing data...
[2024-05-26T08:32:51.761+0000] {json2sql_dag.py:87} INFO - Processing JSON file: data_20240526_030403.json
[2024-05-26T08:32:51.769+0000] {json2sql_dag.py:91} INFO - Processing data...
[2024-05-26T08:32:51.771+0000] {json2sql_dag.py:87} INFO - Processing JSON file: data_20240526_030603.json
[2024-05-26T08:32:51.780+0000] {json2sql_dag.py:91} INFO - Processing data...
[2024-05-26T08:32:51.783+0000] {json2sql_dag.py:87} INFO - Processing JSON file: data_20240526_030804.json
[2024-05-26T08:32:51.791+0000] {json2sql_dag.py:91} INFO - Processing data...
[2024-05-26T08:32:51.794+0000] {json2sql_dag.py:87} INFO - Processing JSON file: data_20240526_031003.json
[2024-05-26T08:32:51.938+0000] {json2sql_dag.py:91} INFO - Processing data...
[2024-05-26T08:32:51.942+0000] {json2sql_dag.py:87} INFO - Processing JSON file: data_20240526_031203.json
[2024-05-26T08:32:51.950+0000] {json2sql_dag.py:91} INFO - Processing data...
[2024-05-26T08:32:51.953+0000] {json2sql_dag.py:87} INFO - Processing JSON file: data_20240526_031403.json
[2024-05-26T08:32:51.961+0000] {json2sql_dag.py:91} INFO - Processing data...
[2024-05-26T08:32:51.963+0000] {json2sql_dag.py:87} INFO - Processing JSON file: data_20240526_031604.json
[2024-05-26T08:32:51.972+0000] {json2sql_dag.py:91} INFO - Processing data...
[2024-05-26T08:32:51.974+0000] {json2sql_dag.py:87} INFO - Processing JSON file: data_20240526_031803.json
[2024-05-26T08:32:51.982+0000] {json2sql_dag.py:91} INFO - Processing data...
[2024-05-26T08:32:51.984+0000] {json2sql_dag.py:87} INFO - Processing JSON file: data_20240526_032003.json
[2024-05-26T08:32:51.992+0000] {json2sql_dag.py:91} INFO - Processing data...
[2024-05-26T08:32:51.994+0000] {json2sql_dag.py:87} INFO - Processing JSON file: data_20240526_032203.json
[2024-05-26T08:32:52.001+0000] {json2sql_dag.py:91} INFO - Processing data...
[2024-05-26T08:32:52.003+0000] {json2sql_dag.py:87} INFO - Processing JSON file: data_20240526_032403.json
[2024-05-26T08:32:52.011+0000] {json2sql_dag.py:91} INFO - Processing data...
[2024-05-26T08:32:52.014+0000] {json2sql_dag.py:87} INFO - Processing JSON file: data_20240526_032603.json
[2024-05-26T08:32:52.022+0000] {json2sql_dag.py:91} INFO - Processing data...
[2024-05-26T08:32:52.024+0000] {json2sql_dag.py:87} INFO - Processing JSON file: data_20240526_032803.json
[2024-05-26T08:32:52.031+0000] {json2sql_dag.py:91} INFO - Processing data...
[2024-05-26T08:32:52.034+0000] {json2sql_dag.py:87} INFO - Processing JSON file: data_20240526_033003.json
[2024-05-26T08:32:52.041+0000] {json2sql_dag.py:91} INFO - Processing data...
[2024-05-26T08:32:52.044+0000] {json2sql_dag.py:87} INFO - Processing JSON file: data_20240526_033203.json
[2024-05-26T08:32:52.052+0000] {json2sql_dag.py:91} INFO - Processing data...
[2024-05-26T08:32:52.054+0000] {json2sql_dag.py:87} INFO - Processing JSON file: data_20240526_033402.json
[2024-05-26T08:32:52.062+0000] {json2sql_dag.py:91} INFO - Processing data...
[2024-05-26T08:32:52.190+0000] {json2sql_dag.py:87} INFO - Processing JSON file: data_20240526_033603.json
[2024-05-26T08:32:52.198+0000] {json2sql_dag.py:91} INFO - Processing data...
[2024-05-26T08:32:52.201+0000] {json2sql_dag.py:87} INFO - Processing JSON file: data_20240526_033806.json
[2024-05-26T08:32:52.208+0000] {json2sql_dag.py:91} INFO - Processing data...
[2024-05-26T08:32:52.212+0000] {json2sql_dag.py:87} INFO - Processing JSON file: data_20240526_034003.json
[2024-05-26T08:32:52.219+0000] {json2sql_dag.py:91} INFO - Processing data...
[2024-05-26T08:32:52.223+0000] {json2sql_dag.py:87} INFO - Processing JSON file: data_20240526_034203.json
[2024-05-26T08:32:52.230+0000] {json2sql_dag.py:91} INFO - Processing data...
[2024-05-26T08:32:52.234+0000] {json2sql_dag.py:87} INFO - Processing JSON file: data_20240526_034404.json
[2024-05-26T08:32:52.241+0000] {json2sql_dag.py:91} INFO - Processing data...
[2024-05-26T08:32:52.244+0000] {json2sql_dag.py:87} INFO - Processing JSON file: data_20240526_034603.json
[2024-05-26T08:32:52.251+0000] {json2sql_dag.py:91} INFO - Processing data...
[2024-05-26T08:32:52.254+0000] {json2sql_dag.py:87} INFO - Processing JSON file: data_20240526_034803.json
[2024-05-26T08:32:52.261+0000] {json2sql_dag.py:91} INFO - Processing data...
[2024-05-26T08:32:52.264+0000] {json2sql_dag.py:87} INFO - Processing JSON file: data_20240526_035003.json
[2024-05-26T08:32:52.271+0000] {json2sql_dag.py:91} INFO - Processing data...
[2024-05-26T08:32:52.274+0000] {json2sql_dag.py:87} INFO - Processing JSON file: data_20240526_035203.json
[2024-05-26T08:32:52.281+0000] {json2sql_dag.py:91} INFO - Processing data...
[2024-05-26T08:32:52.284+0000] {json2sql_dag.py:87} INFO - Processing JSON file: data_20240526_035403.json
[2024-05-26T08:32:52.291+0000] {json2sql_dag.py:91} INFO - Processing data...
[2024-05-26T08:32:52.294+0000] {json2sql_dag.py:87} INFO - Processing JSON file: data_20240526_035604.json
[2024-05-26T08:32:52.301+0000] {json2sql_dag.py:91} INFO - Processing data...
[2024-05-26T08:32:52.303+0000] {json2sql_dag.py:87} INFO - Processing JSON file: data_20240526_035803.json
[2024-05-26T08:32:52.310+0000] {json2sql_dag.py:91} INFO - Processing data...
[2024-05-26T08:32:52.314+0000] {json2sql_dag.py:87} INFO - Processing JSON file: data_20240526_040003.json
[2024-05-26T08:32:52.437+0000] {json2sql_dag.py:91} INFO - Processing data...
[2024-05-26T08:32:52.439+0000] {json2sql_dag.py:87} INFO - Processing JSON file: data_20240526_040203.json
[2024-05-26T08:32:52.447+0000] {json2sql_dag.py:91} INFO - Processing data...
[2024-05-26T08:32:52.449+0000] {json2sql_dag.py:87} INFO - Processing JSON file: data_20240526_040403.json
[2024-05-26T08:32:52.456+0000] {json2sql_dag.py:91} INFO - Processing data...
[2024-05-26T08:32:52.458+0000] {json2sql_dag.py:87} INFO - Processing JSON file: data_20240526_040603.json
[2024-05-26T08:32:52.466+0000] {json2sql_dag.py:91} INFO - Processing data...
[2024-05-26T08:32:52.468+0000] {json2sql_dag.py:87} INFO - Processing JSON file: data_20240526_040803.json
[2024-05-26T08:32:52.475+0000] {json2sql_dag.py:91} INFO - Processing data...
[2024-05-26T08:32:52.477+0000] {json2sql_dag.py:87} INFO - Processing JSON file: data_20240526_041003.json
[2024-05-26T08:32:52.481+0000] {json2sql_dag.py:91} INFO - Processing data...
[2024-05-26T08:32:52.482+0000] {json2sql_dag.py:87} INFO - Processing JSON file: data_20240526_041203.json
[2024-05-26T08:32:52.488+0000] {json2sql_dag.py:91} INFO - Processing data...
[2024-05-26T08:32:52.490+0000] {json2sql_dag.py:87} INFO - Processing JSON file: data_20240526_041403.json
[2024-05-26T08:32:52.497+0000] {json2sql_dag.py:91} INFO - Processing data...
[2024-05-26T08:32:52.498+0000] {json2sql_dag.py:87} INFO - Processing JSON file: data_20240526_041607.json
[2024-05-26T08:32:52.505+0000] {json2sql_dag.py:91} INFO - Processing data...
[2024-05-26T08:32:52.507+0000] {json2sql_dag.py:87} INFO - Processing JSON file: data_20240526_041804.json
[2024-05-26T08:32:52.513+0000] {json2sql_dag.py:91} INFO - Processing data...
[2024-05-26T08:32:52.515+0000] {json2sql_dag.py:87} INFO - Processing JSON file: data_20240526_042002.json
[2024-05-26T08:32:52.522+0000] {json2sql_dag.py:91} INFO - Processing data...
[2024-05-26T08:32:52.523+0000] {json2sql_dag.py:87} INFO - Processing JSON file: data_20240526_042204.json
[2024-05-26T08:32:52.530+0000] {json2sql_dag.py:91} INFO - Processing data...
[2024-05-26T08:32:52.532+0000] {json2sql_dag.py:87} INFO - Processing JSON file: data_20240526_042403.json
[2024-05-26T08:32:52.658+0000] {json2sql_dag.py:91} INFO - Processing data...
[2024-05-26T08:32:52.660+0000] {json2sql_dag.py:87} INFO - Processing JSON file: data_20240526_042602.json
[2024-05-26T08:32:52.668+0000] {json2sql_dag.py:91} INFO - Processing data...
[2024-05-26T08:32:52.669+0000] {json2sql_dag.py:87} INFO - Processing JSON file: data_20240526_042804.json
[2024-05-26T08:32:52.676+0000] {json2sql_dag.py:91} INFO - Processing data...
[2024-05-26T08:32:52.678+0000] {json2sql_dag.py:87} INFO - Processing JSON file: data_20240526_043002.json
[2024-05-26T08:32:52.685+0000] {json2sql_dag.py:91} INFO - Processing data...
[2024-05-26T08:32:52.687+0000] {json2sql_dag.py:87} INFO - Processing JSON file: data_20240526_043203.json
[2024-05-26T08:32:52.694+0000] {json2sql_dag.py:91} INFO - Processing data...
[2024-05-26T08:32:52.695+0000] {json2sql_dag.py:87} INFO - Processing JSON file: data_20240526_043403.json
[2024-05-26T08:32:52.703+0000] {json2sql_dag.py:91} INFO - Processing data...
[2024-05-26T08:32:52.704+0000] {json2sql_dag.py:87} INFO - Processing JSON file: data_20240526_043602.json
[2024-05-26T08:32:52.712+0000] {json2sql_dag.py:91} INFO - Processing data...
[2024-05-26T08:32:52.713+0000] {json2sql_dag.py:87} INFO - Processing JSON file: data_20240526_043803.json
[2024-05-26T08:32:52.720+0000] {json2sql_dag.py:91} INFO - Processing data...
[2024-05-26T08:32:52.722+0000] {json2sql_dag.py:87} INFO - Processing JSON file: data_20240526_044003.json
[2024-05-26T08:32:52.729+0000] {json2sql_dag.py:91} INFO - Processing data...
[2024-05-26T08:32:52.730+0000] {json2sql_dag.py:87} INFO - Processing JSON file: data_20240526_044203.json
[2024-05-26T08:32:52.737+0000] {json2sql_dag.py:91} INFO - Processing data...
[2024-05-26T08:32:52.739+0000] {json2sql_dag.py:87} INFO - Processing JSON file: data_20240526_044403.json
[2024-05-26T08:32:52.746+0000] {json2sql_dag.py:91} INFO - Processing data...
[2024-05-26T08:32:52.748+0000] {json2sql_dag.py:87} INFO - Processing JSON file: data_20240526_044602.json
[2024-05-26T08:32:52.755+0000] {json2sql_dag.py:91} INFO - Processing data...
[2024-05-26T08:32:52.756+0000] {json2sql_dag.py:87} INFO - Processing JSON file: data_20240526_044803.json
[2024-05-26T08:32:52.878+0000] {json2sql_dag.py:91} INFO - Processing data...
[2024-05-26T08:32:52.881+0000] {json2sql_dag.py:87} INFO - Processing JSON file: data_20240526_045002.json
[2024-05-26T08:32:52.888+0000] {json2sql_dag.py:91} INFO - Processing data...
[2024-05-26T08:32:52.890+0000] {json2sql_dag.py:87} INFO - Processing JSON file: data_20240526_045204.json
[2024-05-26T08:32:52.897+0000] {json2sql_dag.py:91} INFO - Processing data...
[2024-05-26T08:32:52.899+0000] {json2sql_dag.py:87} INFO - Processing JSON file: data_20240526_045403.json
[2024-05-26T08:32:52.906+0000] {json2sql_dag.py:91} INFO - Processing data...
[2024-05-26T08:32:52.907+0000] {json2sql_dag.py:87} INFO - Processing JSON file: data_20240526_045602.json
[2024-05-26T08:32:52.915+0000] {json2sql_dag.py:91} INFO - Processing data...
[2024-05-26T08:32:52.916+0000] {json2sql_dag.py:87} INFO - Processing JSON file: data_20240526_045804.json
[2024-05-26T08:32:52.923+0000] {json2sql_dag.py:91} INFO - Processing data...
[2024-05-26T08:32:52.925+0000] {json2sql_dag.py:87} INFO - Processing JSON file: data_20240526_050002.json
[2024-05-26T08:32:52.932+0000] {json2sql_dag.py:91} INFO - Processing data...
[2024-05-26T08:32:52.933+0000] {json2sql_dag.py:87} INFO - Processing JSON file: data_20240526_050203.json
[2024-05-26T08:32:52.940+0000] {json2sql_dag.py:91} INFO - Processing data...
[2024-05-26T08:32:52.942+0000] {json2sql_dag.py:87} INFO - Processing JSON file: data_20240526_050403.json
[2024-05-26T08:32:52.948+0000] {json2sql_dag.py:91} INFO - Processing data...
[2024-05-26T08:32:52.950+0000] {json2sql_dag.py:87} INFO - Processing JSON file: data_20240526_050603.json
[2024-05-26T08:32:52.957+0000] {json2sql_dag.py:91} INFO - Processing data...
[2024-05-26T08:32:52.958+0000] {json2sql_dag.py:87} INFO - Processing JSON file: data_20240526_050802.json
[2024-05-26T08:32:52.965+0000] {json2sql_dag.py:91} INFO - Processing data...
[2024-05-26T08:32:52.967+0000] {json2sql_dag.py:87} INFO - Processing JSON file: data_20240526_051003.json
[2024-05-26T08:32:52.974+0000] {json2sql_dag.py:91} INFO - Processing data...
[2024-05-26T08:32:52.975+0000] {json2sql_dag.py:87} INFO - Processing JSON file: data_20240526_051203.json
[2024-05-26T08:32:53.100+0000] {json2sql_dag.py:91} INFO - Processing data...
[2024-05-26T08:32:53.103+0000] {json2sql_dag.py:87} INFO - Processing JSON file: data_20240526_051404.json
[2024-05-26T08:32:53.110+0000] {json2sql_dag.py:91} INFO - Processing data...
[2024-05-26T08:32:53.112+0000] {json2sql_dag.py:87} INFO - Processing JSON file: data_20240526_051603.json
[2024-05-26T08:32:53.118+0000] {json2sql_dag.py:91} INFO - Processing data...
[2024-05-26T08:32:53.120+0000] {json2sql_dag.py:87} INFO - Processing JSON file: data_20240526_051803.json
[2024-05-26T08:32:53.127+0000] {json2sql_dag.py:91} INFO - Processing data...
[2024-05-26T08:32:53.129+0000] {json2sql_dag.py:87} INFO - Processing JSON file: data_20240526_052003.json
[2024-05-26T08:32:53.136+0000] {json2sql_dag.py:91} INFO - Processing data...
[2024-05-26T08:32:53.137+0000] {json2sql_dag.py:87} INFO - Processing JSON file: data_20240526_052204.json
[2024-05-26T08:32:53.144+0000] {json2sql_dag.py:91} INFO - Processing data...
[2024-05-26T08:32:53.146+0000] {json2sql_dag.py:87} INFO - Processing JSON file: data_20240526_052402.json
[2024-05-26T08:32:53.153+0000] {json2sql_dag.py:91} INFO - Processing data...
[2024-05-26T08:32:53.154+0000] {json2sql_dag.py:87} INFO - Processing JSON file: data_20240526_052603.json
[2024-05-26T08:32:53.161+0000] {json2sql_dag.py:91} INFO - Processing data...
[2024-05-26T08:32:53.163+0000] {json2sql_dag.py:87} INFO - Processing JSON file: data_20240526_052803.json
[2024-05-26T08:32:53.172+0000] {json2sql_dag.py:91} INFO - Processing data...
[2024-05-26T08:32:53.174+0000] {json2sql_dag.py:87} INFO - Processing JSON file: data_20240526_053003.json
[2024-05-26T08:32:53.180+0000] {json2sql_dag.py:91} INFO - Processing data...
[2024-05-26T08:32:53.182+0000] {json2sql_dag.py:87} INFO - Processing JSON file: data_20240526_053203.json
[2024-05-26T08:32:53.189+0000] {json2sql_dag.py:91} INFO - Processing data...
[2024-05-26T08:32:53.190+0000] {json2sql_dag.py:87} INFO - Processing JSON file: data_20240526_053403.json
[2024-05-26T08:32:53.197+0000] {json2sql_dag.py:91} INFO - Processing data...
[2024-05-26T08:32:53.199+0000] {json2sql_dag.py:87} INFO - Processing JSON file: data_20240526_053603.json
[2024-05-26T08:32:53.324+0000] {json2sql_dag.py:91} INFO - Processing data...
[2024-05-26T08:32:53.326+0000] {json2sql_dag.py:87} INFO - Processing JSON file: data_20240526_053805.json
[2024-05-26T08:32:53.334+0000] {json2sql_dag.py:91} INFO - Processing data...
[2024-05-26T08:32:53.336+0000] {json2sql_dag.py:87} INFO - Processing JSON file: data_20240526_054002.json
[2024-05-26T08:32:53.342+0000] {json2sql_dag.py:91} INFO - Processing data...
[2024-05-26T08:32:53.344+0000] {json2sql_dag.py:87} INFO - Processing JSON file: data_20240526_054203.json
[2024-05-26T08:32:53.351+0000] {json2sql_dag.py:91} INFO - Processing data...
[2024-05-26T08:32:53.353+0000] {json2sql_dag.py:87} INFO - Processing JSON file: data_20240526_054403.json
[2024-05-26T08:32:53.360+0000] {json2sql_dag.py:91} INFO - Processing data...
[2024-05-26T08:32:53.362+0000] {json2sql_dag.py:87} INFO - Processing JSON file: data_20240526_054603.json
[2024-05-26T08:32:53.371+0000] {json2sql_dag.py:91} INFO - Processing data...
[2024-05-26T08:32:53.373+0000] {json2sql_dag.py:87} INFO - Processing JSON file: data_20240526_054803.json
[2024-05-26T08:32:53.381+0000] {json2sql_dag.py:91} INFO - Processing data...
[2024-05-26T08:32:53.383+0000] {json2sql_dag.py:87} INFO - Processing JSON file: data_20240526_055003.json
[2024-05-26T08:32:53.390+0000] {json2sql_dag.py:91} INFO - Processing data...
[2024-05-26T08:32:53.392+0000] {json2sql_dag.py:87} INFO - Processing JSON file: data_20240526_055203.json
[2024-05-26T08:32:53.401+0000] {json2sql_dag.py:91} INFO - Processing data...
[2024-05-26T08:32:53.405+0000] {json2sql_dag.py:87} INFO - Processing JSON file: data_20240526_055402.json
[2024-05-26T08:32:53.412+0000] {json2sql_dag.py:91} INFO - Processing data...
[2024-05-26T08:32:53.415+0000] {json2sql_dag.py:87} INFO - Processing JSON file: data_20240526_055603.json
[2024-05-26T08:32:53.423+0000] {json2sql_dag.py:91} INFO - Processing data...
[2024-05-26T08:32:53.425+0000] {json2sql_dag.py:87} INFO - Processing JSON file: data_20240526_055804.json
[2024-05-26T08:32:53.432+0000] {json2sql_dag.py:91} INFO - Processing data...
[2024-05-26T08:32:53.435+0000] {json2sql_dag.py:87} INFO - Processing JSON file: data_20240526_060003.json
[2024-05-26T08:32:53.442+0000] {json2sql_dag.py:91} INFO - Processing data...
[2024-05-26T08:32:53.575+0000] {json2sql_dag.py:87} INFO - Processing JSON file: data_20240526_060203.json
[2024-05-26T08:32:53.585+0000] {json2sql_dag.py:91} INFO - Processing data...
[2024-05-26T08:32:53.589+0000] {json2sql_dag.py:87} INFO - Processing JSON file: data_20240526_060403.json
[2024-05-26T08:32:53.599+0000] {json2sql_dag.py:91} INFO - Processing data...
[2024-05-26T08:32:53.603+0000] {json2sql_dag.py:87} INFO - Processing JSON file: data_20240526_060603.json
[2024-05-26T08:32:53.613+0000] {json2sql_dag.py:91} INFO - Processing data...
[2024-05-26T08:32:53.617+0000] {json2sql_dag.py:87} INFO - Processing JSON file: data_20240526_060803.json
[2024-05-26T08:32:53.622+0000] {json2sql_dag.py:91} INFO - Processing data...
[2024-05-26T08:32:53.625+0000] {json2sql_dag.py:87} INFO - Processing JSON file: data_20240526_061003.json
[2024-05-26T08:32:53.636+0000] {json2sql_dag.py:91} INFO - Processing data...
[2024-05-26T08:32:53.638+0000] {json2sql_dag.py:87} INFO - Processing JSON file: data_20240526_061203.json
[2024-05-26T08:32:53.649+0000] {json2sql_dag.py:91} INFO - Processing data...
[2024-05-26T08:32:53.652+0000] {json2sql_dag.py:87} INFO - Processing JSON file: data_20240526_061403.json
[2024-05-26T08:32:53.661+0000] {json2sql_dag.py:91} INFO - Processing data...
[2024-05-26T08:32:53.663+0000] {json2sql_dag.py:87} INFO - Processing JSON file: data_20240526_061604.json
[2024-05-26T08:32:53.671+0000] {json2sql_dag.py:91} INFO - Processing data...
[2024-05-26T08:32:53.673+0000] {json2sql_dag.py:87} INFO - Processing JSON file: data_20240526_061803.json
[2024-05-26T08:32:53.681+0000] {json2sql_dag.py:91} INFO - Processing data...
[2024-05-26T08:32:53.683+0000] {json2sql_dag.py:87} INFO - Processing JSON file: data_20240526_062003.json
[2024-05-26T08:32:53.691+0000] {json2sql_dag.py:91} INFO - Processing data...
[2024-05-26T08:32:53.693+0000] {json2sql_dag.py:87} INFO - Processing JSON file: data_20240526_062203.json
[2024-05-26T08:32:53.700+0000] {json2sql_dag.py:91} INFO - Processing data...
[2024-05-26T08:32:53.702+0000] {json2sql_dag.py:87} INFO - Processing JSON file: data_20240526_062402.json
[2024-05-26T08:32:53.710+0000] {json2sql_dag.py:91} INFO - Processing data...
[2024-05-26T08:32:53.712+0000] {json2sql_dag.py:87} INFO - Processing JSON file: data_20240526_062602.json
[2024-05-26T08:32:53.723+0000] {json2sql_dag.py:91} INFO - Processing data...
[2024-05-26T08:32:53.726+0000] {json2sql_dag.py:87} INFO - Processing JSON file: data_20240526_062803.json
[2024-05-26T08:32:53.866+0000] {json2sql_dag.py:91} INFO - Processing data...
[2024-05-26T08:32:53.869+0000] {json2sql_dag.py:87} INFO - Processing JSON file: data_20240526_063003.json
[2024-05-26T08:32:53.877+0000] {json2sql_dag.py:91} INFO - Processing data...
[2024-05-26T08:32:53.880+0000] {json2sql_dag.py:87} INFO - Processing JSON file: data_20240526_063204.json
[2024-05-26T08:32:53.887+0000] {json2sql_dag.py:91} INFO - Processing data...
[2024-05-26T08:32:53.889+0000] {json2sql_dag.py:87} INFO - Processing JSON file: data_20240526_063403.json
[2024-05-26T08:32:53.896+0000] {json2sql_dag.py:91} INFO - Processing data...
[2024-05-26T08:32:53.899+0000] {json2sql_dag.py:87} INFO - Processing JSON file: data_20240526_063603.json
[2024-05-26T08:32:53.907+0000] {json2sql_dag.py:91} INFO - Processing data...
[2024-05-26T08:32:53.908+0000] {json2sql_dag.py:87} INFO - Processing JSON file: data_20240526_063804.json
[2024-05-26T08:32:53.916+0000] {json2sql_dag.py:91} INFO - Processing data...
[2024-05-26T08:32:53.917+0000] {json2sql_dag.py:87} INFO - Processing JSON file: data_20240526_064004.json
[2024-05-26T08:32:53.925+0000] {json2sql_dag.py:91} INFO - Processing data...
[2024-05-26T08:32:53.927+0000] {json2sql_dag.py:87} INFO - Processing JSON file: data_20240526_064203.json
[2024-05-26T08:32:53.934+0000] {json2sql_dag.py:91} INFO - Processing data...
[2024-05-26T08:32:53.935+0000] {json2sql_dag.py:87} INFO - Processing JSON file: data_20240526_064403.json
[2024-05-26T08:32:53.943+0000] {json2sql_dag.py:91} INFO - Processing data...
[2024-05-26T08:32:53.944+0000] {json2sql_dag.py:87} INFO - Processing JSON file: data_20240526_064603.json
[2024-05-26T08:32:53.952+0000] {json2sql_dag.py:91} INFO - Processing data...
[2024-05-26T08:32:53.954+0000] {json2sql_dag.py:87} INFO - Processing JSON file: data_20240526_064803.json
[2024-05-26T08:32:53.961+0000] {json2sql_dag.py:91} INFO - Processing data...
[2024-05-26T08:32:53.962+0000] {json2sql_dag.py:87} INFO - Processing JSON file: data_20240526_065003.json
[2024-05-26T08:32:53.970+0000] {json2sql_dag.py:91} INFO - Processing data...
[2024-05-26T08:32:53.972+0000] {json2sql_dag.py:87} INFO - Processing JSON file: data_20240526_065203.json
[2024-05-26T08:32:54.110+0000] {json2sql_dag.py:91} INFO - Processing data...
[2024-05-26T08:32:54.114+0000] {json2sql_dag.py:87} INFO - Processing JSON file: data_20240526_065402.json
[2024-05-26T08:32:54.121+0000] {json2sql_dag.py:91} INFO - Processing data...
[2024-05-26T08:32:54.123+0000] {json2sql_dag.py:87} INFO - Processing JSON file: data_20240526_065603.json
[2024-05-26T08:32:54.131+0000] {json2sql_dag.py:91} INFO - Processing data...
[2024-05-26T08:32:54.133+0000] {json2sql_dag.py:87} INFO - Processing JSON file: data_20240526_065802.json
[2024-05-26T08:32:54.141+0000] {json2sql_dag.py:91} INFO - Processing data...
[2024-05-26T08:32:54.143+0000] {json2sql_dag.py:87} INFO - Processing JSON file: data_20240526_070003.json
[2024-05-26T08:32:54.150+0000] {json2sql_dag.py:91} INFO - Processing data...
[2024-05-26T08:32:54.152+0000] {json2sql_dag.py:87} INFO - Processing JSON file: data_20240526_070203.json
[2024-05-26T08:32:54.159+0000] {json2sql_dag.py:91} INFO - Processing data...
[2024-05-26T08:32:54.161+0000] {json2sql_dag.py:87} INFO - Processing JSON file: data_20240526_070403.json
[2024-05-26T08:32:54.169+0000] {json2sql_dag.py:91} INFO - Processing data...
[2024-05-26T08:32:54.171+0000] {json2sql_dag.py:87} INFO - Processing JSON file: data_20240526_070604.json
[2024-05-26T08:32:54.179+0000] {json2sql_dag.py:91} INFO - Processing data...
[2024-05-26T08:32:54.181+0000] {json2sql_dag.py:87} INFO - Processing JSON file: data_20240526_070803.json
[2024-05-26T08:32:54.188+0000] {json2sql_dag.py:91} INFO - Processing data...
[2024-05-26T08:32:54.190+0000] {json2sql_dag.py:87} INFO - Processing JSON file: data_20240526_071003.json
[2024-05-26T08:32:54.197+0000] {json2sql_dag.py:91} INFO - Processing data...
[2024-05-26T08:32:54.199+0000] {json2sql_dag.py:87} INFO - Processing JSON file: data_20240526_071203.json
[2024-05-26T08:32:54.207+0000] {json2sql_dag.py:91} INFO - Processing data...
[2024-05-26T08:32:54.209+0000] {json2sql_dag.py:87} INFO - Processing JSON file: data_20240526_071403.json
[2024-05-26T08:32:54.216+0000] {json2sql_dag.py:91} INFO - Processing data...
[2024-05-26T08:32:54.219+0000] {json2sql_dag.py:87} INFO - Processing JSON file: data_20240526_071603.json
[2024-05-26T08:32:54.348+0000] {json2sql_dag.py:91} INFO - Processing data...
[2024-05-26T08:32:54.352+0000] {json2sql_dag.py:87} INFO - Processing JSON file: data_20240526_071803.json
[2024-05-26T08:32:54.359+0000] {json2sql_dag.py:91} INFO - Processing data...
[2024-05-26T08:32:54.362+0000] {json2sql_dag.py:87} INFO - Processing JSON file: data_20240526_072003.json
[2024-05-26T08:32:54.369+0000] {json2sql_dag.py:91} INFO - Processing data...
[2024-05-26T08:32:54.371+0000] {json2sql_dag.py:87} INFO - Processing JSON file: data_20240526_072203.json
[2024-05-26T08:32:54.378+0000] {json2sql_dag.py:91} INFO - Processing data...
[2024-05-26T08:32:54.380+0000] {json2sql_dag.py:87} INFO - Processing JSON file: data_20240526_072404.json
[2024-05-26T08:32:54.387+0000] {json2sql_dag.py:91} INFO - Processing data...
[2024-05-26T08:32:54.389+0000] {json2sql_dag.py:87} INFO - Processing JSON file: data_20240526_072603.json
[2024-05-26T08:32:54.397+0000] {json2sql_dag.py:91} INFO - Processing data...
[2024-05-26T08:32:54.398+0000] {json2sql_dag.py:87} INFO - Processing JSON file: data_20240526_072802.json
[2024-05-26T08:32:54.406+0000] {json2sql_dag.py:91} INFO - Processing data...
[2024-05-26T08:32:54.408+0000] {json2sql_dag.py:87} INFO - Processing JSON file: data_20240526_073003.json
[2024-05-26T08:32:54.415+0000] {json2sql_dag.py:91} INFO - Processing data...
[2024-05-26T08:32:54.417+0000] {json2sql_dag.py:87} INFO - Processing JSON file: data_20240526_073203.json
[2024-05-26T08:32:54.424+0000] {json2sql_dag.py:91} INFO - Processing data...
[2024-05-26T08:32:54.425+0000] {json2sql_dag.py:87} INFO - Processing JSON file: data_20240526_073403.json
[2024-05-26T08:32:54.433+0000] {json2sql_dag.py:91} INFO - Processing data...
[2024-05-26T08:32:54.435+0000] {json2sql_dag.py:87} INFO - Processing JSON file: data_20240526_073604.json
[2024-05-26T08:32:54.442+0000] {json2sql_dag.py:91} INFO - Processing data...
[2024-05-26T08:32:54.445+0000] {json2sql_dag.py:87} INFO - Processing JSON file: data_20240526_073803.json
[2024-05-26T08:32:54.452+0000] {json2sql_dag.py:91} INFO - Processing data...
[2024-05-26T08:32:54.454+0000] {json2sql_dag.py:87} INFO - Processing JSON file: data_20240526_074003.json
[2024-05-26T08:32:54.584+0000] {json2sql_dag.py:91} INFO - Processing data...
[2024-05-26T08:32:54.587+0000] {json2sql_dag.py:87} INFO - Processing JSON file: data_20240526_074203.json
[2024-05-26T08:32:54.595+0000] {json2sql_dag.py:91} INFO - Processing data...
[2024-05-26T08:32:54.597+0000] {json2sql_dag.py:87} INFO - Processing JSON file: data_20240526_074403.json
[2024-05-26T08:32:54.605+0000] {json2sql_dag.py:91} INFO - Processing data...
[2024-05-26T08:32:54.607+0000] {json2sql_dag.py:87} INFO - Processing JSON file: data_20240526_074603.json
[2024-05-26T08:32:54.614+0000] {json2sql_dag.py:91} INFO - Processing data...
[2024-05-26T08:32:54.615+0000] {json2sql_dag.py:87} INFO - Processing JSON file: data_20240526_074803.json
[2024-05-26T08:32:54.623+0000] {json2sql_dag.py:91} INFO - Processing data...
[2024-05-26T08:32:54.625+0000] {json2sql_dag.py:87} INFO - Processing JSON file: data_20240526_075003.json
[2024-05-26T08:32:54.632+0000] {json2sql_dag.py:91} INFO - Processing data...
[2024-05-26T08:32:54.634+0000] {json2sql_dag.py:87} INFO - Processing JSON file: data_20240526_075202.json
[2024-05-26T08:32:54.641+0000] {json2sql_dag.py:91} INFO - Processing data...
[2024-05-26T08:32:54.642+0000] {json2sql_dag.py:87} INFO - Processing JSON file: data_20240526_075403.json
[2024-05-26T08:32:54.650+0000] {json2sql_dag.py:91} INFO - Processing data...
[2024-05-26T08:32:54.652+0000] {json2sql_dag.py:87} INFO - Processing JSON file: data_20240526_075604.json
[2024-05-26T08:32:54.660+0000] {json2sql_dag.py:91} INFO - Processing data...
[2024-05-26T08:32:54.662+0000] {json2sql_dag.py:87} INFO - Processing JSON file: data_20240526_075804.json
[2024-05-26T08:32:54.668+0000] {json2sql_dag.py:91} INFO - Processing data...
[2024-05-26T08:32:54.670+0000] {json2sql_dag.py:87} INFO - Processing JSON file: data_20240526_080004.json
[2024-05-26T08:32:54.677+0000] {json2sql_dag.py:91} INFO - Processing data...
[2024-05-26T08:32:54.679+0000] {json2sql_dag.py:87} INFO - Processing JSON file: data_20240526_080203.json
[2024-05-26T08:32:54.687+0000] {json2sql_dag.py:91} INFO - Processing data...
[2024-05-26T08:32:54.689+0000] {json2sql_dag.py:87} INFO - Processing JSON file: data_20240526_080403.json
[2024-05-26T08:32:54.824+0000] {json2sql_dag.py:91} INFO - Processing data...
[2024-05-26T08:32:54.826+0000] {json2sql_dag.py:87} INFO - Processing JSON file: data_20240526_080908.json
[2024-05-26T08:32:54.835+0000] {json2sql_dag.py:91} INFO - Processing data...
[2024-05-26T08:32:54.837+0000] {json2sql_dag.py:87} INFO - Processing JSON file: data_20240526_081002.json
[2024-05-26T08:32:54.840+0000] {json2sql_dag.py:91} INFO - Processing data...
[2024-05-26T08:32:54.841+0000] {json2sql_dag.py:87} INFO - Processing JSON file: data_20240526_081203.json
[2024-05-26T08:32:54.849+0000] {json2sql_dag.py:91} INFO - Processing data...
[2024-05-26T08:32:54.850+0000] {json2sql_dag.py:87} INFO - Processing JSON file: data_20240526_081404.json
[2024-05-26T08:32:54.858+0000] {json2sql_dag.py:91} INFO - Processing data...
[2024-05-26T08:32:54.860+0000] {json2sql_dag.py:87} INFO - Processing JSON file: data_20240526_081603.json
[2024-05-26T08:32:54.867+0000] {json2sql_dag.py:91} INFO - Processing data...
[2024-05-26T08:32:54.869+0000] {json2sql_dag.py:87} INFO - Processing JSON file: data_20240526_081803.json
[2024-05-26T08:32:54.876+0000] {json2sql_dag.py:91} INFO - Processing data...
[2024-05-26T08:32:54.878+0000] {json2sql_dag.py:87} INFO - Processing JSON file: data_20240526_082003.json
[2024-05-26T08:32:54.886+0000] {json2sql_dag.py:91} INFO - Processing data...
[2024-05-26T08:32:54.889+0000] {json2sql_dag.py:87} INFO - Processing JSON file: data_20240526_082203.json
[2024-05-26T08:32:54.896+0000] {json2sql_dag.py:91} INFO - Processing data...
[2024-05-26T08:32:54.899+0000] {json2sql_dag.py:87} INFO - Processing JSON file: data_20240526_082403.json
[2024-05-26T08:32:54.907+0000] {json2sql_dag.py:91} INFO - Processing data...
[2024-05-26T08:32:54.910+0000] {json2sql_dag.py:87} INFO - Processing JSON file: data_20240526_082604.json
[2024-05-26T08:32:54.918+0000] {json2sql_dag.py:91} INFO - Processing data...
[2024-05-26T08:32:54.920+0000] {json2sql_dag.py:87} INFO - Processing JSON file: data_20240526_082954.json
[2024-05-26T08:32:54.928+0000] {json2sql_dag.py:91} INFO - Processing data...
[2024-05-26T08:32:54.930+0000] {json2sql_dag.py:87} INFO - Processing JSON file: data_20240526_083132.json
[2024-05-26T08:32:54.938+0000] {json2sql_dag.py:109} ERROR - Error decoding JSON file data_20240526_083132.json: Extra data: line 1 column 904434 (char 904433)
[2024-05-26T08:32:54.939+0000] {json2sql_dag.py:111} INFO - Data processing completed. Processed 347904 records.
[2024-05-26T08:32:57.591+0000] {python.py:201} INFO - Done. Returned value was: None
[2024-05-26T08:32:57.596+0000] {taskinstance.py:1138} INFO - Marking task as SUCCESS. dag_id=json2sql_dag, task_id=process_data_task, execution_date=20240526T083000, start_date=20240526T083250, end_date=20240526T083257
[2024-05-26T08:32:57.661+0000] {local_task_job_runner.py:234} INFO - Task exited with return code 0
[2024-05-26T08:32:57.673+0000] {taskinstance.py:3280} INFO - 1 downstream tasks scheduled from follow-on schedule check
