[2024-05-26T08:29:51.380+0000] {taskinstance.py:1956} INFO - Dependencies all met for dep_context=non-requeueable deps ti=<TaskInstance: json2sql_dag.sense_json_files_task scheduled__2024-05-26T08:26:00+00:00 [queued]>
[2024-05-26T08:29:51.383+0000] {taskinstance.py:1956} INFO - Dependencies all met for dep_context=requeueable deps ti=<TaskInstance: json2sql_dag.sense_json_files_task scheduled__2024-05-26T08:26:00+00:00 [queued]>
[2024-05-26T08:29:51.383+0000] {taskinstance.py:2170} INFO - Starting attempt 1 of 1
[2024-05-26T08:29:51.390+0000] {taskinstance.py:2191} INFO - Executing <Task(BranchPythonOperator): sense_json_files_task> on 2024-05-26 08:26:00+00:00
[2024-05-26T08:29:51.396+0000] {standard_task_runner.py:60} INFO - Started process 96 to run task
[2024-05-26T08:29:51.398+0000] {standard_task_runner.py:87} INFO - Running: ['***', 'tasks', 'run', 'json2sql_dag', 'sense_json_files_task', 'scheduled__2024-05-26T08:26:00+00:00', '--job-id', '2250', '--raw', '--subdir', 'DAGS_FOLDER/json2sql_dag.py', '--cfg-path', '/tmp/tmpk6ox3ie2']
[2024-05-26T08:29:51.399+0000] {standard_task_runner.py:88} INFO - Job 2250: Subtask sense_json_files_task
[2024-05-26T08:29:51.406+0000] {warnings.py:109} WARNING - /home/***/.local/lib/python3.8/site-packages/***/settings.py:194: DeprecationWarning: The sql_alchemy_conn option in [core] has been moved to the sql_alchemy_conn option in [database] - the old setting has been used, but please update your config.
  SQL_ALCHEMY_CONN = conf.get("database", "SQL_ALCHEMY_CONN")

[2024-05-26T08:29:51.424+0000] {task_command.py:423} INFO - Running <TaskInstance: json2sql_dag.sense_json_files_task scheduled__2024-05-26T08:26:00+00:00 [running]> on host d904a9488f34
[2024-05-26T08:29:51.463+0000] {taskinstance.py:2480} INFO - Exporting env vars: AIRFLOW_CTX_DAG_OWNER='***' AIRFLOW_CTX_DAG_ID='json2sql_dag' AIRFLOW_CTX_TASK_ID='sense_json_files_task' AIRFLOW_CTX_EXECUTION_DATE='2024-05-26T08:26:00+00:00' AIRFLOW_CTX_TRY_NUMBER='1' AIRFLOW_CTX_DAG_RUN_ID='scheduled__2024-05-26T08:26:00+00:00'
[2024-05-26T08:29:51.464+0000] {json2sql_dag.py:59} INFO - Checking for JSON files in MinIO bucket...
[2024-05-26T08:29:51.479+0000] {json2sql_dag.py:64} INFO - Found 237 JSON files in the bucket.
[2024-05-26T08:29:51.480+0000] {python.py:201} INFO - Done. Returned value was: fetch_json_files_task
[2024-05-26T08:29:51.480+0000] {branch.py:35} INFO - Branch into fetch_json_files_task
[2024-05-26T08:29:51.480+0000] {skipmixin.py:178} INFO - Following branch fetch_json_files_task
[2024-05-26T08:29:51.489+0000] {skipmixin.py:244} INFO - Skipping tasks [('no_change_dummy_task', -1)]
[2024-05-26T08:29:51.508+0000] {taskinstance.py:1138} INFO - Marking task as SUCCESS. dag_id=json2sql_dag, task_id=sense_json_files_task, execution_date=20240526T082600, start_date=20240526T082951, end_date=20240526T082951
[2024-05-26T08:29:51.529+0000] {local_task_job_runner.py:234} INFO - Task exited with return code 0
[2024-05-26T08:29:51.547+0000] {taskinstance.py:3280} INFO - 1 downstream tasks scheduled from follow-on schedule check
