[2024-05-26T08:32:48.197+0000] {taskinstance.py:1956} INFO - Dependencies all met for dep_context=non-requeueable deps ti=<TaskInstance: json2sql_dag.sense_json_files_task scheduled__2024-05-26T08:30:00+00:00 [queued]>
[2024-05-26T08:32:48.201+0000] {taskinstance.py:1956} INFO - Dependencies all met for dep_context=requeueable deps ti=<TaskInstance: json2sql_dag.sense_json_files_task scheduled__2024-05-26T08:30:00+00:00 [queued]>
[2024-05-26T08:32:48.202+0000] {taskinstance.py:2170} INFO - Starting attempt 1 of 1
[2024-05-26T08:32:48.206+0000] {taskinstance.py:2191} INFO - Executing <Task(BranchPythonOperator): sense_json_files_task> on 2024-05-26 08:30:00+00:00
[2024-05-26T08:32:48.212+0000] {standard_task_runner.py:60} INFO - Started process 344 to run task
[2024-05-26T08:32:48.215+0000] {standard_task_runner.py:87} INFO - Running: ['***', 'tasks', 'run', 'json2sql_dag', 'sense_json_files_task', 'scheduled__2024-05-26T08:30:00+00:00', '--job-id', '2290', '--raw', '--subdir', 'DAGS_FOLDER/json2sql_dag.py', '--cfg-path', '/tmp/tmpl2zn1m2p']
[2024-05-26T08:32:48.216+0000] {standard_task_runner.py:88} INFO - Job 2290: Subtask sense_json_files_task
[2024-05-26T08:32:48.223+0000] {warnings.py:109} WARNING - /home/***/.local/lib/python3.8/site-packages/***/settings.py:194: DeprecationWarning: The sql_alchemy_conn option in [core] has been moved to the sql_alchemy_conn option in [database] - the old setting has been used, but please update your config.
  SQL_ALCHEMY_CONN = conf.get("database", "SQL_ALCHEMY_CONN")

[2024-05-26T08:32:48.241+0000] {task_command.py:423} INFO - Running <TaskInstance: json2sql_dag.sense_json_files_task scheduled__2024-05-26T08:30:00+00:00 [running]> on host d904a9488f34
[2024-05-26T08:32:48.275+0000] {taskinstance.py:2480} INFO - Exporting env vars: AIRFLOW_CTX_DAG_OWNER='***' AIRFLOW_CTX_DAG_ID='json2sql_dag' AIRFLOW_CTX_TASK_ID='sense_json_files_task' AIRFLOW_CTX_EXECUTION_DATE='2024-05-26T08:30:00+00:00' AIRFLOW_CTX_TRY_NUMBER='1' AIRFLOW_CTX_DAG_RUN_ID='scheduled__2024-05-26T08:30:00+00:00'
[2024-05-26T08:32:48.276+0000] {json2sql_dag.py:59} INFO - Checking for JSON files in MinIO bucket...
[2024-05-26T08:32:48.293+0000] {json2sql_dag.py:64} INFO - Found 240 JSON files in the bucket.
[2024-05-26T08:32:48.293+0000] {python.py:201} INFO - Done. Returned value was: fetch_json_files_task
[2024-05-26T08:32:48.293+0000] {branch.py:35} INFO - Branch into fetch_json_files_task
[2024-05-26T08:32:48.293+0000] {skipmixin.py:178} INFO - Following branch fetch_json_files_task
[2024-05-26T08:32:48.303+0000] {skipmixin.py:244} INFO - Skipping tasks [('no_change_dummy_task', -1)]
[2024-05-26T08:32:48.321+0000] {taskinstance.py:1138} INFO - Marking task as SUCCESS. dag_id=json2sql_dag, task_id=sense_json_files_task, execution_date=20240526T083000, start_date=20240526T083248, end_date=20240526T083248
[2024-05-26T08:32:48.346+0000] {local_task_job_runner.py:234} INFO - Task exited with return code 0
[2024-05-26T08:32:48.363+0000] {taskinstance.py:3280} INFO - 1 downstream tasks scheduled from follow-on schedule check
