[2024-05-26T08:29:54.274+0000] {taskinstance.py:1956} INFO - Dependencies all met for dep_context=non-requeueable deps ti=<TaskInstance: json2sql_dag.process_data_task scheduled__2024-05-26T08:26:00+00:00 [queued]>
[2024-05-26T08:29:54.278+0000] {taskinstance.py:1956} INFO - Dependencies all met for dep_context=requeueable deps ti=<TaskInstance: json2sql_dag.process_data_task scheduled__2024-05-26T08:26:00+00:00 [queued]>
[2024-05-26T08:29:54.278+0000] {taskinstance.py:2170} INFO - Starting attempt 1 of 1
[2024-05-26T08:29:54.285+0000] {taskinstance.py:2191} INFO - Executing <Task(PythonOperator): process_data_task> on 2024-05-26 08:26:00+00:00
[2024-05-26T08:29:54.291+0000] {standard_task_runner.py:60} INFO - Started process 112 to run task
[2024-05-26T08:29:54.293+0000] {standard_task_runner.py:87} INFO - Running: ['***', 'tasks', 'run', 'json2sql_dag', 'process_data_task', 'scheduled__2024-05-26T08:26:00+00:00', '--job-id', '2256', '--raw', '--subdir', 'DAGS_FOLDER/json2sql_dag.py', '--cfg-path', '/tmp/tmpo0jkegag']
[2024-05-26T08:29:54.295+0000] {standard_task_runner.py:88} INFO - Job 2256: Subtask process_data_task
[2024-05-26T08:29:54.301+0000] {warnings.py:109} WARNING - /home/***/.local/lib/python3.8/site-packages/***/settings.py:194: DeprecationWarning: The sql_alchemy_conn option in [core] has been moved to the sql_alchemy_conn option in [database] - the old setting has been used, but please update your config.
  SQL_ALCHEMY_CONN = conf.get("database", "SQL_ALCHEMY_CONN")

[2024-05-26T08:29:54.318+0000] {task_command.py:423} INFO - Running <TaskInstance: json2sql_dag.process_data_task scheduled__2024-05-26T08:26:00+00:00 [running]> on host d904a9488f34
[2024-05-26T08:29:54.351+0000] {taskinstance.py:2480} INFO - Exporting env vars: AIRFLOW_CTX_DAG_OWNER='***' AIRFLOW_CTX_DAG_ID='json2sql_dag' AIRFLOW_CTX_TASK_ID='process_data_task' AIRFLOW_CTX_EXECUTION_DATE='2024-05-26T08:26:00+00:00' AIRFLOW_CTX_TRY_NUMBER='1' AIRFLOW_CTX_DAG_RUN_ID='scheduled__2024-05-26T08:26:00+00:00'
[2024-05-26T08:29:54.357+0000] {json2sql_dag.py:87} INFO - Processing JSON file: data_20240526_002920.json
[2024-05-26T08:29:54.368+0000] {json2sql_dag.py:109} ERROR - Error decoding JSON file data_20240526_002920.json: Extra data: line 1 column 902937 (char 902936)
[2024-05-26T08:29:54.369+0000] {json2sql_dag.py:87} INFO - Processing JSON file: data_20240526_003004.json
[2024-05-26T08:29:54.376+0000] {json2sql_dag.py:91} INFO - Processing data...
[2024-05-26T08:29:54.377+0000] {json2sql_dag.py:87} INFO - Processing JSON file: data_20240526_003602.json
[2024-05-26T08:29:54.385+0000] {json2sql_dag.py:91} INFO - Processing data...
[2024-05-26T08:29:54.387+0000] {json2sql_dag.py:87} INFO - Processing JSON file: data_20240526_003803.json
[2024-05-26T08:29:54.394+0000] {json2sql_dag.py:91} INFO - Processing data...
[2024-05-26T08:29:54.396+0000] {json2sql_dag.py:87} INFO - Processing JSON file: data_20240526_004003.json
[2024-05-26T08:29:54.404+0000] {json2sql_dag.py:91} INFO - Processing data...
[2024-05-26T08:29:54.405+0000] {json2sql_dag.py:87} INFO - Processing JSON file: data_20240526_004204.json
[2024-05-26T08:29:54.412+0000] {json2sql_dag.py:91} INFO - Processing data...
[2024-05-26T08:29:54.414+0000] {json2sql_dag.py:87} INFO - Processing JSON file: data_20240526_004352.json
[2024-05-26T08:29:54.421+0000] {json2sql_dag.py:91} INFO - Processing data...
[2024-05-26T08:29:54.423+0000] {json2sql_dag.py:87} INFO - Processing JSON file: data_20240526_004402.json
[2024-05-26T08:29:54.431+0000] {json2sql_dag.py:91} INFO - Processing data...
[2024-05-26T08:29:54.432+0000] {json2sql_dag.py:87} INFO - Processing JSON file: data_20240526_004803.json
[2024-05-26T08:29:54.577+0000] {json2sql_dag.py:91} INFO - Processing data...
[2024-05-26T08:29:54.580+0000] {json2sql_dag.py:87} INFO - Processing JSON file: data_20240526_005003.json
[2024-05-26T08:29:54.587+0000] {json2sql_dag.py:91} INFO - Processing data...
[2024-05-26T08:29:54.589+0000] {json2sql_dag.py:87} INFO - Processing JSON file: data_20240526_005203.json
[2024-05-26T08:29:54.596+0000] {json2sql_dag.py:91} INFO - Processing data...
[2024-05-26T08:29:54.598+0000] {json2sql_dag.py:87} INFO - Processing JSON file: data_20240526_005403.json
[2024-05-26T08:29:54.605+0000] {json2sql_dag.py:91} INFO - Processing data...
[2024-05-26T08:29:54.606+0000] {json2sql_dag.py:87} INFO - Processing JSON file: data_20240526_005603.json
[2024-05-26T08:29:54.612+0000] {json2sql_dag.py:91} INFO - Processing data...
[2024-05-26T08:29:54.614+0000] {json2sql_dag.py:87} INFO - Processing JSON file: data_20240526_005803.json
[2024-05-26T08:29:54.620+0000] {json2sql_dag.py:91} INFO - Processing data...
[2024-05-26T08:29:54.622+0000] {json2sql_dag.py:87} INFO - Processing JSON file: data_20240526_010004.json
[2024-05-26T08:29:54.628+0000] {json2sql_dag.py:91} INFO - Processing data...
[2024-05-26T08:29:54.630+0000] {json2sql_dag.py:87} INFO - Processing JSON file: data_20240526_010203.json
[2024-05-26T08:29:54.637+0000] {json2sql_dag.py:91} INFO - Processing data...
[2024-05-26T08:29:54.638+0000] {json2sql_dag.py:87} INFO - Processing JSON file: data_20240526_010403.json
[2024-05-26T08:29:54.644+0000] {json2sql_dag.py:91} INFO - Processing data...
[2024-05-26T08:29:54.645+0000] {json2sql_dag.py:87} INFO - Processing JSON file: data_20240526_010603.json
[2024-05-26T08:29:54.652+0000] {json2sql_dag.py:91} INFO - Processing data...
[2024-05-26T08:29:54.653+0000] {json2sql_dag.py:87} INFO - Processing JSON file: data_20240526_010803.json
[2024-05-26T08:29:54.660+0000] {json2sql_dag.py:91} INFO - Processing data...
[2024-05-26T08:29:54.661+0000] {json2sql_dag.py:87} INFO - Processing JSON file: data_20240526_011003.json
[2024-05-26T08:29:54.668+0000] {json2sql_dag.py:91} INFO - Processing data...
[2024-05-26T08:29:54.670+0000] {json2sql_dag.py:87} INFO - Processing JSON file: data_20240526_011204.json
[2024-05-26T08:29:54.793+0000] {json2sql_dag.py:91} INFO - Processing data...
[2024-05-26T08:29:54.796+0000] {json2sql_dag.py:87} INFO - Processing JSON file: data_20240526_011403.json
[2024-05-26T08:29:54.806+0000] {json2sql_dag.py:91} INFO - Processing data...
[2024-05-26T08:29:54.810+0000] {json2sql_dag.py:87} INFO - Processing JSON file: data_20240526_011603.json
[2024-05-26T08:29:54.819+0000] {json2sql_dag.py:91} INFO - Processing data...
[2024-05-26T08:29:54.821+0000] {json2sql_dag.py:87} INFO - Processing JSON file: data_20240526_011803.json
[2024-05-26T08:29:54.831+0000] {json2sql_dag.py:91} INFO - Processing data...
[2024-05-26T08:29:54.834+0000] {json2sql_dag.py:87} INFO - Processing JSON file: data_20240526_012003.json
[2024-05-26T08:29:54.842+0000] {json2sql_dag.py:91} INFO - Processing data...
[2024-05-26T08:29:54.844+0000] {json2sql_dag.py:87} INFO - Processing JSON file: data_20240526_012203.json
[2024-05-26T08:29:54.851+0000] {json2sql_dag.py:91} INFO - Processing data...
[2024-05-26T08:29:54.853+0000] {json2sql_dag.py:87} INFO - Processing JSON file: data_20240526_012403.json
[2024-05-26T08:29:54.861+0000] {json2sql_dag.py:91} INFO - Processing data...
[2024-05-26T08:29:54.863+0000] {json2sql_dag.py:87} INFO - Processing JSON file: data_20240526_012603.json
[2024-05-26T08:29:54.871+0000] {json2sql_dag.py:91} INFO - Processing data...
[2024-05-26T08:29:54.873+0000] {json2sql_dag.py:87} INFO - Processing JSON file: data_20240526_012803.json
[2024-05-26T08:29:54.881+0000] {json2sql_dag.py:91} INFO - Processing data...
[2024-05-26T08:29:54.883+0000] {json2sql_dag.py:87} INFO - Processing JSON file: data_20240526_013003.json
[2024-05-26T08:29:54.891+0000] {json2sql_dag.py:91} INFO - Processing data...
[2024-05-26T08:29:54.893+0000] {json2sql_dag.py:87} INFO - Processing JSON file: data_20240526_013203.json
[2024-05-26T08:29:54.900+0000] {json2sql_dag.py:91} INFO - Processing data...
[2024-05-26T08:29:54.901+0000] {json2sql_dag.py:87} INFO - Processing JSON file: data_20240526_013402.json
[2024-05-26T08:29:54.910+0000] {json2sql_dag.py:91} INFO - Processing data...
[2024-05-26T08:29:54.911+0000] {json2sql_dag.py:87} INFO - Processing JSON file: data_20240526_013603.json
[2024-05-26T08:29:55.040+0000] {json2sql_dag.py:91} INFO - Processing data...
[2024-05-26T08:29:55.043+0000] {json2sql_dag.py:87} INFO - Processing JSON file: data_20240526_013804.json
[2024-05-26T08:29:55.051+0000] {json2sql_dag.py:91} INFO - Processing data...
[2024-05-26T08:29:55.053+0000] {json2sql_dag.py:87} INFO - Processing JSON file: data_20240526_014003.json
[2024-05-26T08:29:55.060+0000] {json2sql_dag.py:91} INFO - Processing data...
[2024-05-26T08:29:55.062+0000] {json2sql_dag.py:87} INFO - Processing JSON file: data_20240526_014203.json
[2024-05-26T08:29:55.069+0000] {json2sql_dag.py:91} INFO - Processing data...
[2024-05-26T08:29:55.071+0000] {json2sql_dag.py:87} INFO - Processing JSON file: data_20240526_014403.json
[2024-05-26T08:29:55.078+0000] {json2sql_dag.py:91} INFO - Processing data...
[2024-05-26T08:29:55.080+0000] {json2sql_dag.py:87} INFO - Processing JSON file: data_20240526_014603.json
[2024-05-26T08:29:55.088+0000] {json2sql_dag.py:91} INFO - Processing data...
[2024-05-26T08:29:55.089+0000] {json2sql_dag.py:87} INFO - Processing JSON file: data_20240526_014802.json
[2024-05-26T08:29:55.096+0000] {json2sql_dag.py:91} INFO - Processing data...
[2024-05-26T08:29:55.098+0000] {json2sql_dag.py:87} INFO - Processing JSON file: data_20240526_015003.json
[2024-05-26T08:29:55.109+0000] {json2sql_dag.py:91} INFO - Processing data...
[2024-05-26T08:29:55.113+0000] {json2sql_dag.py:87} INFO - Processing JSON file: data_20240526_015203.json
[2024-05-26T08:29:55.125+0000] {json2sql_dag.py:91} INFO - Processing data...
[2024-05-26T08:29:55.127+0000] {json2sql_dag.py:87} INFO - Processing JSON file: data_20240526_015403.json
[2024-05-26T08:29:55.137+0000] {json2sql_dag.py:91} INFO - Processing data...
[2024-05-26T08:29:55.139+0000] {json2sql_dag.py:87} INFO - Processing JSON file: data_20240526_015603.json
[2024-05-26T08:29:55.148+0000] {json2sql_dag.py:91} INFO - Processing data...
[2024-05-26T08:29:55.152+0000] {json2sql_dag.py:87} INFO - Processing JSON file: data_20240526_015802.json
[2024-05-26T08:29:55.163+0000] {json2sql_dag.py:91} INFO - Processing data...
[2024-05-26T08:29:55.167+0000] {json2sql_dag.py:87} INFO - Processing JSON file: data_20240526_020004.json
[2024-05-26T08:29:55.310+0000] {json2sql_dag.py:91} INFO - Processing data...
[2024-05-26T08:29:55.312+0000] {json2sql_dag.py:87} INFO - Processing JSON file: data_20240526_020203.json
[2024-05-26T08:29:55.320+0000] {json2sql_dag.py:91} INFO - Processing data...
[2024-05-26T08:29:55.322+0000] {json2sql_dag.py:87} INFO - Processing JSON file: data_20240526_020404.json
[2024-05-26T08:29:55.329+0000] {json2sql_dag.py:91} INFO - Processing data...
[2024-05-26T08:29:55.331+0000] {json2sql_dag.py:87} INFO - Processing JSON file: data_20240526_020603.json
[2024-05-26T08:29:55.339+0000] {json2sql_dag.py:91} INFO - Processing data...
[2024-05-26T08:29:55.341+0000] {json2sql_dag.py:87} INFO - Processing JSON file: data_20240526_020803.json
[2024-05-26T08:29:55.348+0000] {json2sql_dag.py:91} INFO - Processing data...
[2024-05-26T08:29:55.350+0000] {json2sql_dag.py:87} INFO - Processing JSON file: data_20240526_021003.json
[2024-05-26T08:29:55.358+0000] {json2sql_dag.py:91} INFO - Processing data...
[2024-05-26T08:29:55.360+0000] {json2sql_dag.py:87} INFO - Processing JSON file: data_20240526_021202.json
[2024-05-26T08:29:55.368+0000] {json2sql_dag.py:91} INFO - Processing data...
[2024-05-26T08:29:55.370+0000] {json2sql_dag.py:87} INFO - Processing JSON file: data_20240526_021403.json
[2024-05-26T08:29:55.378+0000] {json2sql_dag.py:91} INFO - Processing data...
[2024-05-26T08:29:55.380+0000] {json2sql_dag.py:87} INFO - Processing JSON file: data_20240526_021602.json
[2024-05-26T08:29:55.388+0000] {json2sql_dag.py:91} INFO - Processing data...
[2024-05-26T08:29:55.389+0000] {json2sql_dag.py:87} INFO - Processing JSON file: data_20240526_021803.json
[2024-05-26T08:29:55.397+0000] {json2sql_dag.py:91} INFO - Processing data...
[2024-05-26T08:29:55.399+0000] {json2sql_dag.py:87} INFO - Processing JSON file: data_20240526_022003.json
[2024-05-26T08:29:55.407+0000] {json2sql_dag.py:91} INFO - Processing data...
[2024-05-26T08:29:55.410+0000] {json2sql_dag.py:87} INFO - Processing JSON file: data_20240526_022202.json
[2024-05-26T08:29:55.419+0000] {json2sql_dag.py:91} INFO - Processing data...
[2024-05-26T08:29:55.421+0000] {json2sql_dag.py:87} INFO - Processing JSON file: data_20240526_022403.json
[2024-05-26T08:29:55.559+0000] {json2sql_dag.py:91} INFO - Processing data...
[2024-05-26T08:29:55.562+0000] {json2sql_dag.py:87} INFO - Processing JSON file: data_20240526_022603.json
[2024-05-26T08:29:55.572+0000] {json2sql_dag.py:91} INFO - Processing data...
[2024-05-26T08:29:55.575+0000] {json2sql_dag.py:87} INFO - Processing JSON file: data_20240526_022803.json
[2024-05-26T08:29:55.587+0000] {json2sql_dag.py:91} INFO - Processing data...
[2024-05-26T08:29:55.589+0000] {json2sql_dag.py:87} INFO - Processing JSON file: data_20240526_023003.json
[2024-05-26T08:29:55.597+0000] {json2sql_dag.py:91} INFO - Processing data...
[2024-05-26T08:29:55.599+0000] {json2sql_dag.py:87} INFO - Processing JSON file: data_20240526_023202.json
[2024-05-26T08:29:55.610+0000] {json2sql_dag.py:91} INFO - Processing data...
[2024-05-26T08:29:55.612+0000] {json2sql_dag.py:87} INFO - Processing JSON file: data_20240526_023403.json
[2024-05-26T08:29:55.620+0000] {json2sql_dag.py:91} INFO - Processing data...
[2024-05-26T08:29:55.622+0000] {json2sql_dag.py:87} INFO - Processing JSON file: data_20240526_023603.json
[2024-05-26T08:29:55.630+0000] {json2sql_dag.py:91} INFO - Processing data...
[2024-05-26T08:29:55.633+0000] {json2sql_dag.py:87} INFO - Processing JSON file: data_20240526_023803.json
[2024-05-26T08:29:55.641+0000] {json2sql_dag.py:91} INFO - Processing data...
[2024-05-26T08:29:55.643+0000] {json2sql_dag.py:87} INFO - Processing JSON file: data_20240526_024003.json
[2024-05-26T08:29:55.651+0000] {json2sql_dag.py:91} INFO - Processing data...
[2024-05-26T08:29:55.653+0000] {json2sql_dag.py:87} INFO - Processing JSON file: data_20240526_024203.json
[2024-05-26T08:29:55.660+0000] {json2sql_dag.py:91} INFO - Processing data...
[2024-05-26T08:29:55.662+0000] {json2sql_dag.py:87} INFO - Processing JSON file: data_20240526_024403.json
[2024-05-26T08:29:55.669+0000] {json2sql_dag.py:91} INFO - Processing data...
[2024-05-26T08:29:55.671+0000] {json2sql_dag.py:87} INFO - Processing JSON file: data_20240526_024602.json
[2024-05-26T08:29:55.679+0000] {json2sql_dag.py:91} INFO - Processing data...
[2024-05-26T08:29:55.681+0000] {json2sql_dag.py:87} INFO - Processing JSON file: data_20240526_024803.json
[2024-05-26T08:29:55.806+0000] {json2sql_dag.py:91} INFO - Processing data...
[2024-05-26T08:29:55.809+0000] {json2sql_dag.py:87} INFO - Processing JSON file: data_20240526_025004.json
[2024-05-26T08:29:55.817+0000] {json2sql_dag.py:91} INFO - Processing data...
[2024-05-26T08:29:55.819+0000] {json2sql_dag.py:87} INFO - Processing JSON file: data_20240526_025203.json
[2024-05-26T08:29:55.826+0000] {json2sql_dag.py:91} INFO - Processing data...
[2024-05-26T08:29:55.828+0000] {json2sql_dag.py:87} INFO - Processing JSON file: data_20240526_025403.json
[2024-05-26T08:29:55.836+0000] {json2sql_dag.py:91} INFO - Processing data...
[2024-05-26T08:29:55.838+0000] {json2sql_dag.py:87} INFO - Processing JSON file: data_20240526_025603.json
[2024-05-26T08:29:55.846+0000] {json2sql_dag.py:91} INFO - Processing data...
[2024-05-26T08:29:55.847+0000] {json2sql_dag.py:87} INFO - Processing JSON file: data_20240526_025803.json
[2024-05-26T08:29:55.855+0000] {json2sql_dag.py:91} INFO - Processing data...
[2024-05-26T08:29:55.856+0000] {json2sql_dag.py:87} INFO - Processing JSON file: data_20240526_030003.json
[2024-05-26T08:29:55.864+0000] {json2sql_dag.py:91} INFO - Processing data...
[2024-05-26T08:29:55.866+0000] {json2sql_dag.py:87} INFO - Processing JSON file: data_20240526_030203.json
[2024-05-26T08:29:55.874+0000] {json2sql_dag.py:91} INFO - Processing data...
[2024-05-26T08:29:55.877+0000] {json2sql_dag.py:87} INFO - Processing JSON file: data_20240526_030403.json
[2024-05-26T08:29:55.885+0000] {json2sql_dag.py:91} INFO - Processing data...
[2024-05-26T08:29:55.887+0000] {json2sql_dag.py:87} INFO - Processing JSON file: data_20240526_030603.json
[2024-05-26T08:29:55.896+0000] {json2sql_dag.py:91} INFO - Processing data...
[2024-05-26T08:29:55.897+0000] {json2sql_dag.py:87} INFO - Processing JSON file: data_20240526_030804.json
[2024-05-26T08:29:55.906+0000] {json2sql_dag.py:91} INFO - Processing data...
[2024-05-26T08:29:55.908+0000] {json2sql_dag.py:87} INFO - Processing JSON file: data_20240526_031003.json
[2024-05-26T08:29:55.916+0000] {json2sql_dag.py:91} INFO - Processing data...
[2024-05-26T08:29:55.919+0000] {json2sql_dag.py:87} INFO - Processing JSON file: data_20240526_031203.json
[2024-05-26T08:29:56.049+0000] {json2sql_dag.py:91} INFO - Processing data...
[2024-05-26T08:29:56.051+0000] {json2sql_dag.py:87} INFO - Processing JSON file: data_20240526_031403.json
[2024-05-26T08:29:56.060+0000] {json2sql_dag.py:91} INFO - Processing data...
[2024-05-26T08:29:56.063+0000] {json2sql_dag.py:87} INFO - Processing JSON file: data_20240526_031604.json
[2024-05-26T08:29:56.071+0000] {json2sql_dag.py:91} INFO - Processing data...
[2024-05-26T08:29:56.073+0000] {json2sql_dag.py:87} INFO - Processing JSON file: data_20240526_031803.json
[2024-05-26T08:29:56.082+0000] {json2sql_dag.py:91} INFO - Processing data...
[2024-05-26T08:29:56.083+0000] {json2sql_dag.py:87} INFO - Processing JSON file: data_20240526_032003.json
[2024-05-26T08:29:56.092+0000] {json2sql_dag.py:91} INFO - Processing data...
[2024-05-26T08:29:56.094+0000] {json2sql_dag.py:87} INFO - Processing JSON file: data_20240526_032203.json
[2024-05-26T08:29:56.103+0000] {json2sql_dag.py:91} INFO - Processing data...
[2024-05-26T08:29:56.105+0000] {json2sql_dag.py:87} INFO - Processing JSON file: data_20240526_032403.json
[2024-05-26T08:29:56.114+0000] {json2sql_dag.py:91} INFO - Processing data...
[2024-05-26T08:29:56.117+0000] {json2sql_dag.py:87} INFO - Processing JSON file: data_20240526_032603.json
[2024-05-26T08:29:56.125+0000] {json2sql_dag.py:91} INFO - Processing data...
[2024-05-26T08:29:56.127+0000] {json2sql_dag.py:87} INFO - Processing JSON file: data_20240526_032803.json
[2024-05-26T08:29:56.137+0000] {json2sql_dag.py:91} INFO - Processing data...
[2024-05-26T08:29:56.139+0000] {json2sql_dag.py:87} INFO - Processing JSON file: data_20240526_033003.json
[2024-05-26T08:29:56.149+0000] {json2sql_dag.py:91} INFO - Processing data...
[2024-05-26T08:29:56.151+0000] {json2sql_dag.py:87} INFO - Processing JSON file: data_20240526_033203.json
[2024-05-26T08:29:56.160+0000] {json2sql_dag.py:91} INFO - Processing data...
[2024-05-26T08:29:56.162+0000] {json2sql_dag.py:87} INFO - Processing JSON file: data_20240526_033402.json
[2024-05-26T08:29:56.173+0000] {json2sql_dag.py:91} INFO - Processing data...
[2024-05-26T08:29:56.177+0000] {json2sql_dag.py:87} INFO - Processing JSON file: data_20240526_033603.json
[2024-05-26T08:29:56.186+0000] {json2sql_dag.py:91} INFO - Processing data...
[2024-05-26T08:29:56.314+0000] {json2sql_dag.py:87} INFO - Processing JSON file: data_20240526_033806.json
[2024-05-26T08:29:56.322+0000] {json2sql_dag.py:91} INFO - Processing data...
[2024-05-26T08:29:56.325+0000] {json2sql_dag.py:87} INFO - Processing JSON file: data_20240526_034003.json
[2024-05-26T08:29:56.333+0000] {json2sql_dag.py:91} INFO - Processing data...
[2024-05-26T08:29:56.336+0000] {json2sql_dag.py:87} INFO - Processing JSON file: data_20240526_034203.json
[2024-05-26T08:29:56.345+0000] {json2sql_dag.py:91} INFO - Processing data...
[2024-05-26T08:29:56.348+0000] {json2sql_dag.py:87} INFO - Processing JSON file: data_20240526_034404.json
[2024-05-26T08:29:56.355+0000] {json2sql_dag.py:91} INFO - Processing data...
[2024-05-26T08:29:56.358+0000] {json2sql_dag.py:87} INFO - Processing JSON file: data_20240526_034603.json
[2024-05-26T08:29:56.366+0000] {json2sql_dag.py:91} INFO - Processing data...
[2024-05-26T08:29:56.368+0000] {json2sql_dag.py:87} INFO - Processing JSON file: data_20240526_034803.json
[2024-05-26T08:29:56.375+0000] {json2sql_dag.py:91} INFO - Processing data...
[2024-05-26T08:29:56.378+0000] {json2sql_dag.py:87} INFO - Processing JSON file: data_20240526_035003.json
[2024-05-26T08:29:56.386+0000] {json2sql_dag.py:91} INFO - Processing data...
[2024-05-26T08:29:56.389+0000] {json2sql_dag.py:87} INFO - Processing JSON file: data_20240526_035203.json
[2024-05-26T08:29:56.398+0000] {json2sql_dag.py:91} INFO - Processing data...
[2024-05-26T08:29:56.401+0000] {json2sql_dag.py:87} INFO - Processing JSON file: data_20240526_035403.json
[2024-05-26T08:29:56.408+0000] {json2sql_dag.py:91} INFO - Processing data...
[2024-05-26T08:29:56.412+0000] {json2sql_dag.py:87} INFO - Processing JSON file: data_20240526_035604.json
[2024-05-26T08:29:56.419+0000] {json2sql_dag.py:91} INFO - Processing data...
[2024-05-26T08:29:56.423+0000] {json2sql_dag.py:87} INFO - Processing JSON file: data_20240526_035803.json
[2024-05-26T08:29:56.431+0000] {json2sql_dag.py:91} INFO - Processing data...
[2024-05-26T08:29:56.434+0000] {json2sql_dag.py:87} INFO - Processing JSON file: data_20240526_040003.json
[2024-05-26T08:29:56.442+0000] {json2sql_dag.py:91} INFO - Processing data...
[2024-05-26T08:29:56.444+0000] {json2sql_dag.py:87} INFO - Processing JSON file: data_20240526_040203.json
[2024-05-26T08:29:56.596+0000] {json2sql_dag.py:91} INFO - Processing data...
[2024-05-26T08:29:56.599+0000] {json2sql_dag.py:87} INFO - Processing JSON file: data_20240526_040403.json
[2024-05-26T08:29:56.607+0000] {json2sql_dag.py:91} INFO - Processing data...
[2024-05-26T08:29:56.609+0000] {json2sql_dag.py:87} INFO - Processing JSON file: data_20240526_040603.json
[2024-05-26T08:29:56.617+0000] {json2sql_dag.py:91} INFO - Processing data...
[2024-05-26T08:29:56.618+0000] {json2sql_dag.py:87} INFO - Processing JSON file: data_20240526_040803.json
[2024-05-26T08:29:56.625+0000] {json2sql_dag.py:91} INFO - Processing data...
[2024-05-26T08:29:56.627+0000] {json2sql_dag.py:87} INFO - Processing JSON file: data_20240526_041003.json
[2024-05-26T08:29:56.631+0000] {json2sql_dag.py:91} INFO - Processing data...
[2024-05-26T08:29:56.633+0000] {json2sql_dag.py:87} INFO - Processing JSON file: data_20240526_041203.json
[2024-05-26T08:29:56.640+0000] {json2sql_dag.py:91} INFO - Processing data...
[2024-05-26T08:29:56.641+0000] {json2sql_dag.py:87} INFO - Processing JSON file: data_20240526_041403.json
[2024-05-26T08:29:56.649+0000] {json2sql_dag.py:91} INFO - Processing data...
[2024-05-26T08:29:56.651+0000] {json2sql_dag.py:87} INFO - Processing JSON file: data_20240526_041607.json
[2024-05-26T08:29:56.658+0000] {json2sql_dag.py:91} INFO - Processing data...
[2024-05-26T08:29:56.660+0000] {json2sql_dag.py:87} INFO - Processing JSON file: data_20240526_041804.json
[2024-05-26T08:29:56.668+0000] {json2sql_dag.py:91} INFO - Processing data...
[2024-05-26T08:29:56.669+0000] {json2sql_dag.py:87} INFO - Processing JSON file: data_20240526_042002.json
[2024-05-26T08:29:56.677+0000] {json2sql_dag.py:91} INFO - Processing data...
[2024-05-26T08:29:56.678+0000] {json2sql_dag.py:87} INFO - Processing JSON file: data_20240526_042204.json
[2024-05-26T08:29:56.686+0000] {json2sql_dag.py:91} INFO - Processing data...
[2024-05-26T08:29:56.689+0000] {json2sql_dag.py:87} INFO - Processing JSON file: data_20240526_042403.json
[2024-05-26T08:29:56.697+0000] {json2sql_dag.py:91} INFO - Processing data...
[2024-05-26T08:29:56.698+0000] {json2sql_dag.py:87} INFO - Processing JSON file: data_20240526_042602.json
[2024-05-26T08:29:56.828+0000] {json2sql_dag.py:91} INFO - Processing data...
[2024-05-26T08:29:56.831+0000] {json2sql_dag.py:87} INFO - Processing JSON file: data_20240526_042804.json
[2024-05-26T08:29:56.840+0000] {json2sql_dag.py:91} INFO - Processing data...
[2024-05-26T08:29:56.843+0000] {json2sql_dag.py:87} INFO - Processing JSON file: data_20240526_043002.json
[2024-05-26T08:29:56.852+0000] {json2sql_dag.py:91} INFO - Processing data...
[2024-05-26T08:29:56.854+0000] {json2sql_dag.py:87} INFO - Processing JSON file: data_20240526_043203.json
[2024-05-26T08:29:56.862+0000] {json2sql_dag.py:91} INFO - Processing data...
[2024-05-26T08:29:56.864+0000] {json2sql_dag.py:87} INFO - Processing JSON file: data_20240526_043403.json
[2024-05-26T08:29:56.872+0000] {json2sql_dag.py:91} INFO - Processing data...
[2024-05-26T08:29:56.873+0000] {json2sql_dag.py:87} INFO - Processing JSON file: data_20240526_043602.json
[2024-05-26T08:29:56.881+0000] {json2sql_dag.py:91} INFO - Processing data...
[2024-05-26T08:29:56.882+0000] {json2sql_dag.py:87} INFO - Processing JSON file: data_20240526_043803.json
[2024-05-26T08:29:56.889+0000] {json2sql_dag.py:91} INFO - Processing data...
[2024-05-26T08:29:56.891+0000] {json2sql_dag.py:87} INFO - Processing JSON file: data_20240526_044003.json
[2024-05-26T08:29:56.898+0000] {json2sql_dag.py:91} INFO - Processing data...
[2024-05-26T08:29:56.899+0000] {json2sql_dag.py:87} INFO - Processing JSON file: data_20240526_044203.json
[2024-05-26T08:29:56.906+0000] {json2sql_dag.py:91} INFO - Processing data...
[2024-05-26T08:29:56.908+0000] {json2sql_dag.py:87} INFO - Processing JSON file: data_20240526_044403.json
[2024-05-26T08:29:56.915+0000] {json2sql_dag.py:91} INFO - Processing data...
[2024-05-26T08:29:56.917+0000] {json2sql_dag.py:87} INFO - Processing JSON file: data_20240526_044602.json
[2024-05-26T08:29:56.926+0000] {json2sql_dag.py:91} INFO - Processing data...
[2024-05-26T08:29:56.928+0000] {json2sql_dag.py:87} INFO - Processing JSON file: data_20240526_044803.json
[2024-05-26T08:29:56.936+0000] {json2sql_dag.py:91} INFO - Processing data...
[2024-05-26T08:29:56.937+0000] {json2sql_dag.py:87} INFO - Processing JSON file: data_20240526_045002.json
[2024-05-26T08:29:57.087+0000] {json2sql_dag.py:91} INFO - Processing data...
[2024-05-26T08:29:57.090+0000] {json2sql_dag.py:87} INFO - Processing JSON file: data_20240526_045204.json
[2024-05-26T08:29:57.098+0000] {json2sql_dag.py:91} INFO - Processing data...
[2024-05-26T08:29:57.099+0000] {json2sql_dag.py:87} INFO - Processing JSON file: data_20240526_045403.json
[2024-05-26T08:29:57.107+0000] {json2sql_dag.py:91} INFO - Processing data...
[2024-05-26T08:29:57.109+0000] {json2sql_dag.py:87} INFO - Processing JSON file: data_20240526_045602.json
[2024-05-26T08:29:57.116+0000] {json2sql_dag.py:91} INFO - Processing data...
[2024-05-26T08:29:57.118+0000] {json2sql_dag.py:87} INFO - Processing JSON file: data_20240526_045804.json
[2024-05-26T08:29:57.125+0000] {json2sql_dag.py:91} INFO - Processing data...
[2024-05-26T08:29:57.127+0000] {json2sql_dag.py:87} INFO - Processing JSON file: data_20240526_050002.json
[2024-05-26T08:29:57.134+0000] {json2sql_dag.py:91} INFO - Processing data...
[2024-05-26T08:29:57.136+0000] {json2sql_dag.py:87} INFO - Processing JSON file: data_20240526_050203.json
[2024-05-26T08:29:57.143+0000] {json2sql_dag.py:91} INFO - Processing data...
[2024-05-26T08:29:57.145+0000] {json2sql_dag.py:87} INFO - Processing JSON file: data_20240526_050403.json
[2024-05-26T08:29:57.152+0000] {json2sql_dag.py:91} INFO - Processing data...
[2024-05-26T08:29:57.154+0000] {json2sql_dag.py:87} INFO - Processing JSON file: data_20240526_050603.json
[2024-05-26T08:29:57.162+0000] {json2sql_dag.py:91} INFO - Processing data...
[2024-05-26T08:29:57.164+0000] {json2sql_dag.py:87} INFO - Processing JSON file: data_20240526_050802.json
[2024-05-26T08:29:57.172+0000] {json2sql_dag.py:91} INFO - Processing data...
[2024-05-26T08:29:57.174+0000] {json2sql_dag.py:87} INFO - Processing JSON file: data_20240526_051003.json
[2024-05-26T08:29:57.182+0000] {json2sql_dag.py:91} INFO - Processing data...
[2024-05-26T08:29:57.184+0000] {json2sql_dag.py:87} INFO - Processing JSON file: data_20240526_051203.json
[2024-05-26T08:29:57.192+0000] {json2sql_dag.py:91} INFO - Processing data...
[2024-05-26T08:29:57.194+0000] {json2sql_dag.py:87} INFO - Processing JSON file: data_20240526_051404.json
[2024-05-26T08:29:57.328+0000] {json2sql_dag.py:91} INFO - Processing data...
[2024-05-26T08:29:57.331+0000] {json2sql_dag.py:87} INFO - Processing JSON file: data_20240526_051603.json
[2024-05-26T08:29:57.339+0000] {json2sql_dag.py:91} INFO - Processing data...
[2024-05-26T08:29:57.341+0000] {json2sql_dag.py:87} INFO - Processing JSON file: data_20240526_051803.json
[2024-05-26T08:29:57.348+0000] {json2sql_dag.py:91} INFO - Processing data...
[2024-05-26T08:29:57.351+0000] {json2sql_dag.py:87} INFO - Processing JSON file: data_20240526_052003.json
[2024-05-26T08:29:57.358+0000] {json2sql_dag.py:91} INFO - Processing data...
[2024-05-26T08:29:57.360+0000] {json2sql_dag.py:87} INFO - Processing JSON file: data_20240526_052204.json
[2024-05-26T08:29:57.366+0000] {json2sql_dag.py:91} INFO - Processing data...
[2024-05-26T08:29:57.368+0000] {json2sql_dag.py:87} INFO - Processing JSON file: data_20240526_052402.json
[2024-05-26T08:29:57.375+0000] {json2sql_dag.py:91} INFO - Processing data...
[2024-05-26T08:29:57.377+0000] {json2sql_dag.py:87} INFO - Processing JSON file: data_20240526_052603.json
[2024-05-26T08:29:57.384+0000] {json2sql_dag.py:91} INFO - Processing data...
[2024-05-26T08:29:57.386+0000] {json2sql_dag.py:87} INFO - Processing JSON file: data_20240526_052803.json
[2024-05-26T08:29:57.393+0000] {json2sql_dag.py:91} INFO - Processing data...
[2024-05-26T08:29:57.394+0000] {json2sql_dag.py:87} INFO - Processing JSON file: data_20240526_053003.json
[2024-05-26T08:29:57.402+0000] {json2sql_dag.py:91} INFO - Processing data...
[2024-05-26T08:29:57.403+0000] {json2sql_dag.py:87} INFO - Processing JSON file: data_20240526_053203.json
[2024-05-26T08:29:57.411+0000] {json2sql_dag.py:91} INFO - Processing data...
[2024-05-26T08:29:57.412+0000] {json2sql_dag.py:87} INFO - Processing JSON file: data_20240526_053403.json
[2024-05-26T08:29:57.420+0000] {json2sql_dag.py:91} INFO - Processing data...
[2024-05-26T08:29:57.421+0000] {json2sql_dag.py:87} INFO - Processing JSON file: data_20240526_053603.json
[2024-05-26T08:29:57.429+0000] {json2sql_dag.py:91} INFO - Processing data...
[2024-05-26T08:29:57.430+0000] {json2sql_dag.py:87} INFO - Processing JSON file: data_20240526_053805.json
[2024-05-26T08:29:57.560+0000] {json2sql_dag.py:91} INFO - Processing data...
[2024-05-26T08:29:57.562+0000] {json2sql_dag.py:87} INFO - Processing JSON file: data_20240526_054002.json
[2024-05-26T08:29:57.571+0000] {json2sql_dag.py:91} INFO - Processing data...
[2024-05-26T08:29:57.573+0000] {json2sql_dag.py:87} INFO - Processing JSON file: data_20240526_054203.json
[2024-05-26T08:29:57.581+0000] {json2sql_dag.py:91} INFO - Processing data...
[2024-05-26T08:29:57.582+0000] {json2sql_dag.py:87} INFO - Processing JSON file: data_20240526_054403.json
[2024-05-26T08:29:57.590+0000] {json2sql_dag.py:91} INFO - Processing data...
[2024-05-26T08:29:57.592+0000] {json2sql_dag.py:87} INFO - Processing JSON file: data_20240526_054603.json
[2024-05-26T08:29:57.599+0000] {json2sql_dag.py:91} INFO - Processing data...
[2024-05-26T08:29:57.601+0000] {json2sql_dag.py:87} INFO - Processing JSON file: data_20240526_054803.json
[2024-05-26T08:29:57.608+0000] {json2sql_dag.py:91} INFO - Processing data...
[2024-05-26T08:29:57.610+0000] {json2sql_dag.py:87} INFO - Processing JSON file: data_20240526_055003.json
[2024-05-26T08:29:57.617+0000] {json2sql_dag.py:91} INFO - Processing data...
[2024-05-26T08:29:57.618+0000] {json2sql_dag.py:87} INFO - Processing JSON file: data_20240526_055203.json
[2024-05-26T08:29:57.628+0000] {json2sql_dag.py:91} INFO - Processing data...
[2024-05-26T08:29:57.630+0000] {json2sql_dag.py:87} INFO - Processing JSON file: data_20240526_055402.json
[2024-05-26T08:29:57.638+0000] {json2sql_dag.py:91} INFO - Processing data...
[2024-05-26T08:29:57.641+0000] {json2sql_dag.py:87} INFO - Processing JSON file: data_20240526_055603.json
[2024-05-26T08:29:57.649+0000] {json2sql_dag.py:91} INFO - Processing data...
[2024-05-26T08:29:57.651+0000] {json2sql_dag.py:87} INFO - Processing JSON file: data_20240526_055804.json
[2024-05-26T08:29:57.658+0000] {json2sql_dag.py:91} INFO - Processing data...
[2024-05-26T08:29:57.659+0000] {json2sql_dag.py:87} INFO - Processing JSON file: data_20240526_060003.json
[2024-05-26T08:29:57.668+0000] {json2sql_dag.py:91} INFO - Processing data...
[2024-05-26T08:29:57.669+0000] {json2sql_dag.py:87} INFO - Processing JSON file: data_20240526_060203.json
[2024-05-26T08:29:57.678+0000] {json2sql_dag.py:91} INFO - Processing data...
[2024-05-26T08:29:57.799+0000] {json2sql_dag.py:87} INFO - Processing JSON file: data_20240526_060403.json
[2024-05-26T08:29:57.807+0000] {json2sql_dag.py:91} INFO - Processing data...
[2024-05-26T08:29:57.810+0000] {json2sql_dag.py:87} INFO - Processing JSON file: data_20240526_060603.json
[2024-05-26T08:29:57.817+0000] {json2sql_dag.py:91} INFO - Processing data...
[2024-05-26T08:29:57.819+0000] {json2sql_dag.py:87} INFO - Processing JSON file: data_20240526_060803.json
[2024-05-26T08:29:57.822+0000] {json2sql_dag.py:91} INFO - Processing data...
[2024-05-26T08:29:57.824+0000] {json2sql_dag.py:87} INFO - Processing JSON file: data_20240526_061003.json
[2024-05-26T08:29:57.831+0000] {json2sql_dag.py:91} INFO - Processing data...
[2024-05-26T08:29:57.832+0000] {json2sql_dag.py:87} INFO - Processing JSON file: data_20240526_061203.json
[2024-05-26T08:29:57.839+0000] {json2sql_dag.py:91} INFO - Processing data...
[2024-05-26T08:29:57.841+0000] {json2sql_dag.py:87} INFO - Processing JSON file: data_20240526_061403.json
[2024-05-26T08:29:57.848+0000] {json2sql_dag.py:91} INFO - Processing data...
[2024-05-26T08:29:57.850+0000] {json2sql_dag.py:87} INFO - Processing JSON file: data_20240526_061604.json
[2024-05-26T08:29:57.857+0000] {json2sql_dag.py:91} INFO - Processing data...
[2024-05-26T08:29:57.858+0000] {json2sql_dag.py:87} INFO - Processing JSON file: data_20240526_061803.json
[2024-05-26T08:29:57.865+0000] {json2sql_dag.py:91} INFO - Processing data...
[2024-05-26T08:29:57.867+0000] {json2sql_dag.py:87} INFO - Processing JSON file: data_20240526_062003.json
[2024-05-26T08:29:57.874+0000] {json2sql_dag.py:91} INFO - Processing data...
[2024-05-26T08:29:57.876+0000] {json2sql_dag.py:87} INFO - Processing JSON file: data_20240526_062203.json
[2024-05-26T08:29:57.884+0000] {json2sql_dag.py:91} INFO - Processing data...
[2024-05-26T08:29:57.885+0000] {json2sql_dag.py:87} INFO - Processing JSON file: data_20240526_062402.json
[2024-05-26T08:29:57.893+0000] {json2sql_dag.py:91} INFO - Processing data...
[2024-05-26T08:29:57.894+0000] {json2sql_dag.py:87} INFO - Processing JSON file: data_20240526_062602.json
[2024-05-26T08:29:57.902+0000] {json2sql_dag.py:91} INFO - Processing data...
[2024-05-26T08:29:57.904+0000] {json2sql_dag.py:87} INFO - Processing JSON file: data_20240526_062803.json
[2024-05-26T08:29:58.033+0000] {json2sql_dag.py:91} INFO - Processing data...
[2024-05-26T08:29:58.036+0000] {json2sql_dag.py:87} INFO - Processing JSON file: data_20240526_063003.json
[2024-05-26T08:29:58.045+0000] {json2sql_dag.py:91} INFO - Processing data...
[2024-05-26T08:29:58.047+0000] {json2sql_dag.py:87} INFO - Processing JSON file: data_20240526_063204.json
[2024-05-26T08:29:58.055+0000] {json2sql_dag.py:91} INFO - Processing data...
[2024-05-26T08:29:58.057+0000] {json2sql_dag.py:87} INFO - Processing JSON file: data_20240526_063403.json
[2024-05-26T08:29:58.066+0000] {json2sql_dag.py:91} INFO - Processing data...
[2024-05-26T08:29:58.069+0000] {json2sql_dag.py:87} INFO - Processing JSON file: data_20240526_063603.json
[2024-05-26T08:29:58.077+0000] {json2sql_dag.py:91} INFO - Processing data...
[2024-05-26T08:29:58.078+0000] {json2sql_dag.py:87} INFO - Processing JSON file: data_20240526_063804.json
[2024-05-26T08:29:58.086+0000] {json2sql_dag.py:91} INFO - Processing data...
[2024-05-26T08:29:58.088+0000] {json2sql_dag.py:87} INFO - Processing JSON file: data_20240526_064004.json
[2024-05-26T08:29:58.096+0000] {json2sql_dag.py:91} INFO - Processing data...
[2024-05-26T08:29:58.097+0000] {json2sql_dag.py:87} INFO - Processing JSON file: data_20240526_064203.json
[2024-05-26T08:29:58.104+0000] {json2sql_dag.py:91} INFO - Processing data...
[2024-05-26T08:29:58.106+0000] {json2sql_dag.py:87} INFO - Processing JSON file: data_20240526_064403.json
[2024-05-26T08:29:58.113+0000] {json2sql_dag.py:91} INFO - Processing data...
[2024-05-26T08:29:58.114+0000] {json2sql_dag.py:87} INFO - Processing JSON file: data_20240526_064603.json
[2024-05-26T08:29:58.123+0000] {json2sql_dag.py:91} INFO - Processing data...
[2024-05-26T08:29:58.124+0000] {json2sql_dag.py:87} INFO - Processing JSON file: data_20240526_064803.json
[2024-05-26T08:29:58.132+0000] {json2sql_dag.py:91} INFO - Processing data...
[2024-05-26T08:29:58.134+0000] {json2sql_dag.py:87} INFO - Processing JSON file: data_20240526_065003.json
[2024-05-26T08:29:58.141+0000] {json2sql_dag.py:91} INFO - Processing data...
[2024-05-26T08:29:58.142+0000] {json2sql_dag.py:87} INFO - Processing JSON file: data_20240526_065203.json
[2024-05-26T08:29:58.272+0000] {json2sql_dag.py:91} INFO - Processing data...
[2024-05-26T08:29:58.274+0000] {json2sql_dag.py:87} INFO - Processing JSON file: data_20240526_065402.json
[2024-05-26T08:29:58.282+0000] {json2sql_dag.py:91} INFO - Processing data...
[2024-05-26T08:29:58.284+0000] {json2sql_dag.py:87} INFO - Processing JSON file: data_20240526_065603.json
[2024-05-26T08:29:58.292+0000] {json2sql_dag.py:91} INFO - Processing data...
[2024-05-26T08:29:58.293+0000] {json2sql_dag.py:87} INFO - Processing JSON file: data_20240526_065802.json
[2024-05-26T08:29:58.300+0000] {json2sql_dag.py:91} INFO - Processing data...
[2024-05-26T08:29:58.301+0000] {json2sql_dag.py:87} INFO - Processing JSON file: data_20240526_070003.json
[2024-05-26T08:29:58.309+0000] {json2sql_dag.py:91} INFO - Processing data...
[2024-05-26T08:29:58.310+0000] {json2sql_dag.py:87} INFO - Processing JSON file: data_20240526_070203.json
[2024-05-26T08:29:58.318+0000] {json2sql_dag.py:91} INFO - Processing data...
[2024-05-26T08:29:58.319+0000] {json2sql_dag.py:87} INFO - Processing JSON file: data_20240526_070403.json
[2024-05-26T08:29:58.326+0000] {json2sql_dag.py:91} INFO - Processing data...
[2024-05-26T08:29:58.328+0000] {json2sql_dag.py:87} INFO - Processing JSON file: data_20240526_070604.json
[2024-05-26T08:29:58.335+0000] {json2sql_dag.py:91} INFO - Processing data...
[2024-05-26T08:29:58.337+0000] {json2sql_dag.py:87} INFO - Processing JSON file: data_20240526_070803.json
[2024-05-26T08:29:58.344+0000] {json2sql_dag.py:91} INFO - Processing data...
[2024-05-26T08:29:58.345+0000] {json2sql_dag.py:87} INFO - Processing JSON file: data_20240526_071003.json
[2024-05-26T08:29:58.352+0000] {json2sql_dag.py:91} INFO - Processing data...
[2024-05-26T08:29:58.354+0000] {json2sql_dag.py:87} INFO - Processing JSON file: data_20240526_071203.json
[2024-05-26T08:29:58.361+0000] {json2sql_dag.py:91} INFO - Processing data...
[2024-05-26T08:29:58.363+0000] {json2sql_dag.py:87} INFO - Processing JSON file: data_20240526_071403.json
[2024-05-26T08:29:58.370+0000] {json2sql_dag.py:91} INFO - Processing data...
[2024-05-26T08:29:58.372+0000] {json2sql_dag.py:87} INFO - Processing JSON file: data_20240526_071603.json
[2024-05-26T08:29:58.504+0000] {json2sql_dag.py:91} INFO - Processing data...
[2024-05-26T08:29:58.506+0000] {json2sql_dag.py:87} INFO - Processing JSON file: data_20240526_071803.json
[2024-05-26T08:29:58.515+0000] {json2sql_dag.py:91} INFO - Processing data...
[2024-05-26T08:29:58.518+0000] {json2sql_dag.py:87} INFO - Processing JSON file: data_20240526_072003.json
[2024-05-26T08:29:58.526+0000] {json2sql_dag.py:91} INFO - Processing data...
[2024-05-26T08:29:58.528+0000] {json2sql_dag.py:87} INFO - Processing JSON file: data_20240526_072203.json
[2024-05-26T08:29:58.536+0000] {json2sql_dag.py:91} INFO - Processing data...
[2024-05-26T08:29:58.538+0000] {json2sql_dag.py:87} INFO - Processing JSON file: data_20240526_072404.json
[2024-05-26T08:29:58.546+0000] {json2sql_dag.py:91} INFO - Processing data...
[2024-05-26T08:29:58.548+0000] {json2sql_dag.py:87} INFO - Processing JSON file: data_20240526_072603.json
[2024-05-26T08:29:58.555+0000] {json2sql_dag.py:91} INFO - Processing data...
[2024-05-26T08:29:58.557+0000] {json2sql_dag.py:87} INFO - Processing JSON file: data_20240526_072802.json
[2024-05-26T08:29:58.565+0000] {json2sql_dag.py:91} INFO - Processing data...
[2024-05-26T08:29:58.566+0000] {json2sql_dag.py:87} INFO - Processing JSON file: data_20240526_073003.json
[2024-05-26T08:29:58.574+0000] {json2sql_dag.py:91} INFO - Processing data...
[2024-05-26T08:29:58.576+0000] {json2sql_dag.py:87} INFO - Processing JSON file: data_20240526_073203.json
[2024-05-26T08:29:58.583+0000] {json2sql_dag.py:91} INFO - Processing data...
[2024-05-26T08:29:58.585+0000] {json2sql_dag.py:87} INFO - Processing JSON file: data_20240526_073403.json
[2024-05-26T08:29:58.593+0000] {json2sql_dag.py:91} INFO - Processing data...
[2024-05-26T08:29:58.595+0000] {json2sql_dag.py:87} INFO - Processing JSON file: data_20240526_073604.json
[2024-05-26T08:29:58.603+0000] {json2sql_dag.py:91} INFO - Processing data...
[2024-05-26T08:29:58.604+0000] {json2sql_dag.py:87} INFO - Processing JSON file: data_20240526_073803.json
[2024-05-26T08:29:58.613+0000] {json2sql_dag.py:91} INFO - Processing data...
[2024-05-26T08:29:58.615+0000] {json2sql_dag.py:87} INFO - Processing JSON file: data_20240526_074003.json
[2024-05-26T08:29:58.747+0000] {json2sql_dag.py:91} INFO - Processing data...
[2024-05-26T08:29:58.750+0000] {json2sql_dag.py:87} INFO - Processing JSON file: data_20240526_074203.json
[2024-05-26T08:29:58.759+0000] {json2sql_dag.py:91} INFO - Processing data...
[2024-05-26T08:29:58.761+0000] {json2sql_dag.py:87} INFO - Processing JSON file: data_20240526_074403.json
[2024-05-26T08:29:58.769+0000] {json2sql_dag.py:91} INFO - Processing data...
[2024-05-26T08:29:58.770+0000] {json2sql_dag.py:87} INFO - Processing JSON file: data_20240526_074603.json
[2024-05-26T08:29:58.777+0000] {json2sql_dag.py:91} INFO - Processing data...
[2024-05-26T08:29:58.779+0000] {json2sql_dag.py:87} INFO - Processing JSON file: data_20240526_074803.json
[2024-05-26T08:29:58.786+0000] {json2sql_dag.py:91} INFO - Processing data...
[2024-05-26T08:29:58.787+0000] {json2sql_dag.py:87} INFO - Processing JSON file: data_20240526_075003.json
[2024-05-26T08:29:58.795+0000] {json2sql_dag.py:91} INFO - Processing data...
[2024-05-26T08:29:58.796+0000] {json2sql_dag.py:87} INFO - Processing JSON file: data_20240526_075202.json
[2024-05-26T08:29:58.803+0000] {json2sql_dag.py:91} INFO - Processing data...
[2024-05-26T08:29:58.804+0000] {json2sql_dag.py:87} INFO - Processing JSON file: data_20240526_075403.json
[2024-05-26T08:29:58.811+0000] {json2sql_dag.py:91} INFO - Processing data...
[2024-05-26T08:29:58.813+0000] {json2sql_dag.py:87} INFO - Processing JSON file: data_20240526_075604.json
[2024-05-26T08:29:58.820+0000] {json2sql_dag.py:91} INFO - Processing data...
[2024-05-26T08:29:58.821+0000] {json2sql_dag.py:87} INFO - Processing JSON file: data_20240526_075804.json
[2024-05-26T08:29:58.830+0000] {json2sql_dag.py:91} INFO - Processing data...
[2024-05-26T08:29:58.831+0000] {json2sql_dag.py:87} INFO - Processing JSON file: data_20240526_080004.json
[2024-05-26T08:29:58.838+0000] {json2sql_dag.py:91} INFO - Processing data...
[2024-05-26T08:29:58.840+0000] {json2sql_dag.py:87} INFO - Processing JSON file: data_20240526_080203.json
[2024-05-26T08:29:58.847+0000] {json2sql_dag.py:91} INFO - Processing data...
[2024-05-26T08:29:58.849+0000] {json2sql_dag.py:87} INFO - Processing JSON file: data_20240526_080403.json
[2024-05-26T08:29:58.978+0000] {json2sql_dag.py:91} INFO - Processing data...
[2024-05-26T08:29:58.981+0000] {json2sql_dag.py:87} INFO - Processing JSON file: data_20240526_080908.json
[2024-05-26T08:29:58.989+0000] {json2sql_dag.py:91} INFO - Processing data...
[2024-05-26T08:29:58.991+0000] {json2sql_dag.py:87} INFO - Processing JSON file: data_20240526_081002.json
[2024-05-26T08:29:58.995+0000] {json2sql_dag.py:91} INFO - Processing data...
[2024-05-26T08:29:58.997+0000] {json2sql_dag.py:87} INFO - Processing JSON file: data_20240526_081203.json
[2024-05-26T08:29:59.004+0000] {json2sql_dag.py:91} INFO - Processing data...
[2024-05-26T08:29:59.005+0000] {json2sql_dag.py:87} INFO - Processing JSON file: data_20240526_081404.json
[2024-05-26T08:29:59.013+0000] {json2sql_dag.py:91} INFO - Processing data...
[2024-05-26T08:29:59.014+0000] {json2sql_dag.py:87} INFO - Processing JSON file: data_20240526_081603.json
[2024-05-26T08:29:59.021+0000] {json2sql_dag.py:91} INFO - Processing data...
[2024-05-26T08:29:59.023+0000] {json2sql_dag.py:87} INFO - Processing JSON file: data_20240526_081803.json
[2024-05-26T08:29:59.031+0000] {json2sql_dag.py:91} INFO - Processing data...
[2024-05-26T08:29:59.033+0000] {json2sql_dag.py:87} INFO - Processing JSON file: data_20240526_082003.json
[2024-05-26T08:29:59.040+0000] {json2sql_dag.py:91} INFO - Processing data...
[2024-05-26T08:29:59.041+0000] {json2sql_dag.py:87} INFO - Processing JSON file: data_20240526_082203.json
[2024-05-26T08:29:59.048+0000] {json2sql_dag.py:91} INFO - Processing data...
[2024-05-26T08:29:59.050+0000] {json2sql_dag.py:87} INFO - Processing JSON file: data_20240526_082403.json
[2024-05-26T08:29:59.057+0000] {json2sql_dag.py:91} INFO - Processing data...
[2024-05-26T08:29:59.059+0000] {json2sql_dag.py:111} INFO - Data processing completed. Processed 344968 records.
[2024-05-26T08:30:01.688+0000] {python.py:201} INFO - Done. Returned value was: None
[2024-05-26T08:30:01.694+0000] {taskinstance.py:1138} INFO - Marking task as SUCCESS. dag_id=json2sql_dag, task_id=process_data_task, execution_date=20240526T082600, start_date=20240526T082954, end_date=20240526T083001
[2024-05-26T08:30:01.799+0000] {local_task_job_runner.py:234} INFO - Task exited with return code 0
[2024-05-26T08:30:01.812+0000] {taskinstance.py:3280} INFO - 1 downstream tasks scheduled from follow-on schedule check
