[2024-05-26T08:30:03.259+0000] {taskinstance.py:1956} INFO - Dependencies all met for dep_context=non-requeueable deps ti=<TaskInstance: json2sql_dag.process_data_task scheduled__2024-05-26T08:28:00+00:00 [queued]>
[2024-05-26T08:30:03.263+0000] {taskinstance.py:1956} INFO - Dependencies all met for dep_context=requeueable deps ti=<TaskInstance: json2sql_dag.process_data_task scheduled__2024-05-26T08:28:00+00:00 [queued]>
[2024-05-26T08:30:03.263+0000] {taskinstance.py:2170} INFO - Starting attempt 1 of 1
[2024-05-26T08:30:03.267+0000] {taskinstance.py:2191} INFO - Executing <Task(PythonOperator): process_data_task> on 2024-05-26 08:28:00+00:00
[2024-05-26T08:30:03.273+0000] {standard_task_runner.py:60} INFO - Started process 144 to run task
[2024-05-26T08:30:03.275+0000] {standard_task_runner.py:87} INFO - Running: ['***', 'tasks', 'run', 'json2sql_dag', 'process_data_task', 'scheduled__2024-05-26T08:28:00+00:00', '--job-id', '2264', '--raw', '--subdir', 'DAGS_FOLDER/json2sql_dag.py', '--cfg-path', '/tmp/tmp03gihfxd']
[2024-05-26T08:30:03.276+0000] {standard_task_runner.py:88} INFO - Job 2264: Subtask process_data_task
[2024-05-26T08:30:03.284+0000] {warnings.py:109} WARNING - /home/***/.local/lib/python3.8/site-packages/***/settings.py:194: DeprecationWarning: The sql_alchemy_conn option in [core] has been moved to the sql_alchemy_conn option in [database] - the old setting has been used, but please update your config.
  SQL_ALCHEMY_CONN = conf.get("database", "SQL_ALCHEMY_CONN")

[2024-05-26T08:30:03.300+0000] {task_command.py:423} INFO - Running <TaskInstance: json2sql_dag.process_data_task scheduled__2024-05-26T08:28:00+00:00 [running]> on host d904a9488f34
[2024-05-26T08:30:03.330+0000] {taskinstance.py:2480} INFO - Exporting env vars: AIRFLOW_CTX_DAG_OWNER='***' AIRFLOW_CTX_DAG_ID='json2sql_dag' AIRFLOW_CTX_TASK_ID='process_data_task' AIRFLOW_CTX_EXECUTION_DATE='2024-05-26T08:28:00+00:00' AIRFLOW_CTX_TRY_NUMBER='1' AIRFLOW_CTX_DAG_RUN_ID='scheduled__2024-05-26T08:28:00+00:00'
[2024-05-26T08:30:03.335+0000] {json2sql_dag.py:87} INFO - Processing JSON file: data_20240526_002920.json
[2024-05-26T08:30:03.346+0000] {json2sql_dag.py:109} ERROR - Error decoding JSON file data_20240526_002920.json: Extra data: line 1 column 902937 (char 902936)
[2024-05-26T08:30:03.347+0000] {json2sql_dag.py:87} INFO - Processing JSON file: data_20240526_003004.json
[2024-05-26T08:30:03.354+0000] {json2sql_dag.py:91} INFO - Processing data...
[2024-05-26T08:30:03.355+0000] {json2sql_dag.py:87} INFO - Processing JSON file: data_20240526_003602.json
[2024-05-26T08:30:03.363+0000] {json2sql_dag.py:91} INFO - Processing data...
[2024-05-26T08:30:03.364+0000] {json2sql_dag.py:87} INFO - Processing JSON file: data_20240526_003803.json
[2024-05-26T08:30:03.371+0000] {json2sql_dag.py:91} INFO - Processing data...
[2024-05-26T08:30:03.372+0000] {json2sql_dag.py:87} INFO - Processing JSON file: data_20240526_004003.json
[2024-05-26T08:30:03.379+0000] {json2sql_dag.py:91} INFO - Processing data...
[2024-05-26T08:30:03.381+0000] {json2sql_dag.py:87} INFO - Processing JSON file: data_20240526_004204.json
[2024-05-26T08:30:03.389+0000] {json2sql_dag.py:91} INFO - Processing data...
[2024-05-26T08:30:03.391+0000] {json2sql_dag.py:87} INFO - Processing JSON file: data_20240526_004352.json
[2024-05-26T08:30:03.399+0000] {json2sql_dag.py:91} INFO - Processing data...
[2024-05-26T08:30:03.402+0000] {json2sql_dag.py:87} INFO - Processing JSON file: data_20240526_004402.json
[2024-05-26T08:30:03.411+0000] {json2sql_dag.py:91} INFO - Processing data...
[2024-05-26T08:30:03.413+0000] {json2sql_dag.py:87} INFO - Processing JSON file: data_20240526_004803.json
[2024-05-26T08:30:03.561+0000] {json2sql_dag.py:91} INFO - Processing data...
[2024-05-26T08:30:03.564+0000] {json2sql_dag.py:87} INFO - Processing JSON file: data_20240526_005003.json
[2024-05-26T08:30:03.572+0000] {json2sql_dag.py:91} INFO - Processing data...
[2024-05-26T08:30:03.573+0000] {json2sql_dag.py:87} INFO - Processing JSON file: data_20240526_005203.json
[2024-05-26T08:30:03.581+0000] {json2sql_dag.py:91} INFO - Processing data...
[2024-05-26T08:30:03.582+0000] {json2sql_dag.py:87} INFO - Processing JSON file: data_20240526_005403.json
[2024-05-26T08:30:03.589+0000] {json2sql_dag.py:91} INFO - Processing data...
[2024-05-26T08:30:03.590+0000] {json2sql_dag.py:87} INFO - Processing JSON file: data_20240526_005603.json
[2024-05-26T08:30:03.597+0000] {json2sql_dag.py:91} INFO - Processing data...
[2024-05-26T08:30:03.599+0000] {json2sql_dag.py:87} INFO - Processing JSON file: data_20240526_005803.json
[2024-05-26T08:30:03.606+0000] {json2sql_dag.py:91} INFO - Processing data...
[2024-05-26T08:30:03.607+0000] {json2sql_dag.py:87} INFO - Processing JSON file: data_20240526_010004.json
[2024-05-26T08:30:03.614+0000] {json2sql_dag.py:91} INFO - Processing data...
[2024-05-26T08:30:03.616+0000] {json2sql_dag.py:87} INFO - Processing JSON file: data_20240526_010203.json
[2024-05-26T08:30:03.623+0000] {json2sql_dag.py:91} INFO - Processing data...
[2024-05-26T08:30:03.624+0000] {json2sql_dag.py:87} INFO - Processing JSON file: data_20240526_010403.json
[2024-05-26T08:30:03.631+0000] {json2sql_dag.py:91} INFO - Processing data...
[2024-05-26T08:30:03.632+0000] {json2sql_dag.py:87} INFO - Processing JSON file: data_20240526_010603.json
[2024-05-26T08:30:03.639+0000] {json2sql_dag.py:91} INFO - Processing data...
[2024-05-26T08:30:03.641+0000] {json2sql_dag.py:87} INFO - Processing JSON file: data_20240526_010803.json
[2024-05-26T08:30:03.648+0000] {json2sql_dag.py:91} INFO - Processing data...
[2024-05-26T08:30:03.649+0000] {json2sql_dag.py:87} INFO - Processing JSON file: data_20240526_011003.json
[2024-05-26T08:30:03.657+0000] {json2sql_dag.py:91} INFO - Processing data...
[2024-05-26T08:30:03.660+0000] {json2sql_dag.py:87} INFO - Processing JSON file: data_20240526_011204.json
[2024-05-26T08:30:03.803+0000] {json2sql_dag.py:91} INFO - Processing data...
[2024-05-26T08:30:03.806+0000] {json2sql_dag.py:87} INFO - Processing JSON file: data_20240526_011403.json
[2024-05-26T08:30:03.814+0000] {json2sql_dag.py:91} INFO - Processing data...
[2024-05-26T08:30:03.815+0000] {json2sql_dag.py:87} INFO - Processing JSON file: data_20240526_011603.json
[2024-05-26T08:30:03.824+0000] {json2sql_dag.py:91} INFO - Processing data...
[2024-05-26T08:30:03.825+0000] {json2sql_dag.py:87} INFO - Processing JSON file: data_20240526_011803.json
[2024-05-26T08:30:03.833+0000] {json2sql_dag.py:91} INFO - Processing data...
[2024-05-26T08:30:03.835+0000] {json2sql_dag.py:87} INFO - Processing JSON file: data_20240526_012003.json
[2024-05-26T08:30:03.843+0000] {json2sql_dag.py:91} INFO - Processing data...
[2024-05-26T08:30:03.845+0000] {json2sql_dag.py:87} INFO - Processing JSON file: data_20240526_012203.json
[2024-05-26T08:30:03.852+0000] {json2sql_dag.py:91} INFO - Processing data...
[2024-05-26T08:30:03.854+0000] {json2sql_dag.py:87} INFO - Processing JSON file: data_20240526_012403.json
[2024-05-26T08:30:03.863+0000] {json2sql_dag.py:91} INFO - Processing data...
[2024-05-26T08:30:03.865+0000] {json2sql_dag.py:87} INFO - Processing JSON file: data_20240526_012603.json
[2024-05-26T08:30:03.874+0000] {json2sql_dag.py:91} INFO - Processing data...
[2024-05-26T08:30:03.876+0000] {json2sql_dag.py:87} INFO - Processing JSON file: data_20240526_012803.json
[2024-05-26T08:30:03.885+0000] {json2sql_dag.py:91} INFO - Processing data...
[2024-05-26T08:30:03.887+0000] {json2sql_dag.py:87} INFO - Processing JSON file: data_20240526_013003.json
[2024-05-26T08:30:03.896+0000] {json2sql_dag.py:91} INFO - Processing data...
[2024-05-26T08:30:03.899+0000] {json2sql_dag.py:87} INFO - Processing JSON file: data_20240526_013203.json
[2024-05-26T08:30:03.907+0000] {json2sql_dag.py:91} INFO - Processing data...
[2024-05-26T08:30:03.909+0000] {json2sql_dag.py:87} INFO - Processing JSON file: data_20240526_013402.json
[2024-05-26T08:30:03.917+0000] {json2sql_dag.py:91} INFO - Processing data...
[2024-05-26T08:30:03.918+0000] {json2sql_dag.py:87} INFO - Processing JSON file: data_20240526_013603.json
[2024-05-26T08:30:04.038+0000] {json2sql_dag.py:91} INFO - Processing data...
[2024-05-26T08:30:04.041+0000] {json2sql_dag.py:87} INFO - Processing JSON file: data_20240526_013804.json
[2024-05-26T08:30:04.049+0000] {json2sql_dag.py:91} INFO - Processing data...
[2024-05-26T08:30:04.051+0000] {json2sql_dag.py:87} INFO - Processing JSON file: data_20240526_014003.json
[2024-05-26T08:30:04.059+0000] {json2sql_dag.py:91} INFO - Processing data...
[2024-05-26T08:30:04.061+0000] {json2sql_dag.py:87} INFO - Processing JSON file: data_20240526_014203.json
[2024-05-26T08:30:04.068+0000] {json2sql_dag.py:91} INFO - Processing data...
[2024-05-26T08:30:04.070+0000] {json2sql_dag.py:87} INFO - Processing JSON file: data_20240526_014403.json
[2024-05-26T08:30:04.077+0000] {json2sql_dag.py:91} INFO - Processing data...
[2024-05-26T08:30:04.079+0000] {json2sql_dag.py:87} INFO - Processing JSON file: data_20240526_014603.json
[2024-05-26T08:30:04.087+0000] {json2sql_dag.py:91} INFO - Processing data...
[2024-05-26T08:30:04.088+0000] {json2sql_dag.py:87} INFO - Processing JSON file: data_20240526_014802.json
[2024-05-26T08:30:04.096+0000] {json2sql_dag.py:91} INFO - Processing data...
[2024-05-26T08:30:04.098+0000] {json2sql_dag.py:87} INFO - Processing JSON file: data_20240526_015003.json
[2024-05-26T08:30:04.105+0000] {json2sql_dag.py:91} INFO - Processing data...
[2024-05-26T08:30:04.107+0000] {json2sql_dag.py:87} INFO - Processing JSON file: data_20240526_015203.json
[2024-05-26T08:30:04.115+0000] {json2sql_dag.py:91} INFO - Processing data...
[2024-05-26T08:30:04.116+0000] {json2sql_dag.py:87} INFO - Processing JSON file: data_20240526_015403.json
[2024-05-26T08:30:04.124+0000] {json2sql_dag.py:91} INFO - Processing data...
[2024-05-26T08:30:04.126+0000] {json2sql_dag.py:87} INFO - Processing JSON file: data_20240526_015603.json
[2024-05-26T08:30:04.133+0000] {json2sql_dag.py:91} INFO - Processing data...
[2024-05-26T08:30:04.134+0000] {json2sql_dag.py:87} INFO - Processing JSON file: data_20240526_015802.json
[2024-05-26T08:30:04.142+0000] {json2sql_dag.py:91} INFO - Processing data...
[2024-05-26T08:30:04.144+0000] {json2sql_dag.py:87} INFO - Processing JSON file: data_20240526_020004.json
[2024-05-26T08:30:04.264+0000] {json2sql_dag.py:91} INFO - Processing data...
[2024-05-26T08:30:04.266+0000] {json2sql_dag.py:87} INFO - Processing JSON file: data_20240526_020203.json
[2024-05-26T08:30:04.275+0000] {json2sql_dag.py:91} INFO - Processing data...
[2024-05-26T08:30:04.277+0000] {json2sql_dag.py:87} INFO - Processing JSON file: data_20240526_020404.json
[2024-05-26T08:30:04.285+0000] {json2sql_dag.py:91} INFO - Processing data...
[2024-05-26T08:30:04.287+0000] {json2sql_dag.py:87} INFO - Processing JSON file: data_20240526_020603.json
[2024-05-26T08:30:04.294+0000] {json2sql_dag.py:91} INFO - Processing data...
[2024-05-26T08:30:04.295+0000] {json2sql_dag.py:87} INFO - Processing JSON file: data_20240526_020803.json
[2024-05-26T08:30:04.303+0000] {json2sql_dag.py:91} INFO - Processing data...
[2024-05-26T08:30:04.304+0000] {json2sql_dag.py:87} INFO - Processing JSON file: data_20240526_021003.json
[2024-05-26T08:30:04.312+0000] {json2sql_dag.py:91} INFO - Processing data...
[2024-05-26T08:30:04.314+0000] {json2sql_dag.py:87} INFO - Processing JSON file: data_20240526_021202.json
[2024-05-26T08:30:04.321+0000] {json2sql_dag.py:91} INFO - Processing data...
[2024-05-26T08:30:04.322+0000] {json2sql_dag.py:87} INFO - Processing JSON file: data_20240526_021403.json
[2024-05-26T08:30:04.329+0000] {json2sql_dag.py:91} INFO - Processing data...
[2024-05-26T08:30:04.331+0000] {json2sql_dag.py:87} INFO - Processing JSON file: data_20240526_021602.json
[2024-05-26T08:30:04.338+0000] {json2sql_dag.py:91} INFO - Processing data...
[2024-05-26T08:30:04.340+0000] {json2sql_dag.py:87} INFO - Processing JSON file: data_20240526_021803.json
[2024-05-26T08:30:04.347+0000] {json2sql_dag.py:91} INFO - Processing data...
[2024-05-26T08:30:04.348+0000] {json2sql_dag.py:87} INFO - Processing JSON file: data_20240526_022003.json
[2024-05-26T08:30:04.356+0000] {json2sql_dag.py:91} INFO - Processing data...
[2024-05-26T08:30:04.357+0000] {json2sql_dag.py:87} INFO - Processing JSON file: data_20240526_022202.json
[2024-05-26T08:30:04.365+0000] {json2sql_dag.py:91} INFO - Processing data...
[2024-05-26T08:30:04.367+0000] {json2sql_dag.py:87} INFO - Processing JSON file: data_20240526_022403.json
[2024-05-26T08:30:04.482+0000] {json2sql_dag.py:91} INFO - Processing data...
[2024-05-26T08:30:04.485+0000] {json2sql_dag.py:87} INFO - Processing JSON file: data_20240526_022603.json
[2024-05-26T08:30:04.492+0000] {json2sql_dag.py:91} INFO - Processing data...
[2024-05-26T08:30:04.494+0000] {json2sql_dag.py:87} INFO - Processing JSON file: data_20240526_022803.json
[2024-05-26T08:30:04.501+0000] {json2sql_dag.py:91} INFO - Processing data...
[2024-05-26T08:30:04.502+0000] {json2sql_dag.py:87} INFO - Processing JSON file: data_20240526_023003.json
[2024-05-26T08:30:04.509+0000] {json2sql_dag.py:91} INFO - Processing data...
[2024-05-26T08:30:04.511+0000] {json2sql_dag.py:87} INFO - Processing JSON file: data_20240526_023202.json
[2024-05-26T08:30:04.518+0000] {json2sql_dag.py:91} INFO - Processing data...
[2024-05-26T08:30:04.520+0000] {json2sql_dag.py:87} INFO - Processing JSON file: data_20240526_023403.json
[2024-05-26T08:30:04.527+0000] {json2sql_dag.py:91} INFO - Processing data...
[2024-05-26T08:30:04.528+0000] {json2sql_dag.py:87} INFO - Processing JSON file: data_20240526_023603.json
[2024-05-26T08:30:04.536+0000] {json2sql_dag.py:91} INFO - Processing data...
[2024-05-26T08:30:04.538+0000] {json2sql_dag.py:87} INFO - Processing JSON file: data_20240526_023803.json
[2024-05-26T08:30:04.551+0000] {json2sql_dag.py:91} INFO - Processing data...
[2024-05-26T08:30:04.556+0000] {json2sql_dag.py:87} INFO - Processing JSON file: data_20240526_024003.json
[2024-05-26T08:30:04.568+0000] {json2sql_dag.py:91} INFO - Processing data...
[2024-05-26T08:30:04.572+0000] {json2sql_dag.py:87} INFO - Processing JSON file: data_20240526_024203.json
[2024-05-26T08:30:04.585+0000] {json2sql_dag.py:91} INFO - Processing data...
[2024-05-26T08:30:04.589+0000] {json2sql_dag.py:87} INFO - Processing JSON file: data_20240526_024403.json
[2024-05-26T08:30:04.601+0000] {json2sql_dag.py:91} INFO - Processing data...
[2024-05-26T08:30:04.604+0000] {json2sql_dag.py:87} INFO - Processing JSON file: data_20240526_024602.json
[2024-05-26T08:30:04.617+0000] {json2sql_dag.py:91} INFO - Processing data...
[2024-05-26T08:30:04.620+0000] {json2sql_dag.py:87} INFO - Processing JSON file: data_20240526_024803.json
[2024-05-26T08:30:04.633+0000] {json2sql_dag.py:91} INFO - Processing data...
[2024-05-26T08:30:04.746+0000] {json2sql_dag.py:87} INFO - Processing JSON file: data_20240526_025004.json
[2024-05-26T08:30:04.754+0000] {json2sql_dag.py:91} INFO - Processing data...
[2024-05-26T08:30:04.757+0000] {json2sql_dag.py:87} INFO - Processing JSON file: data_20240526_025203.json
[2024-05-26T08:30:04.764+0000] {json2sql_dag.py:91} INFO - Processing data...
[2024-05-26T08:30:04.766+0000] {json2sql_dag.py:87} INFO - Processing JSON file: data_20240526_025403.json
[2024-05-26T08:30:04.773+0000] {json2sql_dag.py:91} INFO - Processing data...
[2024-05-26T08:30:04.776+0000] {json2sql_dag.py:87} INFO - Processing JSON file: data_20240526_025603.json
[2024-05-26T08:30:04.783+0000] {json2sql_dag.py:91} INFO - Processing data...
[2024-05-26T08:30:04.786+0000] {json2sql_dag.py:87} INFO - Processing JSON file: data_20240526_025803.json
[2024-05-26T08:30:04.793+0000] {json2sql_dag.py:91} INFO - Processing data...
[2024-05-26T08:30:04.795+0000] {json2sql_dag.py:87} INFO - Processing JSON file: data_20240526_030003.json
[2024-05-26T08:30:04.802+0000] {json2sql_dag.py:91} INFO - Processing data...
[2024-05-26T08:30:04.805+0000] {json2sql_dag.py:87} INFO - Processing JSON file: data_20240526_030203.json
[2024-05-26T08:30:04.813+0000] {json2sql_dag.py:91} INFO - Processing data...
[2024-05-26T08:30:04.815+0000] {json2sql_dag.py:87} INFO - Processing JSON file: data_20240526_030403.json
[2024-05-26T08:30:04.822+0000] {json2sql_dag.py:91} INFO - Processing data...
[2024-05-26T08:30:04.824+0000] {json2sql_dag.py:87} INFO - Processing JSON file: data_20240526_030603.json
[2024-05-26T08:30:04.830+0000] {json2sql_dag.py:91} INFO - Processing data...
[2024-05-26T08:30:04.832+0000] {json2sql_dag.py:87} INFO - Processing JSON file: data_20240526_030804.json
[2024-05-26T08:30:04.839+0000] {json2sql_dag.py:91} INFO - Processing data...
[2024-05-26T08:30:04.840+0000] {json2sql_dag.py:87} INFO - Processing JSON file: data_20240526_031003.json
[2024-05-26T08:30:04.847+0000] {json2sql_dag.py:91} INFO - Processing data...
[2024-05-26T08:30:04.849+0000] {json2sql_dag.py:87} INFO - Processing JSON file: data_20240526_031203.json
[2024-05-26T08:30:04.855+0000] {json2sql_dag.py:91} INFO - Processing data...
[2024-05-26T08:30:04.857+0000] {json2sql_dag.py:87} INFO - Processing JSON file: data_20240526_031403.json
[2024-05-26T08:30:04.978+0000] {json2sql_dag.py:91} INFO - Processing data...
[2024-05-26T08:30:04.980+0000] {json2sql_dag.py:87} INFO - Processing JSON file: data_20240526_031604.json
[2024-05-26T08:30:04.988+0000] {json2sql_dag.py:91} INFO - Processing data...
[2024-05-26T08:30:04.990+0000] {json2sql_dag.py:87} INFO - Processing JSON file: data_20240526_031803.json
[2024-05-26T08:30:04.998+0000] {json2sql_dag.py:91} INFO - Processing data...
[2024-05-26T08:30:05.000+0000] {json2sql_dag.py:87} INFO - Processing JSON file: data_20240526_032003.json
[2024-05-26T08:30:05.007+0000] {json2sql_dag.py:91} INFO - Processing data...
[2024-05-26T08:30:05.008+0000] {json2sql_dag.py:87} INFO - Processing JSON file: data_20240526_032203.json
[2024-05-26T08:30:05.015+0000] {json2sql_dag.py:91} INFO - Processing data...
[2024-05-26T08:30:05.017+0000] {json2sql_dag.py:87} INFO - Processing JSON file: data_20240526_032403.json
[2024-05-26T08:30:05.024+0000] {json2sql_dag.py:91} INFO - Processing data...
[2024-05-26T08:30:05.026+0000] {json2sql_dag.py:87} INFO - Processing JSON file: data_20240526_032603.json
[2024-05-26T08:30:05.032+0000] {json2sql_dag.py:91} INFO - Processing data...
[2024-05-26T08:30:05.034+0000] {json2sql_dag.py:87} INFO - Processing JSON file: data_20240526_032803.json
[2024-05-26T08:30:05.041+0000] {json2sql_dag.py:91} INFO - Processing data...
[2024-05-26T08:30:05.042+0000] {json2sql_dag.py:87} INFO - Processing JSON file: data_20240526_033003.json
[2024-05-26T08:30:05.049+0000] {json2sql_dag.py:91} INFO - Processing data...
[2024-05-26T08:30:05.050+0000] {json2sql_dag.py:87} INFO - Processing JSON file: data_20240526_033203.json
[2024-05-26T08:30:05.057+0000] {json2sql_dag.py:91} INFO - Processing data...
[2024-05-26T08:30:05.059+0000] {json2sql_dag.py:87} INFO - Processing JSON file: data_20240526_033402.json
[2024-05-26T08:30:05.066+0000] {json2sql_dag.py:91} INFO - Processing data...
[2024-05-26T08:30:05.067+0000] {json2sql_dag.py:87} INFO - Processing JSON file: data_20240526_033603.json
[2024-05-26T08:30:05.074+0000] {json2sql_dag.py:91} INFO - Processing data...
[2024-05-26T08:30:05.075+0000] {json2sql_dag.py:87} INFO - Processing JSON file: data_20240526_033806.json
[2024-05-26T08:30:05.200+0000] {json2sql_dag.py:91} INFO - Processing data...
[2024-05-26T08:30:05.202+0000] {json2sql_dag.py:87} INFO - Processing JSON file: data_20240526_034003.json
[2024-05-26T08:30:05.211+0000] {json2sql_dag.py:91} INFO - Processing data...
[2024-05-26T08:30:05.212+0000] {json2sql_dag.py:87} INFO - Processing JSON file: data_20240526_034203.json
[2024-05-26T08:30:05.219+0000] {json2sql_dag.py:91} INFO - Processing data...
[2024-05-26T08:30:05.220+0000] {json2sql_dag.py:87} INFO - Processing JSON file: data_20240526_034404.json
[2024-05-26T08:30:05.227+0000] {json2sql_dag.py:91} INFO - Processing data...
[2024-05-26T08:30:05.228+0000] {json2sql_dag.py:87} INFO - Processing JSON file: data_20240526_034603.json
[2024-05-26T08:30:05.235+0000] {json2sql_dag.py:91} INFO - Processing data...
[2024-05-26T08:30:05.236+0000] {json2sql_dag.py:87} INFO - Processing JSON file: data_20240526_034803.json
[2024-05-26T08:30:05.243+0000] {json2sql_dag.py:91} INFO - Processing data...
[2024-05-26T08:30:05.244+0000] {json2sql_dag.py:87} INFO - Processing JSON file: data_20240526_035003.json
[2024-05-26T08:30:05.251+0000] {json2sql_dag.py:91} INFO - Processing data...
[2024-05-26T08:30:05.252+0000] {json2sql_dag.py:87} INFO - Processing JSON file: data_20240526_035203.json
[2024-05-26T08:30:05.259+0000] {json2sql_dag.py:91} INFO - Processing data...
[2024-05-26T08:30:05.260+0000] {json2sql_dag.py:87} INFO - Processing JSON file: data_20240526_035403.json
[2024-05-26T08:30:05.267+0000] {json2sql_dag.py:91} INFO - Processing data...
[2024-05-26T08:30:05.268+0000] {json2sql_dag.py:87} INFO - Processing JSON file: data_20240526_035604.json
[2024-05-26T08:30:05.275+0000] {json2sql_dag.py:91} INFO - Processing data...
[2024-05-26T08:30:05.276+0000] {json2sql_dag.py:87} INFO - Processing JSON file: data_20240526_035803.json
[2024-05-26T08:30:05.283+0000] {json2sql_dag.py:91} INFO - Processing data...
[2024-05-26T08:30:05.284+0000] {json2sql_dag.py:87} INFO - Processing JSON file: data_20240526_040003.json
[2024-05-26T08:30:05.291+0000] {json2sql_dag.py:91} INFO - Processing data...
[2024-05-26T08:30:05.292+0000] {json2sql_dag.py:87} INFO - Processing JSON file: data_20240526_040203.json
[2024-05-26T08:30:05.408+0000] {json2sql_dag.py:91} INFO - Processing data...
[2024-05-26T08:30:05.411+0000] {json2sql_dag.py:87} INFO - Processing JSON file: data_20240526_040403.json
[2024-05-26T08:30:05.419+0000] {json2sql_dag.py:91} INFO - Processing data...
[2024-05-26T08:30:05.421+0000] {json2sql_dag.py:87} INFO - Processing JSON file: data_20240526_040603.json
[2024-05-26T08:30:05.429+0000] {json2sql_dag.py:91} INFO - Processing data...
[2024-05-26T08:30:05.431+0000] {json2sql_dag.py:87} INFO - Processing JSON file: data_20240526_040803.json
[2024-05-26T08:30:05.438+0000] {json2sql_dag.py:91} INFO - Processing data...
[2024-05-26T08:30:05.439+0000] {json2sql_dag.py:87} INFO - Processing JSON file: data_20240526_041003.json
[2024-05-26T08:30:05.443+0000] {json2sql_dag.py:91} INFO - Processing data...
[2024-05-26T08:30:05.445+0000] {json2sql_dag.py:87} INFO - Processing JSON file: data_20240526_041203.json
[2024-05-26T08:30:05.451+0000] {json2sql_dag.py:91} INFO - Processing data...
[2024-05-26T08:30:05.452+0000] {json2sql_dag.py:87} INFO - Processing JSON file: data_20240526_041403.json
[2024-05-26T08:30:05.460+0000] {json2sql_dag.py:91} INFO - Processing data...
[2024-05-26T08:30:05.461+0000] {json2sql_dag.py:87} INFO - Processing JSON file: data_20240526_041607.json
[2024-05-26T08:30:05.468+0000] {json2sql_dag.py:91} INFO - Processing data...
[2024-05-26T08:30:05.470+0000] {json2sql_dag.py:87} INFO - Processing JSON file: data_20240526_041804.json
[2024-05-26T08:30:05.477+0000] {json2sql_dag.py:91} INFO - Processing data...
[2024-05-26T08:30:05.478+0000] {json2sql_dag.py:87} INFO - Processing JSON file: data_20240526_042002.json
[2024-05-26T08:30:05.485+0000] {json2sql_dag.py:91} INFO - Processing data...
[2024-05-26T08:30:05.487+0000] {json2sql_dag.py:87} INFO - Processing JSON file: data_20240526_042204.json
[2024-05-26T08:30:05.494+0000] {json2sql_dag.py:91} INFO - Processing data...
[2024-05-26T08:30:05.496+0000] {json2sql_dag.py:87} INFO - Processing JSON file: data_20240526_042403.json
[2024-05-26T08:30:05.503+0000] {json2sql_dag.py:91} INFO - Processing data...
[2024-05-26T08:30:05.504+0000] {json2sql_dag.py:87} INFO - Processing JSON file: data_20240526_042602.json
[2024-05-26T08:30:05.632+0000] {json2sql_dag.py:91} INFO - Processing data...
[2024-05-26T08:30:05.635+0000] {json2sql_dag.py:87} INFO - Processing JSON file: data_20240526_042804.json
[2024-05-26T08:30:05.644+0000] {json2sql_dag.py:91} INFO - Processing data...
[2024-05-26T08:30:05.647+0000] {json2sql_dag.py:87} INFO - Processing JSON file: data_20240526_043002.json
[2024-05-26T08:30:05.654+0000] {json2sql_dag.py:91} INFO - Processing data...
[2024-05-26T08:30:05.656+0000] {json2sql_dag.py:87} INFO - Processing JSON file: data_20240526_043203.json
[2024-05-26T08:30:05.664+0000] {json2sql_dag.py:91} INFO - Processing data...
[2024-05-26T08:30:05.665+0000] {json2sql_dag.py:87} INFO - Processing JSON file: data_20240526_043403.json
[2024-05-26T08:30:05.673+0000] {json2sql_dag.py:91} INFO - Processing data...
[2024-05-26T08:30:05.674+0000] {json2sql_dag.py:87} INFO - Processing JSON file: data_20240526_043602.json
[2024-05-26T08:30:05.682+0000] {json2sql_dag.py:91} INFO - Processing data...
[2024-05-26T08:30:05.683+0000] {json2sql_dag.py:87} INFO - Processing JSON file: data_20240526_043803.json
[2024-05-26T08:30:05.690+0000] {json2sql_dag.py:91} INFO - Processing data...
[2024-05-26T08:30:05.692+0000] {json2sql_dag.py:87} INFO - Processing JSON file: data_20240526_044003.json
[2024-05-26T08:30:05.700+0000] {json2sql_dag.py:91} INFO - Processing data...
[2024-05-26T08:30:05.702+0000] {json2sql_dag.py:87} INFO - Processing JSON file: data_20240526_044203.json
[2024-05-26T08:30:05.709+0000] {json2sql_dag.py:91} INFO - Processing data...
[2024-05-26T08:30:05.711+0000] {json2sql_dag.py:87} INFO - Processing JSON file: data_20240526_044403.json
[2024-05-26T08:30:05.718+0000] {json2sql_dag.py:91} INFO - Processing data...
[2024-05-26T08:30:05.719+0000] {json2sql_dag.py:87} INFO - Processing JSON file: data_20240526_044602.json
[2024-05-26T08:30:05.726+0000] {json2sql_dag.py:91} INFO - Processing data...
[2024-05-26T08:30:05.727+0000] {json2sql_dag.py:87} INFO - Processing JSON file: data_20240526_044803.json
[2024-05-26T08:30:05.734+0000] {json2sql_dag.py:91} INFO - Processing data...
[2024-05-26T08:30:05.736+0000] {json2sql_dag.py:87} INFO - Processing JSON file: data_20240526_045002.json
[2024-05-26T08:30:05.879+0000] {json2sql_dag.py:91} INFO - Processing data...
[2024-05-26T08:30:05.882+0000] {json2sql_dag.py:87} INFO - Processing JSON file: data_20240526_045204.json
[2024-05-26T08:30:05.893+0000] {json2sql_dag.py:91} INFO - Processing data...
[2024-05-26T08:30:05.896+0000] {json2sql_dag.py:87} INFO - Processing JSON file: data_20240526_045403.json
[2024-05-26T08:30:05.907+0000] {json2sql_dag.py:91} INFO - Processing data...
[2024-05-26T08:30:05.911+0000] {json2sql_dag.py:87} INFO - Processing JSON file: data_20240526_045602.json
[2024-05-26T08:30:05.922+0000] {json2sql_dag.py:91} INFO - Processing data...
[2024-05-26T08:30:05.925+0000] {json2sql_dag.py:87} INFO - Processing JSON file: data_20240526_045804.json
[2024-05-26T08:30:05.934+0000] {json2sql_dag.py:91} INFO - Processing data...
[2024-05-26T08:30:05.936+0000] {json2sql_dag.py:87} INFO - Processing JSON file: data_20240526_050002.json
[2024-05-26T08:30:05.944+0000] {json2sql_dag.py:91} INFO - Processing data...
[2024-05-26T08:30:05.946+0000] {json2sql_dag.py:87} INFO - Processing JSON file: data_20240526_050203.json
[2024-05-26T08:30:05.955+0000] {json2sql_dag.py:91} INFO - Processing data...
[2024-05-26T08:30:05.957+0000] {json2sql_dag.py:87} INFO - Processing JSON file: data_20240526_050403.json
[2024-05-26T08:30:05.965+0000] {json2sql_dag.py:91} INFO - Processing data...
[2024-05-26T08:30:05.967+0000] {json2sql_dag.py:87} INFO - Processing JSON file: data_20240526_050603.json
[2024-05-26T08:30:05.975+0000] {json2sql_dag.py:91} INFO - Processing data...
[2024-05-26T08:30:05.977+0000] {json2sql_dag.py:87} INFO - Processing JSON file: data_20240526_050802.json
[2024-05-26T08:30:05.985+0000] {json2sql_dag.py:91} INFO - Processing data...
[2024-05-26T08:30:05.988+0000] {json2sql_dag.py:87} INFO - Processing JSON file: data_20240526_051003.json
[2024-05-26T08:30:05.996+0000] {json2sql_dag.py:91} INFO - Processing data...
[2024-05-26T08:30:05.998+0000] {json2sql_dag.py:87} INFO - Processing JSON file: data_20240526_051203.json
[2024-05-26T08:30:06.007+0000] {json2sql_dag.py:91} INFO - Processing data...
[2024-05-26T08:30:06.009+0000] {json2sql_dag.py:87} INFO - Processing JSON file: data_20240526_051404.json
[2024-05-26T08:30:06.016+0000] {json2sql_dag.py:91} INFO - Processing data...
[2024-05-26T08:30:06.141+0000] {json2sql_dag.py:87} INFO - Processing JSON file: data_20240526_051603.json
[2024-05-26T08:30:06.149+0000] {json2sql_dag.py:91} INFO - Processing data...
[2024-05-26T08:30:06.153+0000] {json2sql_dag.py:87} INFO - Processing JSON file: data_20240526_051803.json
[2024-05-26T08:30:06.163+0000] {json2sql_dag.py:91} INFO - Processing data...
[2024-05-26T08:30:06.167+0000] {json2sql_dag.py:87} INFO - Processing JSON file: data_20240526_052003.json
[2024-05-26T08:30:06.174+0000] {json2sql_dag.py:91} INFO - Processing data...
[2024-05-26T08:30:06.178+0000] {json2sql_dag.py:87} INFO - Processing JSON file: data_20240526_052204.json
[2024-05-26T08:30:06.185+0000] {json2sql_dag.py:91} INFO - Processing data...
[2024-05-26T08:30:06.187+0000] {json2sql_dag.py:87} INFO - Processing JSON file: data_20240526_052402.json
[2024-05-26T08:30:06.194+0000] {json2sql_dag.py:91} INFO - Processing data...
[2024-05-26T08:30:06.196+0000] {json2sql_dag.py:87} INFO - Processing JSON file: data_20240526_052603.json
[2024-05-26T08:30:06.203+0000] {json2sql_dag.py:91} INFO - Processing data...
[2024-05-26T08:30:06.206+0000] {json2sql_dag.py:87} INFO - Processing JSON file: data_20240526_052803.json
[2024-05-26T08:30:06.213+0000] {json2sql_dag.py:91} INFO - Processing data...
[2024-05-26T08:30:06.215+0000] {json2sql_dag.py:87} INFO - Processing JSON file: data_20240526_053003.json
[2024-05-26T08:30:06.222+0000] {json2sql_dag.py:91} INFO - Processing data...
[2024-05-26T08:30:06.225+0000] {json2sql_dag.py:87} INFO - Processing JSON file: data_20240526_053203.json
[2024-05-26T08:30:06.232+0000] {json2sql_dag.py:91} INFO - Processing data...
[2024-05-26T08:30:06.235+0000] {json2sql_dag.py:87} INFO - Processing JSON file: data_20240526_053403.json
[2024-05-26T08:30:06.242+0000] {json2sql_dag.py:91} INFO - Processing data...
[2024-05-26T08:30:06.244+0000] {json2sql_dag.py:87} INFO - Processing JSON file: data_20240526_053603.json
[2024-05-26T08:30:06.251+0000] {json2sql_dag.py:91} INFO - Processing data...
[2024-05-26T08:30:06.253+0000] {json2sql_dag.py:87} INFO - Processing JSON file: data_20240526_053805.json
[2024-05-26T08:30:06.260+0000] {json2sql_dag.py:91} INFO - Processing data...
[2024-05-26T08:30:06.263+0000] {json2sql_dag.py:87} INFO - Processing JSON file: data_20240526_054002.json
[2024-05-26T08:30:06.388+0000] {json2sql_dag.py:91} INFO - Processing data...
[2024-05-26T08:30:06.390+0000] {json2sql_dag.py:87} INFO - Processing JSON file: data_20240526_054203.json
[2024-05-26T08:30:06.399+0000] {json2sql_dag.py:91} INFO - Processing data...
[2024-05-26T08:30:06.401+0000] {json2sql_dag.py:87} INFO - Processing JSON file: data_20240526_054403.json
[2024-05-26T08:30:06.409+0000] {json2sql_dag.py:91} INFO - Processing data...
[2024-05-26T08:30:06.410+0000] {json2sql_dag.py:87} INFO - Processing JSON file: data_20240526_054603.json
[2024-05-26T08:30:06.417+0000] {json2sql_dag.py:91} INFO - Processing data...
[2024-05-26T08:30:06.419+0000] {json2sql_dag.py:87} INFO - Processing JSON file: data_20240526_054803.json
[2024-05-26T08:30:06.426+0000] {json2sql_dag.py:91} INFO - Processing data...
[2024-05-26T08:30:06.427+0000] {json2sql_dag.py:87} INFO - Processing JSON file: data_20240526_055003.json
[2024-05-26T08:30:06.435+0000] {json2sql_dag.py:91} INFO - Processing data...
[2024-05-26T08:30:06.437+0000] {json2sql_dag.py:87} INFO - Processing JSON file: data_20240526_055203.json
[2024-05-26T08:30:06.444+0000] {json2sql_dag.py:91} INFO - Processing data...
[2024-05-26T08:30:06.446+0000] {json2sql_dag.py:87} INFO - Processing JSON file: data_20240526_055402.json
[2024-05-26T08:30:06.453+0000] {json2sql_dag.py:91} INFO - Processing data...
[2024-05-26T08:30:06.455+0000] {json2sql_dag.py:87} INFO - Processing JSON file: data_20240526_055603.json
[2024-05-26T08:30:06.462+0000] {json2sql_dag.py:91} INFO - Processing data...
[2024-05-26T08:30:06.463+0000] {json2sql_dag.py:87} INFO - Processing JSON file: data_20240526_055804.json
[2024-05-26T08:30:06.469+0000] {json2sql_dag.py:91} INFO - Processing data...
[2024-05-26T08:30:06.471+0000] {json2sql_dag.py:87} INFO - Processing JSON file: data_20240526_060003.json
[2024-05-26T08:30:06.481+0000] {json2sql_dag.py:91} INFO - Processing data...
[2024-05-26T08:30:06.483+0000] {json2sql_dag.py:87} INFO - Processing JSON file: data_20240526_060203.json
[2024-05-26T08:30:06.490+0000] {json2sql_dag.py:91} INFO - Processing data...
[2024-05-26T08:30:06.491+0000] {json2sql_dag.py:87} INFO - Processing JSON file: data_20240526_060403.json
[2024-05-26T08:30:06.614+0000] {json2sql_dag.py:91} INFO - Processing data...
[2024-05-26T08:30:06.616+0000] {json2sql_dag.py:87} INFO - Processing JSON file: data_20240526_060603.json
[2024-05-26T08:30:06.624+0000] {json2sql_dag.py:91} INFO - Processing data...
[2024-05-26T08:30:06.626+0000] {json2sql_dag.py:87} INFO - Processing JSON file: data_20240526_060803.json
[2024-05-26T08:30:06.629+0000] {json2sql_dag.py:91} INFO - Processing data...
[2024-05-26T08:30:06.630+0000] {json2sql_dag.py:87} INFO - Processing JSON file: data_20240526_061003.json
[2024-05-26T08:30:06.637+0000] {json2sql_dag.py:91} INFO - Processing data...
[2024-05-26T08:30:06.638+0000] {json2sql_dag.py:87} INFO - Processing JSON file: data_20240526_061203.json
[2024-05-26T08:30:06.645+0000] {json2sql_dag.py:91} INFO - Processing data...
[2024-05-26T08:30:06.647+0000] {json2sql_dag.py:87} INFO - Processing JSON file: data_20240526_061403.json
[2024-05-26T08:30:06.654+0000] {json2sql_dag.py:91} INFO - Processing data...
[2024-05-26T08:30:06.655+0000] {json2sql_dag.py:87} INFO - Processing JSON file: data_20240526_061604.json
[2024-05-26T08:30:06.662+0000] {json2sql_dag.py:91} INFO - Processing data...
[2024-05-26T08:30:06.663+0000] {json2sql_dag.py:87} INFO - Processing JSON file: data_20240526_061803.json
[2024-05-26T08:30:06.670+0000] {json2sql_dag.py:91} INFO - Processing data...
[2024-05-26T08:30:06.672+0000] {json2sql_dag.py:87} INFO - Processing JSON file: data_20240526_062003.json
[2024-05-26T08:30:06.679+0000] {json2sql_dag.py:91} INFO - Processing data...
[2024-05-26T08:30:06.680+0000] {json2sql_dag.py:87} INFO - Processing JSON file: data_20240526_062203.json
[2024-05-26T08:30:06.688+0000] {json2sql_dag.py:91} INFO - Processing data...
[2024-05-26T08:30:06.689+0000] {json2sql_dag.py:87} INFO - Processing JSON file: data_20240526_062402.json
[2024-05-26T08:30:06.696+0000] {json2sql_dag.py:91} INFO - Processing data...
[2024-05-26T08:30:06.698+0000] {json2sql_dag.py:87} INFO - Processing JSON file: data_20240526_062602.json
[2024-05-26T08:30:06.705+0000] {json2sql_dag.py:91} INFO - Processing data...
[2024-05-26T08:30:06.706+0000] {json2sql_dag.py:87} INFO - Processing JSON file: data_20240526_062803.json
[2024-05-26T08:30:06.853+0000] {json2sql_dag.py:91} INFO - Processing data...
[2024-05-26T08:30:06.857+0000] {json2sql_dag.py:87} INFO - Processing JSON file: data_20240526_063003.json
[2024-05-26T08:30:06.866+0000] {json2sql_dag.py:91} INFO - Processing data...
[2024-05-26T08:30:06.869+0000] {json2sql_dag.py:87} INFO - Processing JSON file: data_20240526_063204.json
[2024-05-26T08:30:06.877+0000] {json2sql_dag.py:91} INFO - Processing data...
[2024-05-26T08:30:06.879+0000] {json2sql_dag.py:87} INFO - Processing JSON file: data_20240526_063403.json
[2024-05-26T08:30:06.887+0000] {json2sql_dag.py:91} INFO - Processing data...
[2024-05-26T08:30:06.889+0000] {json2sql_dag.py:87} INFO - Processing JSON file: data_20240526_063603.json
[2024-05-26T08:30:06.898+0000] {json2sql_dag.py:91} INFO - Processing data...
[2024-05-26T08:30:06.899+0000] {json2sql_dag.py:87} INFO - Processing JSON file: data_20240526_063804.json
[2024-05-26T08:30:06.907+0000] {json2sql_dag.py:91} INFO - Processing data...
[2024-05-26T08:30:06.910+0000] {json2sql_dag.py:87} INFO - Processing JSON file: data_20240526_064004.json
[2024-05-26T08:30:06.917+0000] {json2sql_dag.py:91} INFO - Processing data...
[2024-05-26T08:30:06.919+0000] {json2sql_dag.py:87} INFO - Processing JSON file: data_20240526_064203.json
[2024-05-26T08:30:06.927+0000] {json2sql_dag.py:91} INFO - Processing data...
[2024-05-26T08:30:06.929+0000] {json2sql_dag.py:87} INFO - Processing JSON file: data_20240526_064403.json
[2024-05-26T08:30:06.937+0000] {json2sql_dag.py:91} INFO - Processing data...
[2024-05-26T08:30:06.938+0000] {json2sql_dag.py:87} INFO - Processing JSON file: data_20240526_064603.json
[2024-05-26T08:30:06.946+0000] {json2sql_dag.py:91} INFO - Processing data...
[2024-05-26T08:30:06.947+0000] {json2sql_dag.py:87} INFO - Processing JSON file: data_20240526_064803.json
[2024-05-26T08:30:06.955+0000] {json2sql_dag.py:91} INFO - Processing data...
[2024-05-26T08:30:06.957+0000] {json2sql_dag.py:87} INFO - Processing JSON file: data_20240526_065003.json
[2024-05-26T08:30:06.965+0000] {json2sql_dag.py:91} INFO - Processing data...
[2024-05-26T08:30:06.967+0000] {json2sql_dag.py:87} INFO - Processing JSON file: data_20240526_065203.json
[2024-05-26T08:30:07.093+0000] {json2sql_dag.py:91} INFO - Processing data...
[2024-05-26T08:30:07.096+0000] {json2sql_dag.py:87} INFO - Processing JSON file: data_20240526_065402.json
[2024-05-26T08:30:07.104+0000] {json2sql_dag.py:91} INFO - Processing data...
[2024-05-26T08:30:07.106+0000] {json2sql_dag.py:87} INFO - Processing JSON file: data_20240526_065603.json
[2024-05-26T08:30:07.113+0000] {json2sql_dag.py:91} INFO - Processing data...
[2024-05-26T08:30:07.115+0000] {json2sql_dag.py:87} INFO - Processing JSON file: data_20240526_065802.json
[2024-05-26T08:30:07.121+0000] {json2sql_dag.py:91} INFO - Processing data...
[2024-05-26T08:30:07.123+0000] {json2sql_dag.py:87} INFO - Processing JSON file: data_20240526_070003.json
[2024-05-26T08:30:07.130+0000] {json2sql_dag.py:91} INFO - Processing data...
[2024-05-26T08:30:07.131+0000] {json2sql_dag.py:87} INFO - Processing JSON file: data_20240526_070203.json
[2024-05-26T08:30:07.138+0000] {json2sql_dag.py:91} INFO - Processing data...
[2024-05-26T08:30:07.140+0000] {json2sql_dag.py:87} INFO - Processing JSON file: data_20240526_070403.json
[2024-05-26T08:30:07.147+0000] {json2sql_dag.py:91} INFO - Processing data...
[2024-05-26T08:30:07.148+0000] {json2sql_dag.py:87} INFO - Processing JSON file: data_20240526_070604.json
[2024-05-26T08:30:07.155+0000] {json2sql_dag.py:91} INFO - Processing data...
[2024-05-26T08:30:07.156+0000] {json2sql_dag.py:87} INFO - Processing JSON file: data_20240526_070803.json
[2024-05-26T08:30:07.163+0000] {json2sql_dag.py:91} INFO - Processing data...
[2024-05-26T08:30:07.164+0000] {json2sql_dag.py:87} INFO - Processing JSON file: data_20240526_071003.json
[2024-05-26T08:30:07.171+0000] {json2sql_dag.py:91} INFO - Processing data...
[2024-05-26T08:30:07.173+0000] {json2sql_dag.py:87} INFO - Processing JSON file: data_20240526_071203.json
[2024-05-26T08:30:07.180+0000] {json2sql_dag.py:91} INFO - Processing data...
[2024-05-26T08:30:07.182+0000] {json2sql_dag.py:87} INFO - Processing JSON file: data_20240526_071403.json
[2024-05-26T08:30:07.189+0000] {json2sql_dag.py:91} INFO - Processing data...
[2024-05-26T08:30:07.190+0000] {json2sql_dag.py:87} INFO - Processing JSON file: data_20240526_071603.json
[2024-05-26T08:30:07.313+0000] {json2sql_dag.py:91} INFO - Processing data...
[2024-05-26T08:30:07.316+0000] {json2sql_dag.py:87} INFO - Processing JSON file: data_20240526_071803.json
[2024-05-26T08:30:07.324+0000] {json2sql_dag.py:91} INFO - Processing data...
[2024-05-26T08:30:07.327+0000] {json2sql_dag.py:87} INFO - Processing JSON file: data_20240526_072003.json
[2024-05-26T08:30:07.334+0000] {json2sql_dag.py:91} INFO - Processing data...
[2024-05-26T08:30:07.336+0000] {json2sql_dag.py:87} INFO - Processing JSON file: data_20240526_072203.json
[2024-05-26T08:30:07.343+0000] {json2sql_dag.py:91} INFO - Processing data...
[2024-05-26T08:30:07.344+0000] {json2sql_dag.py:87} INFO - Processing JSON file: data_20240526_072404.json
[2024-05-26T08:30:07.350+0000] {json2sql_dag.py:91} INFO - Processing data...
[2024-05-26T08:30:07.352+0000] {json2sql_dag.py:87} INFO - Processing JSON file: data_20240526_072603.json
[2024-05-26T08:30:07.359+0000] {json2sql_dag.py:91} INFO - Processing data...
[2024-05-26T08:30:07.360+0000] {json2sql_dag.py:87} INFO - Processing JSON file: data_20240526_072802.json
[2024-05-26T08:30:07.367+0000] {json2sql_dag.py:91} INFO - Processing data...
[2024-05-26T08:30:07.368+0000] {json2sql_dag.py:87} INFO - Processing JSON file: data_20240526_073003.json
[2024-05-26T08:30:07.375+0000] {json2sql_dag.py:91} INFO - Processing data...
[2024-05-26T08:30:07.377+0000] {json2sql_dag.py:87} INFO - Processing JSON file: data_20240526_073203.json
[2024-05-26T08:30:07.384+0000] {json2sql_dag.py:91} INFO - Processing data...
[2024-05-26T08:30:07.385+0000] {json2sql_dag.py:87} INFO - Processing JSON file: data_20240526_073403.json
[2024-05-26T08:30:07.392+0000] {json2sql_dag.py:91} INFO - Processing data...
[2024-05-26T08:30:07.393+0000] {json2sql_dag.py:87} INFO - Processing JSON file: data_20240526_073604.json
[2024-05-26T08:30:07.400+0000] {json2sql_dag.py:91} INFO - Processing data...
[2024-05-26T08:30:07.402+0000] {json2sql_dag.py:87} INFO - Processing JSON file: data_20240526_073803.json
[2024-05-26T08:30:07.409+0000] {json2sql_dag.py:91} INFO - Processing data...
[2024-05-26T08:30:07.410+0000] {json2sql_dag.py:87} INFO - Processing JSON file: data_20240526_074003.json
[2024-05-26T08:30:07.417+0000] {json2sql_dag.py:91} INFO - Processing data...
[2024-05-26T08:30:07.537+0000] {json2sql_dag.py:87} INFO - Processing JSON file: data_20240526_074203.json
[2024-05-26T08:30:07.545+0000] {json2sql_dag.py:91} INFO - Processing data...
[2024-05-26T08:30:07.548+0000] {json2sql_dag.py:87} INFO - Processing JSON file: data_20240526_074403.json
[2024-05-26T08:30:07.555+0000] {json2sql_dag.py:91} INFO - Processing data...
[2024-05-26T08:30:07.557+0000] {json2sql_dag.py:87} INFO - Processing JSON file: data_20240526_074603.json
[2024-05-26T08:30:07.565+0000] {json2sql_dag.py:91} INFO - Processing data...
[2024-05-26T08:30:07.568+0000] {json2sql_dag.py:87} INFO - Processing JSON file: data_20240526_074803.json
[2024-05-26T08:30:07.575+0000] {json2sql_dag.py:91} INFO - Processing data...
[2024-05-26T08:30:07.577+0000] {json2sql_dag.py:87} INFO - Processing JSON file: data_20240526_075003.json
[2024-05-26T08:30:07.584+0000] {json2sql_dag.py:91} INFO - Processing data...
[2024-05-26T08:30:07.586+0000] {json2sql_dag.py:87} INFO - Processing JSON file: data_20240526_075202.json
[2024-05-26T08:30:07.593+0000] {json2sql_dag.py:91} INFO - Processing data...
[2024-05-26T08:30:07.595+0000] {json2sql_dag.py:87} INFO - Processing JSON file: data_20240526_075403.json
[2024-05-26T08:30:07.602+0000] {json2sql_dag.py:91} INFO - Processing data...
[2024-05-26T08:30:07.603+0000] {json2sql_dag.py:87} INFO - Processing JSON file: data_20240526_075604.json
[2024-05-26T08:30:07.610+0000] {json2sql_dag.py:91} INFO - Processing data...
[2024-05-26T08:30:07.611+0000] {json2sql_dag.py:87} INFO - Processing JSON file: data_20240526_075804.json
[2024-05-26T08:30:07.618+0000] {json2sql_dag.py:91} INFO - Processing data...
[2024-05-26T08:30:07.620+0000] {json2sql_dag.py:87} INFO - Processing JSON file: data_20240526_080004.json
[2024-05-26T08:30:07.626+0000] {json2sql_dag.py:91} INFO - Processing data...
[2024-05-26T08:30:07.628+0000] {json2sql_dag.py:87} INFO - Processing JSON file: data_20240526_080203.json
[2024-05-26T08:30:07.635+0000] {json2sql_dag.py:91} INFO - Processing data...
[2024-05-26T08:30:07.637+0000] {json2sql_dag.py:87} INFO - Processing JSON file: data_20240526_080403.json
[2024-05-26T08:30:07.643+0000] {json2sql_dag.py:91} INFO - Processing data...
[2024-05-26T08:30:07.645+0000] {json2sql_dag.py:87} INFO - Processing JSON file: data_20240526_080908.json
[2024-05-26T08:30:07.781+0000] {json2sql_dag.py:91} INFO - Processing data...
[2024-05-26T08:30:07.784+0000] {json2sql_dag.py:87} INFO - Processing JSON file: data_20240526_081002.json
[2024-05-26T08:30:07.788+0000] {json2sql_dag.py:91} INFO - Processing data...
[2024-05-26T08:30:07.790+0000] {json2sql_dag.py:87} INFO - Processing JSON file: data_20240526_081203.json
[2024-05-26T08:30:07.796+0000] {json2sql_dag.py:91} INFO - Processing data...
[2024-05-26T08:30:07.797+0000] {json2sql_dag.py:87} INFO - Processing JSON file: data_20240526_081404.json
[2024-05-26T08:30:07.804+0000] {json2sql_dag.py:91} INFO - Processing data...
[2024-05-26T08:30:07.806+0000] {json2sql_dag.py:87} INFO - Processing JSON file: data_20240526_081603.json
[2024-05-26T08:30:07.813+0000] {json2sql_dag.py:91} INFO - Processing data...
[2024-05-26T08:30:07.814+0000] {json2sql_dag.py:87} INFO - Processing JSON file: data_20240526_081803.json
[2024-05-26T08:30:07.821+0000] {json2sql_dag.py:91} INFO - Processing data...
[2024-05-26T08:30:07.822+0000] {json2sql_dag.py:87} INFO - Processing JSON file: data_20240526_082003.json
[2024-05-26T08:30:07.829+0000] {json2sql_dag.py:91} INFO - Processing data...
[2024-05-26T08:30:07.830+0000] {json2sql_dag.py:87} INFO - Processing JSON file: data_20240526_082203.json
[2024-05-26T08:30:07.837+0000] {json2sql_dag.py:91} INFO - Processing data...
[2024-05-26T08:30:07.838+0000] {json2sql_dag.py:87} INFO - Processing JSON file: data_20240526_082403.json
[2024-05-26T08:30:07.845+0000] {json2sql_dag.py:91} INFO - Processing data...
[2024-05-26T08:30:07.846+0000] {json2sql_dag.py:87} INFO - Processing JSON file: data_20240526_082604.json
[2024-05-26T08:30:07.853+0000] {json2sql_dag.py:91} INFO - Processing data...
[2024-05-26T08:30:07.855+0000] {json2sql_dag.py:111} INFO - Data processing completed. Processed 346436 records.
[2024-05-26T08:30:10.559+0000] {python.py:201} INFO - Done. Returned value was: None
[2024-05-26T08:30:10.565+0000] {taskinstance.py:1138} INFO - Marking task as SUCCESS. dag_id=json2sql_dag, task_id=process_data_task, execution_date=20240526T082800, start_date=20240526T083003, end_date=20240526T083010
[2024-05-26T08:30:10.667+0000] {local_task_job_runner.py:234} INFO - Task exited with return code 0
[2024-05-26T08:30:10.679+0000] {taskinstance.py:3280} INFO - 1 downstream tasks scheduled from follow-on schedule check
